Checking whether the ASM_NASM compiler is GNU using "--version" did not match "(GNU assembler)|(GCC)|(Free Software Foundation)":
Checking whether the ASM_NASM compiler is HP using "-V" did not match "HP C":
Checking whether the ASM_NASM compiler is Intel using "--version" did not match "(ICC)":
Checking whether the ASM_NASM compiler is SunPro using "-V" did not match "Sun C":
Checking whether the ASM_NASM compiler is XL using "-qversion" did not match "XL C":
Checking whether the ASM_NASM compiler is MSVC using "/?" did not match "Microsoft":
Checking whether the ASM_NASM compiler is TI_DSP using "-h" did not match "Texas Instruments":
Determining if the include file bsd/wchar.h exists failed with the following output:
Change Dir: /tmp/darling/CMakeFiles/CMakeTmp

Run Build Command:/usr/bin/make "cmTryCompileExec/fast"
/usr/bin/make -f CMakeFiles/cmTryCompileExec.dir/build.make CMakeFiles/cmTryCompileExec.dir/build
make[1]: Entering directory `/tmp/darling/CMakeFiles/CMakeTmp'
/usr/bin/cmake -E cmake_progress_report /tmp/darling/CMakeFiles/CMakeTmp/CMakeFiles 1
Building C object CMakeFiles/cmTryCompileExec.dir/CheckIncludeFile.c.o
/usr/bin/clang    -o CMakeFiles/cmTryCompileExec.dir/CheckIncludeFile.c.o   -c /tmp/darling/CMakeFiles/CMakeTmp/CheckIncludeFile.c
/tmp/darling/CMakeFiles/CMakeTmp/CheckIncludeFile.c:1:10: fatal error: 'bsd/wchar.h' file not found
#include <bsd/wchar.h>
         ^
1 error generated.
make[1]: *** [CMakeFiles/cmTryCompileExec.dir/CheckIncludeFile.c.o] Error 1
make[1]: Leaving directory `/tmp/darling/CMakeFiles/CMakeTmp'
make: *** [cmTryCompileExec/fast] Error 2


