Determining if the pthread_create exist failed with the following output:
Change Dir: /tmp/codereason/build/CMakeFiles/CMakeTmp

Run Build Command:/usr/bin/make "cmTryCompileExec3915460514/fast"
/usr/bin/make -f CMakeFiles/cmTryCompileExec3915460514.dir/build.make CMakeFiles/cmTryCompileExec3915460514.dir/build
make[1]: Entering directory `/tmp/codereason/build/CMakeFiles/CMakeTmp'
/usr/bin/cmake -E cmake_progress_report /tmp/codereason/build/CMakeFiles/CMakeTmp/CMakeFiles 1
Building C object CMakeFiles/cmTryCompileExec3915460514.dir/CheckSymbolExists.c.o
/usr/bin/gcc    -o CMakeFiles/cmTryCompileExec3915460514.dir/CheckSymbolExists.c.o   -c /tmp/codereason/build/CMakeFiles/CMakeTmp/CheckSymbolExists.c
Linking C executable cmTryCompileExec3915460514
/usr/bin/cmake -E cmake_link_script CMakeFiles/cmTryCompileExec3915460514.dir/link.txt --verbose=1
/usr/bin/gcc       CMakeFiles/cmTryCompileExec3915460514.dir/CheckSymbolExists.c.o  -o cmTryCompileExec3915460514 -rdynamic 
CMakeFiles/cmTryCompileExec3915460514.dir/CheckSymbolExists.c.o: In function `main':
CheckSymbolExists.c:(.text+0x16): undefined reference to `pthread_create'
collect2: error: ld returned 1 exit status
make[1]: *** [cmTryCompileExec3915460514] Error 1
make[1]: Leaving directory `/tmp/codereason/build/CMakeFiles/CMakeTmp'
make: *** [cmTryCompileExec3915460514/fast] Error 2

File /tmp/codereason/build/CMakeFiles/CMakeTmp/CheckSymbolExists.c:
/* */
#include <pthread.h>

int main(int argc, char** argv)
{
  (void)argv;
#ifndef pthread_create
  return ((int*)(&pthread_create))[argc];
#else
  (void)argc;
  return 0;
#endif
}

Determining if the function pthread_create exists in the pthreads failed with the following output:
Change Dir: /tmp/codereason/build/CMakeFiles/CMakeTmp

Run Build Command:/usr/bin/make "cmTryCompileExec3840696861/fast"
/usr/bin/make -f CMakeFiles/cmTryCompileExec3840696861.dir/build.make CMakeFiles/cmTryCompileExec3840696861.dir/build
make[1]: Entering directory `/tmp/codereason/build/CMakeFiles/CMakeTmp'
/usr/bin/cmake -E cmake_progress_report /tmp/codereason/build/CMakeFiles/CMakeTmp/CMakeFiles 1
Building C object CMakeFiles/cmTryCompileExec3840696861.dir/CheckFunctionExists.c.o
/usr/bin/gcc   -DCHECK_FUNCTION_EXISTS=pthread_create   -o CMakeFiles/cmTryCompileExec3840696861.dir/CheckFunctionExists.c.o   -c /usr/share/cmake-2.8/Modules/CheckFunctionExists.c
Linking C executable cmTryCompileExec3840696861
/usr/bin/cmake -E cmake_link_script CMakeFiles/cmTryCompileExec3840696861.dir/link.txt --verbose=1
/usr/bin/gcc   -DCHECK_FUNCTION_EXISTS=pthread_create    CMakeFiles/cmTryCompileExec3840696861.dir/CheckFunctionExists.c.o  -o cmTryCompileExec3840696861 -rdynamic -lpthreads 
/usr/bin/ld: cannot find -lpthreads
collect2: error: ld returned 1 exit status
make[1]: *** [cmTryCompileExec3840696861] Error 1
make[1]: Leaving directory `/tmp/codereason/build/CMakeFiles/CMakeTmp'
make: *** [cmTryCompileExec3840696861/fast] Error 2


