The system is: Linux - 3.2.0-23-virtual - x86_64
Compiling the C compiler identification source file "CMakeCCompilerId.c" succeeded.
Compiler: /usr/bin/cc 
Build flags: 
Id flags: 

The output was:
0


Compilation of the C compiler identification source "CMakeCCompilerId.c" produced "a.out"

The C compiler identification is GNU, found in "/home/ubuntu/src/github.com/vdun/stoke/stoke/stp/build/CMakeFiles/2.8.12.2/CompilerIdC/a.out"

Compiling the CXX compiler identification source file "CMakeCXXCompilerId.cpp" succeeded.
Compiler: /usr/bin/c++ 
Build flags: 
Id flags: 

The output was:
0


Compilation of the CXX compiler identification source "CMakeCXXCompilerId.cpp" produced "a.out"

The CXX compiler identification is GNU, found in "/home/ubuntu/src/github.com/vdun/stoke/stoke/stp/build/CMakeFiles/2.8.12.2/CompilerIdCXX/a.out"

Determining if the C compiler works passed with the following output:
Change Dir: /home/ubuntu/src/github.com/vdun/stoke/stoke/stp/build/CMakeFiles/CMakeTmp

Run Build Command:/usr/bin/make "cmTryCompileExec3884090841/fast"
/usr/bin/make -f CMakeFiles/cmTryCompileExec3884090841.dir/build.make CMakeFiles/cmTryCompileExec3884090841.dir/build
make[1]: Entering directory `/home/ubuntu/src/github.com/vdun/stoke/stoke/stp/build/CMakeFiles/CMakeTmp'
/usr/bin/cmake -E cmake_progress_report /home/ubuntu/src/github.com/vdun/stoke/stoke/stp/build/CMakeFiles/CMakeTmp/CMakeFiles 1
Building C object CMakeFiles/cmTryCompileExec3884090841.dir/testCCompiler.c.o
/usr/bin/cc    -o CMakeFiles/cmTryCompileExec3884090841.dir/testCCompiler.c.o   -c /home/ubuntu/src/github.com/vdun/stoke/stoke/stp/build/CMakeFiles/CMakeTmp/testCCompiler.c
Linking C executable cmTryCompileExec3884090841
/usr/bin/cmake -E cmake_link_script CMakeFiles/cmTryCompileExec3884090841.dir/link.txt --verbose=1
/usr/bin/cc       CMakeFiles/cmTryCompileExec3884090841.dir/testCCompiler.c.o  -o cmTryCompileExec3884090841 -rdynamic 
make[1]: Leaving directory `/home/ubuntu/src/github.com/vdun/stoke/stoke/stp/build/CMakeFiles/CMakeTmp'


Detecting C compiler ABI info compiled with the following output:
Change Dir: /home/ubuntu/src/github.com/vdun/stoke/stoke/stp/build/CMakeFiles/CMakeTmp

Run Build Command:/usr/bin/make "cmTryCompileExec737917636/fast"
/usr/bin/make -f CMakeFiles/cmTryCompileExec737917636.dir/build.make CMakeFiles/cmTryCompileExec737917636.dir/build
make[1]: Entering directory `/home/ubuntu/src/github.com/vdun/stoke/stoke/stp/build/CMakeFiles/CMakeTmp'
/usr/bin/cmake -E cmake_progress_report /home/ubuntu/src/github.com/vdun/stoke/stoke/stp/build/CMakeFiles/CMakeTmp/CMakeFiles 1
Building C object CMakeFiles/cmTryCompileExec737917636.dir/CMakeCCompilerABI.c.o
/usr/bin/cc    -o CMakeFiles/cmTryCompileExec737917636.dir/CMakeCCompilerABI.c.o   -c /usr/share/cmake-2.8/Modules/CMakeCCompilerABI.c
Linking C executable cmTryCompileExec737917636
/usr/bin/cmake -E cmake_link_script CMakeFiles/cmTryCompileExec737917636.dir/link.txt --verbose=1
/usr/bin/cc     -v CMakeFiles/cmTryCompileExec737917636.dir/CMakeCCompilerABI.c.o  -o cmTryCompileExec737917636 -rdynamic  
Using built-in specs.
COLLECT_GCC=/usr/bin/cc
COLLECT_LTO_WRAPPER=/usr/lib/gcc/x86_64-linux-gnu/4.6/lto-wrapper
Target: x86_64-linux-gnu
Configured with: ../src/configure -v --with-pkgversion='Ubuntu/Linaro 4.6.3-1ubuntu5' --with-bugurl=file:///usr/share/doc/gcc-4.6/README.Bugs --enable-languages=c,c++,fortran,objc,obj-c++ --prefix=/usr --program-suffix=-4.6 --enable-shared --enable-linker-build-id --with-system-zlib --libexecdir=/usr/lib --without-included-gettext --enable-threads=posix --with-gxx-include-dir=/usr/include/c++/4.6 --libdir=/usr/lib --enable-nls --with-sysroot=/ --enable-clocale=gnu --enable-libstdcxx-debug --enable-libstdcxx-time=yes --enable-gnu-unique-object --enable-plugin --enable-objc-gc --disable-werror --with-arch-32=i686 --with-tune=generic --enable-checking=release --build=x86_64-linux-gnu --host=x86_64-linux-gnu --target=x86_64-linux-gnu
Thread model: posix
gcc version 4.6.3 (Ubuntu/Linaro 4.6.3-1ubuntu5) 
COMPILER_PATH=/usr/lib/gcc/x86_64-linux-gnu/4.6/:/usr/lib/gcc/x86_64-linux-gnu/4.6/:/usr/lib/gcc/x86_64-linux-gnu/:/usr/lib/gcc/x86_64-linux-gnu/4.6/:/usr/lib/gcc/x86_64-linux-gnu/
LIBRARY_PATH=/usr/lib/gcc/x86_64-linux-gnu/4.6/:/usr/lib/gcc/x86_64-linux-gnu/4.6/../../../x86_64-linux-gnu/:/usr/lib/gcc/x86_64-linux-gnu/4.6/../../../../lib/:/lib/x86_64-linux-gnu/:/lib/../lib/:/usr/lib/x86_64-linux-gnu/:/usr/lib/../lib/:/usr/lib/gcc/x86_64-linux-gnu/4.6/../../../:/lib/:/usr/lib/
COLLECT_GCC_OPTIONS='-v' '-o' 'cmTryCompileExec737917636' '-rdynamic' '-mtune=generic' '-march=x86-64'
 /usr/lib/gcc/x86_64-linux-gnu/4.6/collect2 --sysroot=/ --build-id --no-add-needed --as-needed --eh-frame-hdr -m elf_x86_64 --hash-style=gnu -export-dynamic -dynamic-linker /lib64/ld-linux-x86-64.so.2 -z relro -o cmTryCompileExec737917636 /usr/lib/gcc/x86_64-linux-gnu/4.6/../../../x86_64-linux-gnu/crt1.o /usr/lib/gcc/x86_64-linux-gnu/4.6/../../../x86_64-linux-gnu/crti.o /usr/lib/gcc/x86_64-linux-gnu/4.6/crtbegin.o -L/usr/lib/gcc/x86_64-linux-gnu/4.6 -L/usr/lib/gcc/x86_64-linux-gnu/4.6/../../../x86_64-linux-gnu -L/usr/lib/gcc/x86_64-linux-gnu/4.6/../../../../lib -L/lib/x86_64-linux-gnu -L/lib/../lib -L/usr/lib/x86_64-linux-gnu -L/usr/lib/../lib -L/usr/lib/gcc/x86_64-linux-gnu/4.6/../../.. CMakeFiles/cmTryCompileExec737917636.dir/CMakeCCompilerABI.c.o -lgcc --as-needed -lgcc_s --no-as-needed -lc -lgcc --as-needed -lgcc_s --no-as-needed /usr/lib/gcc/x86_64-linux-gnu/4.6/crtend.o /usr/lib/gcc/x86_64-linux-gnu/4.6/../../../x86_64-linux-gnu/crtn.o
make[1]: Leaving directory `/home/ubuntu/src/github.com/vdun/stoke/stoke/stp/build/CMakeFiles/CMakeTmp'


Parsed C implicit link information from above output:
  link line regex: [^( *|.*[/\])(ld|([^/\]+-)?ld|collect2)[^/\]*( |$)]
  ignore line: [Change Dir: /home/ubuntu/src/github.com/vdun/stoke/stoke/stp/build/CMakeFiles/CMakeTmp]
  ignore line: []
  ignore line: [Run Build Command:/usr/bin/make "cmTryCompileExec737917636/fast"]
  ignore line: [/usr/bin/make -f CMakeFiles/cmTryCompileExec737917636.dir/build.make CMakeFiles/cmTryCompileExec737917636.dir/build]
  ignore line: [make[1]: Entering directory `/home/ubuntu/src/github.com/vdun/stoke/stoke/stp/build/CMakeFiles/CMakeTmp']
  ignore line: [/usr/bin/cmake -E cmake_progress_report /home/ubuntu/src/github.com/vdun/stoke/stoke/stp/build/CMakeFiles/CMakeTmp/CMakeFiles 1]
  ignore line: [Building C object CMakeFiles/cmTryCompileExec737917636.dir/CMakeCCompilerABI.c.o]
  ignore line: [/usr/bin/cc    -o CMakeFiles/cmTryCompileExec737917636.dir/CMakeCCompilerABI.c.o   -c /usr/share/cmake-2.8/Modules/CMakeCCompilerABI.c]
  ignore line: [Linking C executable cmTryCompileExec737917636]
  ignore line: [/usr/bin/cmake -E cmake_link_script CMakeFiles/cmTryCompileExec737917636.dir/link.txt --verbose=1]
  ignore line: [/usr/bin/cc     -v CMakeFiles/cmTryCompileExec737917636.dir/CMakeCCompilerABI.c.o  -o cmTryCompileExec737917636 -rdynamic  ]
  ignore line: [Using built-in specs.]
  ignore line: [COLLECT_GCC=/usr/bin/cc]
  ignore line: [COLLECT_LTO_WRAPPER=/usr/lib/gcc/x86_64-linux-gnu/4.6/lto-wrapper]
  ignore line: [Target: x86_64-linux-gnu]
  ignore line: [Configured with: ../src/configure -v --with-pkgversion='Ubuntu/Linaro 4.6.3-1ubuntu5' --with-bugurl=file:///usr/share/doc/gcc-4.6/README.Bugs --enable-languages=c,c++,fortran,objc,obj-c++ --prefix=/usr --program-suffix=-4.6 --enable-shared --enable-linker-build-id --with-system-zlib --libexecdir=/usr/lib --without-included-gettext --enable-threads=posix --with-gxx-include-dir=/usr/include/c++/4.6 --libdir=/usr/lib --enable-nls --with-sysroot=/ --enable-clocale=gnu --enable-libstdcxx-debug --enable-libstdcxx-time=yes --enable-gnu-unique-object --enable-plugin --enable-objc-gc --disable-werror --with-arch-32=i686 --with-tune=generic --enable-checking=release --build=x86_64-linux-gnu --host=x86_64-linux-gnu --target=x86_64-linux-gnu]
  ignore line: [Thread model: posix]
  ignore line: [gcc version 4.6.3 (Ubuntu/Linaro 4.6.3-1ubuntu5) ]
  ignore line: [COMPILER_PATH=/usr/lib/gcc/x86_64-linux-gnu/4.6/:/usr/lib/gcc/x86_64-linux-gnu/4.6/:/usr/lib/gcc/x86_64-linux-gnu/:/usr/lib/gcc/x86_64-linux-gnu/4.6/:/usr/lib/gcc/x86_64-linux-gnu/]
  ignore line: [LIBRARY_PATH=/usr/lib/gcc/x86_64-linux-gnu/4.6/:/usr/lib/gcc/x86_64-linux-gnu/4.6/../../../x86_64-linux-gnu/:/usr/lib/gcc/x86_64-linux-gnu/4.6/../../../../lib/:/lib/x86_64-linux-gnu/:/lib/../lib/:/usr/lib/x86_64-linux-gnu/:/usr/lib/../lib/:/usr/lib/gcc/x86_64-linux-gnu/4.6/../../../:/lib/:/usr/lib/]
  ignore line: [COLLECT_GCC_OPTIONS='-v' '-o' 'cmTryCompileExec737917636' '-rdynamic' '-mtune=generic' '-march=x86-64']
  link line: [ /usr/lib/gcc/x86_64-linux-gnu/4.6/collect2 --sysroot=/ --build-id --no-add-needed --as-needed --eh-frame-hdr -m elf_x86_64 --hash-style=gnu -export-dynamic -dynamic-linker /lib64/ld-linux-x86-64.so.2 -z relro -o cmTryCompileExec737917636 /usr/lib/gcc/x86_64-linux-gnu/4.6/../../../x86_64-linux-gnu/crt1.o /usr/lib/gcc/x86_64-linux-gnu/4.6/../../../x86_64-linux-gnu/crti.o /usr/lib/gcc/x86_64-linux-gnu/4.6/crtbegin.o -L/usr/lib/gcc/x86_64-linux-gnu/4.6 -L/usr/lib/gcc/x86_64-linux-gnu/4.6/../../../x86_64-linux-gnu -L/usr/lib/gcc/x86_64-linux-gnu/4.6/../../../../lib -L/lib/x86_64-linux-gnu -L/lib/../lib -L/usr/lib/x86_64-linux-gnu -L/usr/lib/../lib -L/usr/lib/gcc/x86_64-linux-gnu/4.6/../../.. CMakeFiles/cmTryCompileExec737917636.dir/CMakeCCompilerABI.c.o -lgcc --as-needed -lgcc_s --no-as-needed -lc -lgcc --as-needed -lgcc_s --no-as-needed /usr/lib/gcc/x86_64-linux-gnu/4.6/crtend.o /usr/lib/gcc/x86_64-linux-gnu/4.6/../../../x86_64-linux-gnu/crtn.o]
    arg [/usr/lib/gcc/x86_64-linux-gnu/4.6/collect2] ==> ignore
    arg [--sysroot=/] ==> ignore
    arg [--build-id] ==> ignore
    arg [--no-add-needed] ==> ignore
    arg [--as-needed] ==> ignore
    arg [--eh-frame-hdr] ==> ignore
    arg [-m] ==> ignore
    arg [elf_x86_64] ==> ignore
    arg [--hash-style=gnu] ==> ignore
    arg [-export-dynamic] ==> ignore
    arg [-dynamic-linker] ==> ignore
    arg [/lib64/ld-linux-x86-64.so.2] ==> ignore
    arg [-zrelro] ==> ignore
    arg [-o] ==> ignore
    arg [cmTryCompileExec737917636] ==> ignore
    arg [/usr/lib/gcc/x86_64-linux-gnu/4.6/../../../x86_64-linux-gnu/crt1.o] ==> ignore
    arg [/usr/lib/gcc/x86_64-linux-gnu/4.6/../../../x86_64-linux-gnu/crti.o] ==> ignore
    arg [/usr/lib/gcc/x86_64-linux-gnu/4.6/crtbegin.o] ==> ignore
    arg [-L/usr/lib/gcc/x86_64-linux-gnu/4.6] ==> dir [/usr/lib/gcc/x86_64-linux-gnu/4.6]
    arg [-L/usr/lib/gcc/x86_64-linux-gnu/4.6/../../../x86_64-linux-gnu] ==> dir [/usr/lib/gcc/x86_64-linux-gnu/4.6/../../../x86_64-linux-gnu]
    arg [-L/usr/lib/gcc/x86_64-linux-gnu/4.6/../../../../lib] ==> dir [/usr/lib/gcc/x86_64-linux-gnu/4.6/../../../../lib]
    arg [-L/lib/x86_64-linux-gnu] ==> dir [/lib/x86_64-linux-gnu]
    arg [-L/lib/../lib] ==> dir [/lib/../lib]
    arg [-L/usr/lib/x86_64-linux-gnu] ==> dir [/usr/lib/x86_64-linux-gnu]
    arg [-L/usr/lib/../lib] ==> dir [/usr/lib/../lib]
    arg [-L/usr/lib/gcc/x86_64-linux-gnu/4.6/../../..] ==> dir [/usr/lib/gcc/x86_64-linux-gnu/4.6/../../..]
    arg [CMakeFiles/cmTryCompileExec737917636.dir/CMakeCCompilerABI.c.o] ==> ignore
    arg [-lgcc] ==> lib [gcc]
    arg [--as-needed] ==> ignore
    arg [-lgcc_s] ==> lib [gcc_s]
    arg [--no-as-needed] ==> ignore
    arg [-lc] ==> lib [c]
    arg [-lgcc] ==> lib [gcc]
    arg [--as-needed] ==> ignore
    arg [-lgcc_s] ==> lib [gcc_s]
    arg [--no-as-needed] ==> ignore
    arg [/usr/lib/gcc/x86_64-linux-gnu/4.6/crtend.o] ==> ignore
    arg [/usr/lib/gcc/x86_64-linux-gnu/4.6/../../../x86_64-linux-gnu/crtn.o] ==> ignore
  remove lib [gcc]
  remove lib [gcc_s]
  remove lib [gcc]
  remove lib [gcc_s]
  collapse library dir [/usr/lib/gcc/x86_64-linux-gnu/4.6] ==> [/usr/lib/gcc/x86_64-linux-gnu/4.6]
  collapse library dir [/usr/lib/gcc/x86_64-linux-gnu/4.6/../../../x86_64-linux-gnu] ==> [/usr/lib/x86_64-linux-gnu]
  collapse library dir [/usr/lib/gcc/x86_64-linux-gnu/4.6/../../../../lib] ==> [/usr/lib]
  collapse library dir [/lib/x86_64-linux-gnu] ==> [/lib/x86_64-linux-gnu]
  collapse library dir [/lib/../lib] ==> [/lib]
  collapse library dir [/usr/lib/x86_64-linux-gnu] ==> [/usr/lib/x86_64-linux-gnu]
  collapse library dir [/usr/lib/../lib] ==> [/usr/lib]
  collapse library dir [/usr/lib/gcc/x86_64-linux-gnu/4.6/../../..] ==> [/usr/lib]
  implicit libs: [c]
  implicit dirs: [/usr/lib/gcc/x86_64-linux-gnu/4.6;/usr/lib/x86_64-linux-gnu;/usr/lib;/lib/x86_64-linux-gnu;/lib]
  implicit fwks: []


Determining if the CXX compiler works passed with the following output:
Change Dir: /home/ubuntu/src/github.com/vdun/stoke/stoke/stp/build/CMakeFiles/CMakeTmp

Run Build Command:/usr/bin/make "cmTryCompileExec1145607639/fast"
/usr/bin/make -f CMakeFiles/cmTryCompileExec1145607639.dir/build.make CMakeFiles/cmTryCompileExec1145607639.dir/build
make[1]: Entering directory `/home/ubuntu/src/github.com/vdun/stoke/stoke/stp/build/CMakeFiles/CMakeTmp'
/usr/bin/cmake -E cmake_progress_report /home/ubuntu/src/github.com/vdun/stoke/stoke/stp/build/CMakeFiles/CMakeTmp/CMakeFiles 1
Building CXX object CMakeFiles/cmTryCompileExec1145607639.dir/testCXXCompiler.cxx.o
/usr/bin/c++     -o CMakeFiles/cmTryCompileExec1145607639.dir/testCXXCompiler.cxx.o -c /home/ubuntu/src/github.com/vdun/stoke/stoke/stp/build/CMakeFiles/CMakeTmp/testCXXCompiler.cxx
Linking CXX executable cmTryCompileExec1145607639
/usr/bin/cmake -E cmake_link_script CMakeFiles/cmTryCompileExec1145607639.dir/link.txt --verbose=1
/usr/bin/c++        CMakeFiles/cmTryCompileExec1145607639.dir/testCXXCompiler.cxx.o  -o cmTryCompileExec1145607639 -rdynamic 
make[1]: Leaving directory `/home/ubuntu/src/github.com/vdun/stoke/stoke/stp/build/CMakeFiles/CMakeTmp'


Detecting CXX compiler ABI info compiled with the following output:
Change Dir: /home/ubuntu/src/github.com/vdun/stoke/stoke/stp/build/CMakeFiles/CMakeTmp

Run Build Command:/usr/bin/make "cmTryCompileExec4146523375/fast"
/usr/bin/make -f CMakeFiles/cmTryCompileExec4146523375.dir/build.make CMakeFiles/cmTryCompileExec4146523375.dir/build
make[1]: Entering directory `/home/ubuntu/src/github.com/vdun/stoke/stoke/stp/build/CMakeFiles/CMakeTmp'
/usr/bin/cmake -E cmake_progress_report /home/ubuntu/src/github.com/vdun/stoke/stoke/stp/build/CMakeFiles/CMakeTmp/CMakeFiles 1
Building CXX object CMakeFiles/cmTryCompileExec4146523375.dir/CMakeCXXCompilerABI.cpp.o
/usr/bin/c++     -o CMakeFiles/cmTryCompileExec4146523375.dir/CMakeCXXCompilerABI.cpp.o -c /usr/share/cmake-2.8/Modules/CMakeCXXCompilerABI.cpp
Linking CXX executable cmTryCompileExec4146523375
/usr/bin/cmake -E cmake_link_script CMakeFiles/cmTryCompileExec4146523375.dir/link.txt --verbose=1
/usr/bin/c++      -v CMakeFiles/cmTryCompileExec4146523375.dir/CMakeCXXCompilerABI.cpp.o  -o cmTryCompileExec4146523375 -rdynamic  
Using built-in specs.
COLLECT_GCC=/usr/bin/c++
COLLECT_LTO_WRAPPER=/usr/lib/gcc/x86_64-linux-gnu/4.6/lto-wrapper
Target: x86_64-linux-gnu
Configured with: ../src/configure -v --with-pkgversion='Ubuntu/Linaro 4.6.3-1ubuntu5' --with-bugurl=file:///usr/share/doc/gcc-4.6/README.Bugs --enable-languages=c,c++,fortran,objc,obj-c++ --prefix=/usr --program-suffix=-4.6 --enable-shared --enable-linker-build-id --with-system-zlib --libexecdir=/usr/lib --without-included-gettext --enable-threads=posix --with-gxx-include-dir=/usr/include/c++/4.6 --libdir=/usr/lib --enable-nls --with-sysroot=/ --enable-clocale=gnu --enable-libstdcxx-debug --enable-libstdcxx-time=yes --enable-gnu-unique-object --enable-plugin --enable-objc-gc --disable-werror --with-arch-32=i686 --with-tune=generic --enable-checking=release --build=x86_64-linux-gnu --host=x86_64-linux-gnu --target=x86_64-linux-gnu
Thread model: posix
gcc version 4.6.3 (Ubuntu/Linaro 4.6.3-1ubuntu5) 
COMPILER_PATH=/usr/lib/gcc/x86_64-linux-gnu/4.6/:/usr/lib/gcc/x86_64-linux-gnu/4.6/:/usr/lib/gcc/x86_64-linux-gnu/:/usr/lib/gcc/x86_64-linux-gnu/4.6/:/usr/lib/gcc/x86_64-linux-gnu/
LIBRARY_PATH=/usr/lib/gcc/x86_64-linux-gnu/4.6/:/usr/lib/gcc/x86_64-linux-gnu/4.6/../../../x86_64-linux-gnu/:/usr/lib/gcc/x86_64-linux-gnu/4.6/../../../../lib/:/lib/x86_64-linux-gnu/:/lib/../lib/:/usr/lib/x86_64-linux-gnu/:/usr/lib/../lib/:/usr/lib/gcc/x86_64-linux-gnu/4.6/../../../:/lib/:/usr/lib/
COLLECT_GCC_OPTIONS='-v' '-o' 'cmTryCompileExec4146523375' '-rdynamic' '-shared-libgcc' '-mtune=generic' '-march=x86-64'
 /usr/lib/gcc/x86_64-linux-gnu/4.6/collect2 --sysroot=/ --build-id --no-add-needed --as-needed --eh-frame-hdr -m elf_x86_64 --hash-style=gnu -export-dynamic -dynamic-linker /lib64/ld-linux-x86-64.so.2 -z relro -o cmTryCompileExec4146523375 /usr/lib/gcc/x86_64-linux-gnu/4.6/../../../x86_64-linux-gnu/crt1.o /usr/lib/gcc/x86_64-linux-gnu/4.6/../../../x86_64-linux-gnu/crti.o /usr/lib/gcc/x86_64-linux-gnu/4.6/crtbegin.o -L/usr/lib/gcc/x86_64-linux-gnu/4.6 -L/usr/lib/gcc/x86_64-linux-gnu/4.6/../../../x86_64-linux-gnu -L/usr/lib/gcc/x86_64-linux-gnu/4.6/../../../../lib -L/lib/x86_64-linux-gnu -L/lib/../lib -L/usr/lib/x86_64-linux-gnu -L/usr/lib/../lib -L/usr/lib/gcc/x86_64-linux-gnu/4.6/../../.. CMakeFiles/cmTryCompileExec4146523375.dir/CMakeCXXCompilerABI.cpp.o -lstdc++ -lm -lgcc_s -lgcc -lc -lgcc_s -lgcc /usr/lib/gcc/x86_64-linux-gnu/4.6/crtend.o /usr/lib/gcc/x86_64-linux-gnu/4.6/../../../x86_64-linux-gnu/crtn.o
make[1]: Leaving directory `/home/ubuntu/src/github.com/vdun/stoke/stoke/stp/build/CMakeFiles/CMakeTmp'


Parsed CXX implicit link information from above output:
  link line regex: [^( *|.*[/\])(ld|([^/\]+-)?ld|collect2)[^/\]*( |$)]
  ignore line: [Change Dir: /home/ubuntu/src/github.com/vdun/stoke/stoke/stp/build/CMakeFiles/CMakeTmp]
  ignore line: []
  ignore line: [Run Build Command:/usr/bin/make "cmTryCompileExec4146523375/fast"]
  ignore line: [/usr/bin/make -f CMakeFiles/cmTryCompileExec4146523375.dir/build.make CMakeFiles/cmTryCompileExec4146523375.dir/build]
  ignore line: [make[1]: Entering directory `/home/ubuntu/src/github.com/vdun/stoke/stoke/stp/build/CMakeFiles/CMakeTmp']
  ignore line: [/usr/bin/cmake -E cmake_progress_report /home/ubuntu/src/github.com/vdun/stoke/stoke/stp/build/CMakeFiles/CMakeTmp/CMakeFiles 1]
  ignore line: [Building CXX object CMakeFiles/cmTryCompileExec4146523375.dir/CMakeCXXCompilerABI.cpp.o]
  ignore line: [/usr/bin/c++     -o CMakeFiles/cmTryCompileExec4146523375.dir/CMakeCXXCompilerABI.cpp.o -c /usr/share/cmake-2.8/Modules/CMakeCXXCompilerABI.cpp]
  ignore line: [Linking CXX executable cmTryCompileExec4146523375]
  ignore line: [/usr/bin/cmake -E cmake_link_script CMakeFiles/cmTryCompileExec4146523375.dir/link.txt --verbose=1]
  ignore line: [/usr/bin/c++      -v CMakeFiles/cmTryCompileExec4146523375.dir/CMakeCXXCompilerABI.cpp.o  -o cmTryCompileExec4146523375 -rdynamic  ]
  ignore line: [Using built-in specs.]
  ignore line: [COLLECT_GCC=/usr/bin/c++]
  ignore line: [COLLECT_LTO_WRAPPER=/usr/lib/gcc/x86_64-linux-gnu/4.6/lto-wrapper]
  ignore line: [Target: x86_64-linux-gnu]
  ignore line: [Configured with: ../src/configure -v --with-pkgversion='Ubuntu/Linaro 4.6.3-1ubuntu5' --with-bugurl=file:///usr/share/doc/gcc-4.6/README.Bugs --enable-languages=c,c++,fortran,objc,obj-c++ --prefix=/usr --program-suffix=-4.6 --enable-shared --enable-linker-build-id --with-system-zlib --libexecdir=/usr/lib --without-included-gettext --enable-threads=posix --with-gxx-include-dir=/usr/include/c++/4.6 --libdir=/usr/lib --enable-nls --with-sysroot=/ --enable-clocale=gnu --enable-libstdcxx-debug --enable-libstdcxx-time=yes --enable-gnu-unique-object --enable-plugin --enable-objc-gc --disable-werror --with-arch-32=i686 --with-tune=generic --enable-checking=release --build=x86_64-linux-gnu --host=x86_64-linux-gnu --target=x86_64-linux-gnu]
  ignore line: [Thread model: posix]
  ignore line: [gcc version 4.6.3 (Ubuntu/Linaro 4.6.3-1ubuntu5) ]
  ignore line: [COMPILER_PATH=/usr/lib/gcc/x86_64-linux-gnu/4.6/:/usr/lib/gcc/x86_64-linux-gnu/4.6/:/usr/lib/gcc/x86_64-linux-gnu/:/usr/lib/gcc/x86_64-linux-gnu/4.6/:/usr/lib/gcc/x86_64-linux-gnu/]
  ignore line: [LIBRARY_PATH=/usr/lib/gcc/x86_64-linux-gnu/4.6/:/usr/lib/gcc/x86_64-linux-gnu/4.6/../../../x86_64-linux-gnu/:/usr/lib/gcc/x86_64-linux-gnu/4.6/../../../../lib/:/lib/x86_64-linux-gnu/:/lib/../lib/:/usr/lib/x86_64-linux-gnu/:/usr/lib/../lib/:/usr/lib/gcc/x86_64-linux-gnu/4.6/../../../:/lib/:/usr/lib/]
  ignore line: [COLLECT_GCC_OPTIONS='-v' '-o' 'cmTryCompileExec4146523375' '-rdynamic' '-shared-libgcc' '-mtune=generic' '-march=x86-64']
  link line: [ /usr/lib/gcc/x86_64-linux-gnu/4.6/collect2 --sysroot=/ --build-id --no-add-needed --as-needed --eh-frame-hdr -m elf_x86_64 --hash-style=gnu -export-dynamic -dynamic-linker /lib64/ld-linux-x86-64.so.2 -z relro -o cmTryCompileExec4146523375 /usr/lib/gcc/x86_64-linux-gnu/4.6/../../../x86_64-linux-gnu/crt1.o /usr/lib/gcc/x86_64-linux-gnu/4.6/../../../x86_64-linux-gnu/crti.o /usr/lib/gcc/x86_64-linux-gnu/4.6/crtbegin.o -L/usr/lib/gcc/x86_64-linux-gnu/4.6 -L/usr/lib/gcc/x86_64-linux-gnu/4.6/../../../x86_64-linux-gnu -L/usr/lib/gcc/x86_64-linux-gnu/4.6/../../../../lib -L/lib/x86_64-linux-gnu -L/lib/../lib -L/usr/lib/x86_64-linux-gnu -L/usr/lib/../lib -L/usr/lib/gcc/x86_64-linux-gnu/4.6/../../.. CMakeFiles/cmTryCompileExec4146523375.dir/CMakeCXXCompilerABI.cpp.o -lstdc++ -lm -lgcc_s -lgcc -lc -lgcc_s -lgcc /usr/lib/gcc/x86_64-linux-gnu/4.6/crtend.o /usr/lib/gcc/x86_64-linux-gnu/4.6/../../../x86_64-linux-gnu/crtn.o]
    arg [/usr/lib/gcc/x86_64-linux-gnu/4.6/collect2] ==> ignore
    arg [--sysroot=/] ==> ignore
    arg [--build-id] ==> ignore
    arg [--no-add-needed] ==> ignore
    arg [--as-needed] ==> ignore
    arg [--eh-frame-hdr] ==> ignore
    arg [-m] ==> ignore
    arg [elf_x86_64] ==> ignore
    arg [--hash-style=gnu] ==> ignore
    arg [-export-dynamic] ==> ignore
    arg [-dynamic-linker] ==> ignore
    arg [/lib64/ld-linux-x86-64.so.2] ==> ignore
    arg [-zrelro] ==> ignore
    arg [-o] ==> ignore
    arg [cmTryCompileExec4146523375] ==> ignore
    arg [/usr/lib/gcc/x86_64-linux-gnu/4.6/../../../x86_64-linux-gnu/crt1.o] ==> ignore
    arg [/usr/lib/gcc/x86_64-linux-gnu/4.6/../../../x86_64-linux-gnu/crti.o] ==> ignore
    arg [/usr/lib/gcc/x86_64-linux-gnu/4.6/crtbegin.o] ==> ignore
    arg [-L/usr/lib/gcc/x86_64-linux-gnu/4.6] ==> dir [/usr/lib/gcc/x86_64-linux-gnu/4.6]
    arg [-L/usr/lib/gcc/x86_64-linux-gnu/4.6/../../../x86_64-linux-gnu] ==> dir [/usr/lib/gcc/x86_64-linux-gnu/4.6/../../../x86_64-linux-gnu]
    arg [-L/usr/lib/gcc/x86_64-linux-gnu/4.6/../../../../lib] ==> dir [/usr/lib/gcc/x86_64-linux-gnu/4.6/../../../../lib]
    arg [-L/lib/x86_64-linux-gnu] ==> dir [/lib/x86_64-linux-gnu]
    arg [-L/lib/../lib] ==> dir [/lib/../lib]
    arg [-L/usr/lib/x86_64-linux-gnu] ==> dir [/usr/lib/x86_64-linux-gnu]
    arg [-L/usr/lib/../lib] ==> dir [/usr/lib/../lib]
    arg [-L/usr/lib/gcc/x86_64-linux-gnu/4.6/../../..] ==> dir [/usr/lib/gcc/x86_64-linux-gnu/4.6/../../..]
    arg [CMakeFiles/cmTryCompileExec4146523375.dir/CMakeCXXCompilerABI.cpp.o] ==> ignore
    arg [-lstdc++] ==> lib [stdc++]
    arg [-lm] ==> lib [m]
    arg [-lgcc_s] ==> lib [gcc_s]
    arg [-lgcc] ==> lib [gcc]
    arg [-lc] ==> lib [c]
    arg [-lgcc_s] ==> lib [gcc_s]
    arg [-lgcc] ==> lib [gcc]
    arg [/usr/lib/gcc/x86_64-linux-gnu/4.6/crtend.o] ==> ignore
    arg [/usr/lib/gcc/x86_64-linux-gnu/4.6/../../../x86_64-linux-gnu/crtn.o] ==> ignore
  remove lib [gcc_s]
  remove lib [gcc]
  remove lib [gcc_s]
  remove lib [gcc]
  collapse library dir [/usr/lib/gcc/x86_64-linux-gnu/4.6] ==> [/usr/lib/gcc/x86_64-linux-gnu/4.6]
  collapse library dir [/usr/lib/gcc/x86_64-linux-gnu/4.6/../../../x86_64-linux-gnu] ==> [/usr/lib/x86_64-linux-gnu]
  collapse library dir [/usr/lib/gcc/x86_64-linux-gnu/4.6/../../../../lib] ==> [/usr/lib]
  collapse library dir [/lib/x86_64-linux-gnu] ==> [/lib/x86_64-linux-gnu]
  collapse library dir [/lib/../lib] ==> [/lib]
  collapse library dir [/usr/lib/x86_64-linux-gnu] ==> [/usr/lib/x86_64-linux-gnu]
  collapse library dir [/usr/lib/../lib] ==> [/usr/lib]
  collapse library dir [/usr/lib/gcc/x86_64-linux-gnu/4.6/../../..] ==> [/usr/lib]
  implicit libs: [stdc++;m;c]
  implicit dirs: [/usr/lib/gcc/x86_64-linux-gnu/4.6;/usr/lib/x86_64-linux-gnu;/usr/lib;/lib/x86_64-linux-gnu;/lib]
  implicit fwks: []


Performing C++ SOURCE FILE Test HAVE_FLAG_-fPIC succeded with the following output:
Change Dir: /home/ubuntu/src/github.com/vdun/stoke/stoke/stp/build/CMakeFiles/CMakeTmp

Run Build Command:/usr/bin/make "cmTryCompileExec1295296166/fast"
/usr/bin/make -f CMakeFiles/cmTryCompileExec1295296166.dir/build.make CMakeFiles/cmTryCompileExec1295296166.dir/build
make[1]: Entering directory `/home/ubuntu/src/github.com/vdun/stoke/stoke/stp/build/CMakeFiles/CMakeTmp'
/usr/bin/cmake -E cmake_progress_report /home/ubuntu/src/github.com/vdun/stoke/stoke/stp/build/CMakeFiles/CMakeTmp/CMakeFiles 1
Building CXX object CMakeFiles/cmTryCompileExec1295296166.dir/src.cxx.o
/usr/bin/c++    -DHAVE_FLAG_-fPIC   -fPIC -o CMakeFiles/cmTryCompileExec1295296166.dir/src.cxx.o -c /home/ubuntu/src/github.com/vdun/stoke/stoke/stp/build/CMakeFiles/CMakeTmp/src.cxx
<command-line>:0:11: warning: missing whitespace after the macro name [enabled by default]
Linking CXX executable cmTryCompileExec1295296166
/usr/bin/cmake -E cmake_link_script CMakeFiles/cmTryCompileExec1295296166.dir/link.txt --verbose=1
/usr/bin/c++    -DHAVE_FLAG_-fPIC    CMakeFiles/cmTryCompileExec1295296166.dir/src.cxx.o  -o cmTryCompileExec1295296166 -rdynamic 
make[1]: Leaving directory `/home/ubuntu/src/github.com/vdun/stoke/stoke/stp/build/CMakeFiles/CMakeTmp'

Source file was:
int main() { return 0;}
Performing C++ SOURCE FILE Test HAVE_FLAG_STD_GNUCPP0X succeded with the following output:
Change Dir: /home/ubuntu/src/github.com/vdun/stoke/stoke/stp/build/CMakeFiles/CMakeTmp

Run Build Command:/usr/bin/make "cmTryCompileExec3774048517/fast"
/usr/bin/make -f CMakeFiles/cmTryCompileExec3774048517.dir/build.make CMakeFiles/cmTryCompileExec3774048517.dir/build
make[1]: Entering directory `/home/ubuntu/src/github.com/vdun/stoke/stoke/stp/build/CMakeFiles/CMakeTmp'
/usr/bin/cmake -E cmake_progress_report /home/ubuntu/src/github.com/vdun/stoke/stoke/stp/build/CMakeFiles/CMakeTmp/CMakeFiles 1
Building CXX object CMakeFiles/cmTryCompileExec3774048517.dir/src.cxx.o
/usr/bin/c++    -fPIC -DHAVE_FLAG_STD_GNUCPP0X   -std=gnu++0x -o CMakeFiles/cmTryCompileExec3774048517.dir/src.cxx.o -c /home/ubuntu/src/github.com/vdun/stoke/stoke/stp/build/CMakeFiles/CMakeTmp/src.cxx
Linking CXX executable cmTryCompileExec3774048517
/usr/bin/cmake -E cmake_link_script CMakeFiles/cmTryCompileExec3774048517.dir/link.txt --verbose=1
/usr/bin/c++    -fPIC -DHAVE_FLAG_STD_GNUCPP0X    CMakeFiles/cmTryCompileExec3774048517.dir/src.cxx.o  -o cmTryCompileExec3774048517 -rdynamic 
make[1]: Leaving directory `/home/ubuntu/src/github.com/vdun/stoke/stoke/stp/build/CMakeFiles/CMakeTmp'

Source file was:
int main() { return 0;}
Performing C++ SOURCE FILE Test HAVE_FLAG_STD_CPP0X succeded with the following output:
Change Dir: /home/ubuntu/src/github.com/vdun/stoke/stoke/stp/build/CMakeFiles/CMakeTmp

Run Build Command:/usr/bin/make "cmTryCompileExec2381273278/fast"
/usr/bin/make -f CMakeFiles/cmTryCompileExec2381273278.dir/build.make CMakeFiles/cmTryCompileExec2381273278.dir/build
make[1]: Entering directory `/home/ubuntu/src/github.com/vdun/stoke/stoke/stp/build/CMakeFiles/CMakeTmp'
/usr/bin/cmake -E cmake_progress_report /home/ubuntu/src/github.com/vdun/stoke/stoke/stp/build/CMakeFiles/CMakeTmp/CMakeFiles 1
Building CXX object CMakeFiles/cmTryCompileExec2381273278.dir/src.cxx.o
/usr/bin/c++    -fPIC -DHAVE_FLAG_STD_CPP0X   -std=c++0x -o CMakeFiles/cmTryCompileExec2381273278.dir/src.cxx.o -c /home/ubuntu/src/github.com/vdun/stoke/stoke/stp/build/CMakeFiles/CMakeTmp/src.cxx
Linking CXX executable cmTryCompileExec2381273278
/usr/bin/cmake -E cmake_link_script CMakeFiles/cmTryCompileExec2381273278.dir/link.txt --verbose=1
/usr/bin/c++    -fPIC -DHAVE_FLAG_STD_CPP0X    CMakeFiles/cmTryCompileExec2381273278.dir/src.cxx.o  -o cmTryCompileExec2381273278 -rdynamic 
make[1]: Leaving directory `/home/ubuntu/src/github.com/vdun/stoke/stoke/stp/build/CMakeFiles/CMakeTmp'

Source file was:
int main() { return 0;}
Performing C++ SOURCE FILE Test HAVE_FLAG_-Wall succeded with the following output:
Change Dir: /home/ubuntu/src/github.com/vdun/stoke/stoke/stp/build/CMakeFiles/CMakeTmp

Run Build Command:/usr/bin/make "cmTryCompileExec2411378994/fast"
/usr/bin/make -f CMakeFiles/cmTryCompileExec2411378994.dir/build.make CMakeFiles/cmTryCompileExec2411378994.dir/build
make[1]: Entering directory `/home/ubuntu/src/github.com/vdun/stoke/stoke/stp/build/CMakeFiles/CMakeTmp'
/usr/bin/cmake -E cmake_progress_report /home/ubuntu/src/github.com/vdun/stoke/stoke/stp/build/CMakeFiles/CMakeTmp/CMakeFiles 1
Building CXX object CMakeFiles/cmTryCompileExec2411378994.dir/src.cxx.o
/usr/bin/c++    -std=gnu++0x  -fPIC -DHAVE_FLAG_-Wall   -Wall -o CMakeFiles/cmTryCompileExec2411378994.dir/src.cxx.o -c /home/ubuntu/src/github.com/vdun/stoke/stoke/stp/build/CMakeFiles/CMakeTmp/src.cxx
<command-line>:0:11: warning: ISO C99 requires whitespace after the macro name [enabled by default]
Linking CXX executable cmTryCompileExec2411378994
/usr/bin/cmake -E cmake_link_script CMakeFiles/cmTryCompileExec2411378994.dir/link.txt --verbose=1
/usr/bin/c++   -std=gnu++0x  -fPIC -DHAVE_FLAG_-Wall    CMakeFiles/cmTryCompileExec2411378994.dir/src.cxx.o  -o cmTryCompileExec2411378994 -rdynamic 
make[1]: Leaving directory `/home/ubuntu/src/github.com/vdun/stoke/stoke/stp/build/CMakeFiles/CMakeTmp'

Source file was:
int main() { return 0;}
Performing C++ SOURCE FILE Test HAVE_FLAG_-pedantic succeded with the following output:
Change Dir: /home/ubuntu/src/github.com/vdun/stoke/stoke/stp/build/CMakeFiles/CMakeTmp

Run Build Command:/usr/bin/make "cmTryCompileExec1349598932/fast"
/usr/bin/make -f CMakeFiles/cmTryCompileExec1349598932.dir/build.make CMakeFiles/cmTryCompileExec1349598932.dir/build
make[1]: Entering directory `/home/ubuntu/src/github.com/vdun/stoke/stoke/stp/build/CMakeFiles/CMakeTmp'
/usr/bin/cmake -E cmake_progress_report /home/ubuntu/src/github.com/vdun/stoke/stoke/stp/build/CMakeFiles/CMakeTmp/CMakeFiles 1
Building CXX object CMakeFiles/cmTryCompileExec1349598932.dir/src.cxx.o
/usr/bin/c++    -std=gnu++0x  -fPIC -Wall -DHAVE_FLAG_-pedantic   -pedantic -o CMakeFiles/cmTryCompileExec1349598932.dir/src.cxx.o -c /home/ubuntu/src/github.com/vdun/stoke/stoke/stp/build/CMakeFiles/CMakeTmp/src.cxx
<command-line>:0:11: warning: ISO C99 requires whitespace after the macro name [enabled by default]
Linking CXX executable cmTryCompileExec1349598932
/usr/bin/cmake -E cmake_link_script CMakeFiles/cmTryCompileExec1349598932.dir/link.txt --verbose=1
/usr/bin/c++   -std=gnu++0x  -fPIC -Wall -DHAVE_FLAG_-pedantic    CMakeFiles/cmTryCompileExec1349598932.dir/src.cxx.o  -o cmTryCompileExec1349598932 -rdynamic 
make[1]: Leaving directory `/home/ubuntu/src/github.com/vdun/stoke/stoke/stp/build/CMakeFiles/CMakeTmp'

Source file was:
int main() { return 0;}
Performing C++ SOURCE FILE Test HAVE_FLAG_-Wunused succeded with the following output:
Change Dir: /home/ubuntu/src/github.com/vdun/stoke/stoke/stp/build/CMakeFiles/CMakeTmp

Run Build Command:/usr/bin/make "cmTryCompileExec993174825/fast"
/usr/bin/make -f CMakeFiles/cmTryCompileExec993174825.dir/build.make CMakeFiles/cmTryCompileExec993174825.dir/build
make[1]: Entering directory `/home/ubuntu/src/github.com/vdun/stoke/stoke/stp/build/CMakeFiles/CMakeTmp'
/usr/bin/cmake -E cmake_progress_report /home/ubuntu/src/github.com/vdun/stoke/stoke/stp/build/CMakeFiles/CMakeTmp/CMakeFiles 1
Building CXX object CMakeFiles/cmTryCompileExec993174825.dir/src.cxx.o
/usr/bin/c++    -std=gnu++0x  -fPIC -Wall -pedantic -DHAVE_FLAG_-Wunused   -Wunused -o CMakeFiles/cmTryCompileExec993174825.dir/src.cxx.o -c /home/ubuntu/src/github.com/vdun/stoke/stoke/stp/build/CMakeFiles/CMakeTmp/src.cxx
<command-line>:0:11: warning: ISO C99 requires whitespace after the macro name [enabled by default]
Linking CXX executable cmTryCompileExec993174825
/usr/bin/cmake -E cmake_link_script CMakeFiles/cmTryCompileExec993174825.dir/link.txt --verbose=1
/usr/bin/c++   -std=gnu++0x  -fPIC -Wall -pedantic -DHAVE_FLAG_-Wunused    CMakeFiles/cmTryCompileExec993174825.dir/src.cxx.o  -o cmTryCompileExec993174825 -rdynamic 
make[1]: Leaving directory `/home/ubuntu/src/github.com/vdun/stoke/stoke/stp/build/CMakeFiles/CMakeTmp'

Source file was:
int main() { return 0;}
Performing C++ SOURCE FILE Test HAVE_FLAG_-Wsign-compare succeded with the following output:
Change Dir: /home/ubuntu/src/github.com/vdun/stoke/stoke/stp/build/CMakeFiles/CMakeTmp

Run Build Command:/usr/bin/make "cmTryCompileExec645983729/fast"
/usr/bin/make -f CMakeFiles/cmTryCompileExec645983729.dir/build.make CMakeFiles/cmTryCompileExec645983729.dir/build
make[1]: Entering directory `/home/ubuntu/src/github.com/vdun/stoke/stoke/stp/build/CMakeFiles/CMakeTmp'
/usr/bin/cmake -E cmake_progress_report /home/ubuntu/src/github.com/vdun/stoke/stoke/stp/build/CMakeFiles/CMakeTmp/CMakeFiles 1
Building CXX object CMakeFiles/cmTryCompileExec645983729.dir/src.cxx.o
/usr/bin/c++    -std=gnu++0x  -fPIC -Wall -pedantic -Wunused -DHAVE_FLAG_-Wsign-compare   -Wsign-compare -o CMakeFiles/cmTryCompileExec645983729.dir/src.cxx.o -c /home/ubuntu/src/github.com/vdun/stoke/stoke/stp/build/CMakeFiles/CMakeTmp/src.cxx
<command-line>:0:11: warning: ISO C99 requires whitespace after the macro name [enabled by default]
Linking CXX executable cmTryCompileExec645983729
/usr/bin/cmake -E cmake_link_script CMakeFiles/cmTryCompileExec645983729.dir/link.txt --verbose=1
/usr/bin/c++   -std=gnu++0x  -fPIC -Wall -pedantic -Wunused -DHAVE_FLAG_-Wsign-compare    CMakeFiles/cmTryCompileExec645983729.dir/src.cxx.o  -o cmTryCompileExec645983729 -rdynamic 
make[1]: Leaving directory `/home/ubuntu/src/github.com/vdun/stoke/stoke/stp/build/CMakeFiles/CMakeTmp'

Source file was:
int main() { return 0;}
Performing C++ SOURCE FILE Test HAVE_FLAG_-Wtype-limits succeded with the following output:
Change Dir: /home/ubuntu/src/github.com/vdun/stoke/stoke/stp/build/CMakeFiles/CMakeTmp

Run Build Command:/usr/bin/make "cmTryCompileExec2920916819/fast"
/usr/bin/make -f CMakeFiles/cmTryCompileExec2920916819.dir/build.make CMakeFiles/cmTryCompileExec2920916819.dir/build
make[1]: Entering directory `/home/ubuntu/src/github.com/vdun/stoke/stoke/stp/build/CMakeFiles/CMakeTmp'
/usr/bin/cmake -E cmake_progress_report /home/ubuntu/src/github.com/vdun/stoke/stoke/stp/build/CMakeFiles/CMakeTmp/CMakeFiles 1
Building CXX object CMakeFiles/cmTryCompileExec2920916819.dir/src.cxx.o
/usr/bin/c++    -std=gnu++0x  -fPIC -Wall -pedantic -Wunused -Wsign-compare -DHAVE_FLAG_-Wtype-limits   -Wtype-limits -o CMakeFiles/cmTryCompileExec2920916819.dir/src.cxx.o -c /home/ubuntu/src/github.com/vdun/stoke/stoke/stp/build/CMakeFiles/CMakeTmp/src.cxx
<command-line>:0:11: warning: ISO C99 requires whitespace after the macro name [enabled by default]
Linking CXX executable cmTryCompileExec2920916819
/usr/bin/cmake -E cmake_link_script CMakeFiles/cmTryCompileExec2920916819.dir/link.txt --verbose=1
/usr/bin/c++   -std=gnu++0x  -fPIC -Wall -pedantic -Wunused -Wsign-compare -DHAVE_FLAG_-Wtype-limits    CMakeFiles/cmTryCompileExec2920916819.dir/src.cxx.o  -o cmTryCompileExec2920916819 -rdynamic 
make[1]: Leaving directory `/home/ubuntu/src/github.com/vdun/stoke/stoke/stp/build/CMakeFiles/CMakeTmp'

Source file was:
int main() { return 0;}
Performing C++ SOURCE FILE Test HAVE_FLAG_-Wuninitialized succeded with the following output:
Change Dir: /home/ubuntu/src/github.com/vdun/stoke/stoke/stp/build/CMakeFiles/CMakeTmp

Run Build Command:/usr/bin/make "cmTryCompileExec3890448567/fast"
/usr/bin/make -f CMakeFiles/cmTryCompileExec3890448567.dir/build.make CMakeFiles/cmTryCompileExec3890448567.dir/build
make[1]: Entering directory `/home/ubuntu/src/github.com/vdun/stoke/stoke/stp/build/CMakeFiles/CMakeTmp'
/usr/bin/cmake -E cmake_progress_report /home/ubuntu/src/github.com/vdun/stoke/stoke/stp/build/CMakeFiles/CMakeTmp/CMakeFiles 1
Building CXX object CMakeFiles/cmTryCompileExec3890448567.dir/src.cxx.o
/usr/bin/c++    -std=gnu++0x  -fPIC -Wall -pedantic -Wunused -Wsign-compare -Wtype-limits -DHAVE_FLAG_-Wuninitialized   -Wuninitialized -o CMakeFiles/cmTryCompileExec3890448567.dir/src.cxx.o -c /home/ubuntu/src/github.com/vdun/stoke/stoke/stp/build/CMakeFiles/CMakeTmp/src.cxx
<command-line>:0:11: warning: ISO C99 requires whitespace after the macro name [enabled by default]
Linking CXX executable cmTryCompileExec3890448567
/usr/bin/cmake -E cmake_link_script CMakeFiles/cmTryCompileExec3890448567.dir/link.txt --verbose=1
/usr/bin/c++   -std=gnu++0x  -fPIC -Wall -pedantic -Wunused -Wsign-compare -Wtype-limits -DHAVE_FLAG_-Wuninitialized    CMakeFiles/cmTryCompileExec3890448567.dir/src.cxx.o  -o cmTryCompileExec3890448567 -rdynamic 
make[1]: Leaving directory `/home/ubuntu/src/github.com/vdun/stoke/stoke/stp/build/CMakeFiles/CMakeTmp'

Source file was:
int main() { return 0;}
Performing C++ SOURCE FILE Test HAVE_FLAG_-Wno-deprecated succeded with the following output:
Change Dir: /home/ubuntu/src/github.com/vdun/stoke/stoke/stp/build/CMakeFiles/CMakeTmp

Run Build Command:/usr/bin/make "cmTryCompileExec1916989060/fast"
/usr/bin/make -f CMakeFiles/cmTryCompileExec1916989060.dir/build.make CMakeFiles/cmTryCompileExec1916989060.dir/build
make[1]: Entering directory `/home/ubuntu/src/github.com/vdun/stoke/stoke/stp/build/CMakeFiles/CMakeTmp'
/usr/bin/cmake -E cmake_progress_report /home/ubuntu/src/github.com/vdun/stoke/stoke/stp/build/CMakeFiles/CMakeTmp/CMakeFiles 1
Building CXX object CMakeFiles/cmTryCompileExec1916989060.dir/src.cxx.o
/usr/bin/c++    -std=gnu++0x  -fPIC -Wall -pedantic -Wunused -Wsign-compare -Wtype-limits -Wuninitialized -DHAVE_FLAG_-Wno-deprecated   -Wno-deprecated -o CMakeFiles/cmTryCompileExec1916989060.dir/src.cxx.o -c /home/ubuntu/src/github.com/vdun/stoke/stoke/stp/build/CMakeFiles/CMakeTmp/src.cxx
<command-line>:0:11: warning: ISO C99 requires whitespace after the macro name [enabled by default]
Linking CXX executable cmTryCompileExec1916989060
/usr/bin/cmake -E cmake_link_script CMakeFiles/cmTryCompileExec1916989060.dir/link.txt --verbose=1
/usr/bin/c++   -std=gnu++0x  -fPIC -Wall -pedantic -Wunused -Wsign-compare -Wtype-limits -Wuninitialized -DHAVE_FLAG_-Wno-deprecated    CMakeFiles/cmTryCompileExec1916989060.dir/src.cxx.o  -o cmTryCompileExec1916989060 -rdynamic 
make[1]: Leaving directory `/home/ubuntu/src/github.com/vdun/stoke/stoke/stp/build/CMakeFiles/CMakeTmp'

Source file was:
int main() { return 0;}
Performing C++ SOURCE FILE Test HAVE_FLAG_-Wstrict-aliasing succeded with the following output:
Change Dir: /home/ubuntu/src/github.com/vdun/stoke/stoke/stp/build/CMakeFiles/CMakeTmp

Run Build Command:/usr/bin/make "cmTryCompileExec3593035055/fast"
/usr/bin/make -f CMakeFiles/cmTryCompileExec3593035055.dir/build.make CMakeFiles/cmTryCompileExec3593035055.dir/build
make[1]: Entering directory `/home/ubuntu/src/github.com/vdun/stoke/stoke/stp/build/CMakeFiles/CMakeTmp'
/usr/bin/cmake -E cmake_progress_report /home/ubuntu/src/github.com/vdun/stoke/stoke/stp/build/CMakeFiles/CMakeTmp/CMakeFiles 1
Building CXX object CMakeFiles/cmTryCompileExec3593035055.dir/src.cxx.o
/usr/bin/c++    -std=gnu++0x  -fPIC -Wall -pedantic -Wunused -Wsign-compare -Wtype-limits -Wuninitialized -Wno-deprecated -DHAVE_FLAG_-Wstrict-aliasing   -Wstrict-aliasing -o CMakeFiles/cmTryCompileExec3593035055.dir/src.cxx.o -c /home/ubuntu/src/github.com/vdun/stoke/stoke/stp/build/CMakeFiles/CMakeTmp/src.cxx
<command-line>:0:11: warning: ISO C99 requires whitespace after the macro name [enabled by default]
Linking CXX executable cmTryCompileExec3593035055
/usr/bin/cmake -E cmake_link_script CMakeFiles/cmTryCompileExec3593035055.dir/link.txt --verbose=1
/usr/bin/c++   -std=gnu++0x  -fPIC -Wall -pedantic -Wunused -Wsign-compare -Wtype-limits -Wuninitialized -Wno-deprecated -DHAVE_FLAG_-Wstrict-aliasing    CMakeFiles/cmTryCompileExec3593035055.dir/src.cxx.o  -o cmTryCompileExec3593035055 -rdynamic 
make[1]: Leaving directory `/home/ubuntu/src/github.com/vdun/stoke/stoke/stp/build/CMakeFiles/CMakeTmp'

Source file was:
int main() { return 0;}
Performing C++ SOURCE FILE Test HAVE_FLAG_-Wpointer-arith succeded with the following output:
Change Dir: /home/ubuntu/src/github.com/vdun/stoke/stoke/stp/build/CMakeFiles/CMakeTmp

Run Build Command:/usr/bin/make "cmTryCompileExec700223450/fast"
/usr/bin/make -f CMakeFiles/cmTryCompileExec700223450.dir/build.make CMakeFiles/cmTryCompileExec700223450.dir/build
make[1]: Entering directory `/home/ubuntu/src/github.com/vdun/stoke/stoke/stp/build/CMakeFiles/CMakeTmp'
/usr/bin/cmake -E cmake_progress_report /home/ubuntu/src/github.com/vdun/stoke/stoke/stp/build/CMakeFiles/CMakeTmp/CMakeFiles 1
Building CXX object CMakeFiles/cmTryCompileExec700223450.dir/src.cxx.o
/usr/bin/c++    -std=gnu++0x  -fPIC -Wall -pedantic -Wunused -Wsign-compare -Wtype-limits -Wuninitialized -Wno-deprecated -Wstrict-aliasing -DHAVE_FLAG_-Wpointer-arith   -Wpointer-arith -o CMakeFiles/cmTryCompileExec700223450.dir/src.cxx.o -c /home/ubuntu/src/github.com/vdun/stoke/stoke/stp/build/CMakeFiles/CMakeTmp/src.cxx
<command-line>:0:11: warning: ISO C99 requires whitespace after the macro name [enabled by default]
Linking CXX executable cmTryCompileExec700223450
/usr/bin/cmake -E cmake_link_script CMakeFiles/cmTryCompileExec700223450.dir/link.txt --verbose=1
/usr/bin/c++   -std=gnu++0x  -fPIC -Wall -pedantic -Wunused -Wsign-compare -Wtype-limits -Wuninitialized -Wno-deprecated -Wstrict-aliasing -DHAVE_FLAG_-Wpointer-arith    CMakeFiles/cmTryCompileExec700223450.dir/src.cxx.o  -o cmTryCompileExec700223450 -rdynamic 
make[1]: Leaving directory `/home/ubuntu/src/github.com/vdun/stoke/stoke/stp/build/CMakeFiles/CMakeTmp'

Source file was:
int main() { return 0;}
Performing C++ SOURCE FILE Test HAVE_HASH_SET_STD succeded with the following output:
Change Dir: /home/ubuntu/src/github.com/vdun/stoke/stoke/stp/build/CMakeFiles/CMakeTmp

Run Build Command:/usr/bin/make "cmTryCompileExec3564428775/fast"
/usr/bin/make -f CMakeFiles/cmTryCompileExec3564428775.dir/build.make CMakeFiles/cmTryCompileExec3564428775.dir/build
make[1]: Entering directory `/home/ubuntu/src/github.com/vdun/stoke/stoke/stp/build/CMakeFiles/CMakeTmp'
/usr/bin/cmake -E cmake_progress_report /home/ubuntu/src/github.com/vdun/stoke/stoke/stp/build/CMakeFiles/CMakeTmp/CMakeFiles 1
Building CXX object CMakeFiles/cmTryCompileExec3564428775.dir/src.cxx.o
/usr/bin/c++    -std=gnu++0x  -fPIC -Wall -pedantic -Wunused -Wsign-compare -Wtype-limits -Wuninitialized -Wno-deprecated -Wstrict-aliasing -Wpointer-arith -DHAVE_HASH_SET_STD   -o CMakeFiles/cmTryCompileExec3564428775.dir/src.cxx.o -c /home/ubuntu/src/github.com/vdun/stoke/stoke/stp/build/CMakeFiles/CMakeTmp/src.cxx
Linking CXX executable cmTryCompileExec3564428775
/usr/bin/cmake -E cmake_link_script CMakeFiles/cmTryCompileExec3564428775.dir/link.txt --verbose=1
/usr/bin/c++   -std=gnu++0x  -fPIC -Wall -pedantic -Wunused -Wsign-compare -Wtype-limits -Wuninitialized -Wno-deprecated -Wstrict-aliasing -Wpointer-arith -DHAVE_HASH_SET_STD    CMakeFiles/cmTryCompileExec3564428775.dir/src.cxx.o  -o cmTryCompileExec3564428775 -rdynamic 
make[1]: Leaving directory `/home/ubuntu/src/github.com/vdun/stoke/stoke/stp/build/CMakeFiles/CMakeTmp'

Source file was:

    #include <unordered_set>
    int main() {
      std::unordered_set<int> t;
    }
Performing C++ SOURCE FILE Test HAVE_HASH_MULTISET_STD succeded with the following output:
Change Dir: /home/ubuntu/src/github.com/vdun/stoke/stoke/stp/build/CMakeFiles/CMakeTmp

Run Build Command:/usr/bin/make "cmTryCompileExec3879427423/fast"
/usr/bin/make -f CMakeFiles/cmTryCompileExec3879427423.dir/build.make CMakeFiles/cmTryCompileExec3879427423.dir/build
make[1]: Entering directory `/home/ubuntu/src/github.com/vdun/stoke/stoke/stp/build/CMakeFiles/CMakeTmp'
/usr/bin/cmake -E cmake_progress_report /home/ubuntu/src/github.com/vdun/stoke/stoke/stp/build/CMakeFiles/CMakeTmp/CMakeFiles 1
Building CXX object CMakeFiles/cmTryCompileExec3879427423.dir/src.cxx.o
/usr/bin/c++    -std=gnu++0x  -fPIC -Wall -pedantic -Wunused -Wsign-compare -Wtype-limits -Wuninitialized -Wno-deprecated -Wstrict-aliasing -Wpointer-arith -DHAVE_HASH_MULTISET_STD   -o CMakeFiles/cmTryCompileExec3879427423.dir/src.cxx.o -c /home/ubuntu/src/github.com/vdun/stoke/stoke/stp/build/CMakeFiles/CMakeTmp/src.cxx
Linking CXX executable cmTryCompileExec3879427423
/usr/bin/cmake -E cmake_link_script CMakeFiles/cmTryCompileExec3879427423.dir/link.txt --verbose=1
/usr/bin/c++   -std=gnu++0x  -fPIC -Wall -pedantic -Wunused -Wsign-compare -Wtype-limits -Wuninitialized -Wno-deprecated -Wstrict-aliasing -Wpointer-arith -DHAVE_HASH_MULTISET_STD    CMakeFiles/cmTryCompileExec3879427423.dir/src.cxx.o  -o cmTryCompileExec3879427423 -rdynamic 
make[1]: Leaving directory `/home/ubuntu/src/github.com/vdun/stoke/stoke/stp/build/CMakeFiles/CMakeTmp'

Source file was:

    #include <unordered_set>
    int main() {
      std::unordered_multiset<int> t;
    }
Performing C++ SOURCE FILE Test HAVE_HASH_MAP_STD succeded with the following output:
Change Dir: /home/ubuntu/src/github.com/vdun/stoke/stoke/stp/build/CMakeFiles/CMakeTmp

Run Build Command:/usr/bin/make "cmTryCompileExec281696485/fast"
/usr/bin/make -f CMakeFiles/cmTryCompileExec281696485.dir/build.make CMakeFiles/cmTryCompileExec281696485.dir/build
make[1]: Entering directory `/home/ubuntu/src/github.com/vdun/stoke/stoke/stp/build/CMakeFiles/CMakeTmp'
/usr/bin/cmake -E cmake_progress_report /home/ubuntu/src/github.com/vdun/stoke/stoke/stp/build/CMakeFiles/CMakeTmp/CMakeFiles 1
Building CXX object CMakeFiles/cmTryCompileExec281696485.dir/src.cxx.o
/usr/bin/c++    -std=gnu++0x  -fPIC -Wall -pedantic -Wunused -Wsign-compare -Wtype-limits -Wuninitialized -Wno-deprecated -Wstrict-aliasing -Wpointer-arith -DHAVE_HASH_MAP_STD   -o CMakeFiles/cmTryCompileExec281696485.dir/src.cxx.o -c /home/ubuntu/src/github.com/vdun/stoke/stoke/stp/build/CMakeFiles/CMakeTmp/src.cxx
Linking CXX executable cmTryCompileExec281696485
/usr/bin/cmake -E cmake_link_script CMakeFiles/cmTryCompileExec281696485.dir/link.txt --verbose=1
/usr/bin/c++   -std=gnu++0x  -fPIC -Wall -pedantic -Wunused -Wsign-compare -Wtype-limits -Wuninitialized -Wno-deprecated -Wstrict-aliasing -Wpointer-arith -DHAVE_HASH_MAP_STD    CMakeFiles/cmTryCompileExec281696485.dir/src.cxx.o  -o cmTryCompileExec281696485 -rdynamic 
make[1]: Leaving directory `/home/ubuntu/src/github.com/vdun/stoke/stoke/stp/build/CMakeFiles/CMakeTmp'

Source file was:

    #include <unordered_map>
    int main() {
      std::unordered_map<int, int> t;
    }
Performing C SOURCE FILE Test HAVE_C_FLAG_-fPIC succeded with the following output:
Change Dir: /home/ubuntu/src/github.com/vdun/stoke/stoke/stp/build/CMakeFiles/CMakeTmp

Run Build Command:/usr/bin/make "cmTryCompileExec1804374611/fast"
/usr/bin/make -f CMakeFiles/cmTryCompileExec1804374611.dir/build.make CMakeFiles/cmTryCompileExec1804374611.dir/build
make[1]: Entering directory `/home/ubuntu/src/github.com/vdun/stoke/stoke/stp/build/CMakeFiles/CMakeTmp'
/usr/bin/cmake -E cmake_progress_report /home/ubuntu/src/github.com/vdun/stoke/stoke/stp/build/CMakeFiles/CMakeTmp/CMakeFiles 1
Building C object CMakeFiles/cmTryCompileExec1804374611.dir/src.c.o
/usr/bin/cc   -DHAVE_C_FLAG_-fPIC   -fPIC -o CMakeFiles/cmTryCompileExec1804374611.dir/src.c.o   -c /home/ubuntu/src/github.com/vdun/stoke/stoke/stp/build/CMakeFiles/CMakeTmp/src.c
<command-line>:0:13: warning: missing whitespace after the macro name [enabled by default]
Linking C executable cmTryCompileExec1804374611
/usr/bin/cmake -E cmake_link_script CMakeFiles/cmTryCompileExec1804374611.dir/link.txt --verbose=1
/usr/bin/cc   -DHAVE_C_FLAG_-fPIC    CMakeFiles/cmTryCompileExec1804374611.dir/src.c.o  -o cmTryCompileExec1804374611 -rdynamic 
make[1]: Leaving directory `/home/ubuntu/src/github.com/vdun/stoke/stoke/stp/build/CMakeFiles/CMakeTmp'

Source file was:
int main(void) { return 0; }
