Performing C++ SOURCE FILE Test HAVE_FLAG_STD_GNUCPP11 failed with the following output:
Change Dir: /home/ubuntu/src/github.com/vdun/stoke/stoke/stp/build/CMakeFiles/CMakeTmp

Run Build Command:/usr/bin/make "cmTryCompileExec1808255488/fast"
/usr/bin/make -f CMakeFiles/cmTryCompileExec1808255488.dir/build.make CMakeFiles/cmTryCompileExec1808255488.dir/build
make[1]: Entering directory `/home/ubuntu/src/github.com/vdun/stoke/stoke/stp/build/CMakeFiles/CMakeTmp'
/usr/bin/cmake -E cmake_progress_report /home/ubuntu/src/github.com/vdun/stoke/stoke/stp/build/CMakeFiles/CMakeTmp/CMakeFiles 1
Building CXX object CMakeFiles/cmTryCompileExec1808255488.dir/src.cxx.o
/usr/bin/c++    -fPIC -DHAVE_FLAG_STD_GNUCPP11   -std=gnu++11 -o CMakeFiles/cmTryCompileExec1808255488.dir/src.cxx.o -c /home/ubuntu/src/github.com/vdun/stoke/stoke/stp/build/CMakeFiles/CMakeTmp/src.cxx
cc1plus: error: unrecognized command line option '-std=gnu++11'
make[1]: Leaving directory `/home/ubuntu/src/github.com/vdun/stoke/stoke/stp/build/CMakeFiles/CMakeTmp'
make[1]: *** [CMakeFiles/cmTryCompileExec1808255488.dir/src.cxx.o] Error 1
make: *** [cmTryCompileExec1808255488/fast] Error 2

Source file was:
int main() { return 0;}
Performing C++ SOURCE FILE Test HAVE_FLAG_STD_CPP11 failed with the following output:
Change Dir: /home/ubuntu/src/github.com/vdun/stoke/stoke/stp/build/CMakeFiles/CMakeTmp

Run Build Command:/usr/bin/make "cmTryCompileExec3737420473/fast"
/usr/bin/make -f CMakeFiles/cmTryCompileExec3737420473.dir/build.make CMakeFiles/cmTryCompileExec3737420473.dir/build
make[1]: Entering directory `/home/ubuntu/src/github.com/vdun/stoke/stoke/stp/build/CMakeFiles/CMakeTmp'
/usr/bin/cmake -E cmake_progress_report /home/ubuntu/src/github.com/vdun/stoke/stoke/stp/build/CMakeFiles/CMakeTmp/CMakeFiles 1
Building CXX object CMakeFiles/cmTryCompileExec3737420473.dir/src.cxx.o
/usr/bin/c++    -fPIC -DHAVE_FLAG_STD_CPP11   -std=c++11 -o CMakeFiles/cmTryCompileExec3737420473.dir/src.cxx.o -c /home/ubuntu/src/github.com/vdun/stoke/stoke/stp/build/CMakeFiles/CMakeTmp/src.cxx
cc1plus: error: unrecognized command line option '-std=c++11'
make[1]: Leaving directory `/home/ubuntu/src/github.com/vdun/stoke/stoke/stp/build/CMakeFiles/CMakeTmp'
make[1]: *** [CMakeFiles/cmTryCompileExec3737420473.dir/src.cxx.o] Error 1
make: *** [cmTryCompileExec3737420473/fast] Error 2

Source file was:
int main() { return 0;}
Performing C++ SOURCE FILE Test HAVE_FLAG_STDLIB_LIBCPP failed with the following output:
Change Dir: /home/ubuntu/src/github.com/vdun/stoke/stoke/stp/build/CMakeFiles/CMakeTmp

Run Build Command:/usr/bin/make "cmTryCompileExec1873155255/fast"
/usr/bin/make -f CMakeFiles/cmTryCompileExec1873155255.dir/build.make CMakeFiles/cmTryCompileExec1873155255.dir/build
make[1]: Entering directory `/home/ubuntu/src/github.com/vdun/stoke/stoke/stp/build/CMakeFiles/CMakeTmp'
/usr/bin/cmake -E cmake_progress_report /home/ubuntu/src/github.com/vdun/stoke/stoke/stp/build/CMakeFiles/CMakeTmp/CMakeFiles 1
Building CXX object CMakeFiles/cmTryCompileExec1873155255.dir/src.cxx.o
/usr/bin/c++    -fPIC -DHAVE_FLAG_STDLIB_LIBCPP   -stdlib=libc++ -o CMakeFiles/cmTryCompileExec1873155255.dir/src.cxx.o -c /home/ubuntu/src/github.com/vdun/stoke/stoke/stp/build/CMakeFiles/CMakeTmp/src.cxx
cc1plus: error: unrecognized command line option '-stdlib=libc++'
make[1]: Leaving directory `/home/ubuntu/src/github.com/vdun/stoke/stoke/stp/build/CMakeFiles/CMakeTmp'
make[1]: *** [CMakeFiles/cmTryCompileExec1873155255.dir/src.cxx.o] Error 1
make: *** [cmTryCompileExec1873155255/fast] Error 2

Source file was:
int main() { return 0;}
Performing C++ SOURCE FILE Test HAVE_FLAG_-Wheader-guard failed with the following output:
Change Dir: /home/ubuntu/src/github.com/vdun/stoke/stoke/stp/build/CMakeFiles/CMakeTmp

Run Build Command:/usr/bin/make "cmTryCompileExec1893116929/fast"
/usr/bin/make -f CMakeFiles/cmTryCompileExec1893116929.dir/build.make CMakeFiles/cmTryCompileExec1893116929.dir/build
make[1]: Entering directory `/home/ubuntu/src/github.com/vdun/stoke/stoke/stp/build/CMakeFiles/CMakeTmp'
/usr/bin/cmake -E cmake_progress_report /home/ubuntu/src/github.com/vdun/stoke/stoke/stp/build/CMakeFiles/CMakeTmp/CMakeFiles 1
Building CXX object CMakeFiles/cmTryCompileExec1893116929.dir/src.cxx.o
/usr/bin/c++    -std=gnu++0x  -fPIC -Wall -pedantic -Wunused -Wsign-compare -Wtype-limits -Wuninitialized -Wno-deprecated -Wstrict-aliasing -Wpointer-arith -DHAVE_FLAG_-Wheader-guard   -Wheader-guard -o CMakeFiles/cmTryCompileExec1893116929.dir/src.cxx.o -c /home/ubuntu/src/github.com/vdun/stoke/stoke/stp/build/CMakeFiles/CMakeTmp/src.cxx
cc1plus: error: unrecognized command line option '-Wheader-guard'
make[1]: Leaving directory `/home/ubuntu/src/github.com/vdun/stoke/stoke/stp/build/CMakeFiles/CMakeTmp'
make[1]: *** [CMakeFiles/cmTryCompileExec1893116929.dir/src.cxx.o] Error 1
make: *** [cmTryCompileExec1893116929/fast] Error 2

Source file was:
int main() { return 0;}
