The system is: Linux - 2.6.32-042stab090.5 - x86_64
Compiling the C compiler identification source file "CMakeCCompilerId.c" succeeded.
Compiler: /usr/bin/cc 
Build flags: 
Id flags: 

The output was:
0


Compilation of the C compiler identification source "CMakeCCompilerId.c" produced "a.out"

The C compiler identification is GNU, found in "/home/travis/build/vdun/stoke/stoke/stp/build/CMakeFiles/2.8.12.2/CompilerIdC/a.out"

Compiling the CXX compiler identification source file "CMakeCXXCompilerId.cpp" succeeded.
Compiler: /usr/bin/c++ 
Build flags: 
Id flags: 

The output was:
0


Compilation of the CXX compiler identification source "CMakeCXXCompilerId.cpp" produced "a.out"

The CXX compiler identification is GNU, found in "/home/travis/build/vdun/stoke/stoke/stp/build/CMakeFiles/2.8.12.2/CompilerIdCXX/a.out"

Determining if the C compiler works passed with the following output:
Change Dir: /home/travis/build/vdun/stoke/stoke/stp/build/CMakeFiles/CMakeTmp

Run Build Command:/usr/bin/make "cmTryCompileExec2042992309/fast"
/usr/bin/make -f CMakeFiles/cmTryCompileExec2042992309.dir/build.make CMakeFiles/cmTryCompileExec2042992309.dir/build
make[1]: Entering directory `/home/travis/build/vdun/stoke/stoke/stp/build/CMakeFiles/CMakeTmp'
/usr/bin/cmake -E cmake_progress_report /home/travis/build/vdun/stoke/stoke/stp/build/CMakeFiles/CMakeTmp/CMakeFiles 1
Building C object CMakeFiles/cmTryCompileExec2042992309.dir/testCCompiler.c.o
/usr/bin/cc    -o CMakeFiles/cmTryCompileExec2042992309.dir/testCCompiler.c.o   -c /home/travis/build/vdun/stoke/stoke/stp/build/CMakeFiles/CMakeTmp/testCCompiler.c
Linking C executable cmTryCompileExec2042992309
/usr/bin/cmake -E cmake_link_script CMakeFiles/cmTryCompileExec2042992309.dir/link.txt --verbose=1
/usr/bin/cc       CMakeFiles/cmTryCompileExec2042992309.dir/testCCompiler.c.o  -o cmTryCompileExec2042992309 -rdynamic 
make[1]: Leaving directory `/home/travis/build/vdun/stoke/stoke/stp/build/CMakeFiles/CMakeTmp'


Detecting C compiler ABI info compiled with the following output:
Change Dir: /home/travis/build/vdun/stoke/stoke/stp/build/CMakeFiles/CMakeTmp

Run Build Command:/usr/bin/make "cmTryCompileExec1716120667/fast"
/usr/bin/make -f CMakeFiles/cmTryCompileExec1716120667.dir/build.make CMakeFiles/cmTryCompileExec1716120667.dir/build
make[1]: Entering directory `/home/travis/build/vdun/stoke/stoke/stp/build/CMakeFiles/CMakeTmp'
/usr/bin/cmake -E cmake_progress_report /home/travis/build/vdun/stoke/stoke/stp/build/CMakeFiles/CMakeTmp/CMakeFiles 1
Building C object CMakeFiles/cmTryCompileExec1716120667.dir/CMakeCCompilerABI.c.o
/usr/bin/cc    -o CMakeFiles/cmTryCompileExec1716120667.dir/CMakeCCompilerABI.c.o   -c /usr/share/cmake-2.8/Modules/CMakeCCompilerABI.c
Linking C executable cmTryCompileExec1716120667
/usr/bin/cmake -E cmake_link_script CMakeFiles/cmTryCompileExec1716120667.dir/link.txt --verbose=1
/usr/bin/cc     -v CMakeFiles/cmTryCompileExec1716120667.dir/CMakeCCompilerABI.c.o  -o cmTryCompileExec1716120667 -rdynamic  
Using built-in specs.
COLLECT_GCC=/usr/bin/cc
COLLECT_LTO_WRAPPER=/usr/lib/gcc/x86_64-linux-gnu/4.8/lto-wrapper
Target: x86_64-linux-gnu
Configured with: ../src/configure -v --with-pkgversion='Ubuntu 4.8.2-19ubuntu1' --with-bugurl=file:///usr/share/doc/gcc-4.8/README.Bugs --enable-languages=c,c++,java,go,d,fortran,objc,obj-c++ --prefix=/usr --program-suffix=-4.8 --enable-shared --enable-linker-build-id --libexecdir=/usr/lib --without-included-gettext --enable-threads=posix --with-gxx-include-dir=/usr/include/c++/4.8 --libdir=/usr/lib --enable-nls --with-sysroot=/ --enable-clocale=gnu --enable-libstdcxx-debug --enable-libstdcxx-time=yes --enable-gnu-unique-object --disable-libmudflap --enable-plugin --with-system-zlib --disable-browser-plugin --enable-java-awt=gtk --enable-gtk-cairo --with-java-home=/usr/lib/jvm/java-1.5.0-gcj-4.8-amd64/jre --enable-java-home --with-jvm-root-dir=/usr/lib/jvm/java-1.5.0-gcj-4.8-amd64 --with-jvm-jar-dir=/usr/lib/jvm-exports/java-1.5.0-gcj-4.8-amd64 --with-arch-directory=amd64 --with-ecj-jar=/usr/share/java/eclipse-ecj.jar --enable-objc-gc --enable-multiarch --disable-werror --with-arch-32=i686 --with-abi=m64 --with-multilib-list=m32,m64,mx32 --with-tune=generic --enable-checking=release --build=x86_64-linux-gnu --host=x86_64-linux-gnu --target=x86_64-linux-gnu
Thread model: posix
gcc version 4.8.2 (Ubuntu 4.8.2-19ubuntu1) 
COMPILER_PATH=/usr/lib/gcc/x86_64-linux-gnu/4.8/:/usr/lib/gcc/x86_64-linux-gnu/4.8/:/usr/lib/gcc/x86_64-linux-gnu/:/usr/lib/gcc/x86_64-linux-gnu/4.8/:/usr/lib/gcc/x86_64-linux-gnu/
LIBRARY_PATH=/usr/lib/gcc/x86_64-linux-gnu/4.8/:/usr/lib/gcc/x86_64-linux-gnu/4.8/../../../x86_64-linux-gnu/:/usr/lib/gcc/x86_64-linux-gnu/4.8/../../../../lib/:/lib/x86_64-linux-gnu/:/lib/../lib/:/usr/lib/x86_64-linux-gnu/:/usr/lib/../lib/:/usr/lib/gcc/x86_64-linux-gnu/4.8/../../../:/lib/:/usr/lib/
COLLECT_GCC_OPTIONS='-v' '-o' 'cmTryCompileExec1716120667' '-rdynamic' '-mtune=generic' '-march=x86-64'
 /usr/lib/gcc/x86_64-linux-gnu/4.8/collect2 --sysroot=/ --build-id --eh-frame-hdr -m elf_x86_64 --hash-style=gnu --as-needed -export-dynamic -dynamic-linker /lib64/ld-linux-x86-64.so.2 -z relro -o cmTryCompileExec1716120667 /usr/lib/gcc/x86_64-linux-gnu/4.8/../../../x86_64-linux-gnu/crt1.o /usr/lib/gcc/x86_64-linux-gnu/4.8/../../../x86_64-linux-gnu/crti.o /usr/lib/gcc/x86_64-linux-gnu/4.8/crtbegin.o -L/usr/lib/gcc/x86_64-linux-gnu/4.8 -L/usr/lib/gcc/x86_64-linux-gnu/4.8/../../../x86_64-linux-gnu -L/usr/lib/gcc/x86_64-linux-gnu/4.8/../../../../lib -L/lib/x86_64-linux-gnu -L/lib/../lib -L/usr/lib/x86_64-linux-gnu -L/usr/lib/../lib -L/usr/lib/gcc/x86_64-linux-gnu/4.8/../../.. CMakeFiles/cmTryCompileExec1716120667.dir/CMakeCCompilerABI.c.o -lgcc --as-needed -lgcc_s --no-as-needed -lc -lgcc --as-needed -lgcc_s --no-as-needed /usr/lib/gcc/x86_64-linux-gnu/4.8/crtend.o /usr/lib/gcc/x86_64-linux-gnu/4.8/../../../x86_64-linux-gnu/crtn.o
make[1]: Leaving directory `/home/travis/build/vdun/stoke/stoke/stp/build/CMakeFiles/CMakeTmp'


Parsed C implicit link information from above output:
  link line regex: [^( *|.*[/\])(ld|([^/\]+-)?ld|collect2)[^/\]*( |$)]
  ignore line: [Change Dir: /home/travis/build/vdun/stoke/stoke/stp/build/CMakeFiles/CMakeTmp]
  ignore line: []
  ignore line: [Run Build Command:/usr/bin/make "cmTryCompileExec1716120667/fast"]
  ignore line: [/usr/bin/make -f CMakeFiles/cmTryCompileExec1716120667.dir/build.make CMakeFiles/cmTryCompileExec1716120667.dir/build]
  ignore line: [make[1]: Entering directory `/home/travis/build/vdun/stoke/stoke/stp/build/CMakeFiles/CMakeTmp']
  ignore line: [/usr/bin/cmake -E cmake_progress_report /home/travis/build/vdun/stoke/stoke/stp/build/CMakeFiles/CMakeTmp/CMakeFiles 1]
  ignore line: [Building C object CMakeFiles/cmTryCompileExec1716120667.dir/CMakeCCompilerABI.c.o]
  ignore line: [/usr/bin/cc    -o CMakeFiles/cmTryCompileExec1716120667.dir/CMakeCCompilerABI.c.o   -c /usr/share/cmake-2.8/Modules/CMakeCCompilerABI.c]
  ignore line: [Linking C executable cmTryCompileExec1716120667]
  ignore line: [/usr/bin/cmake -E cmake_link_script CMakeFiles/cmTryCompileExec1716120667.dir/link.txt --verbose=1]
  ignore line: [/usr/bin/cc     -v CMakeFiles/cmTryCompileExec1716120667.dir/CMakeCCompilerABI.c.o  -o cmTryCompileExec1716120667 -rdynamic  ]
  ignore line: [Using built-in specs.]
  ignore line: [COLLECT_GCC=/usr/bin/cc]
  ignore line: [COLLECT_LTO_WRAPPER=/usr/lib/gcc/x86_64-linux-gnu/4.8/lto-wrapper]
  ignore line: [Target: x86_64-linux-gnu]
  ignore line: [Configured with: ../src/configure -v --with-pkgversion='Ubuntu 4.8.2-19ubuntu1' --with-bugurl=file:///usr/share/doc/gcc-4.8/README.Bugs --enable-languages=c,c++,java,go,d,fortran,objc,obj-c++ --prefix=/usr --program-suffix=-4.8 --enable-shared --enable-linker-build-id --libexecdir=/usr/lib --without-included-gettext --enable-threads=posix --with-gxx-include-dir=/usr/include/c++/4.8 --libdir=/usr/lib --enable-nls --with-sysroot=/ --enable-clocale=gnu --enable-libstdcxx-debug --enable-libstdcxx-time=yes --enable-gnu-unique-object --disable-libmudflap --enable-plugin --with-system-zlib --disable-browser-plugin --enable-java-awt=gtk --enable-gtk-cairo --with-java-home=/usr/lib/jvm/java-1.5.0-gcj-4.8-amd64/jre --enable-java-home --with-jvm-root-dir=/usr/lib/jvm/java-1.5.0-gcj-4.8-amd64 --with-jvm-jar-dir=/usr/lib/jvm-exports/java-1.5.0-gcj-4.8-amd64 --with-arch-directory=amd64 --with-ecj-jar=/usr/share/java/eclipse-ecj.jar --enable-objc-gc --enable-multiarch --disable-werror --with-arch-32=i686 --with-abi=m64 --with-multilib-list=m32,m64,mx32 --with-tune=generic --enable-checking=release --build=x86_64-linux-gnu --host=x86_64-linux-gnu --target=x86_64-linux-gnu]
  ignore line: [Thread model: posix]
  ignore line: [gcc version 4.8.2 (Ubuntu 4.8.2-19ubuntu1) ]
  ignore line: [COMPILER_PATH=/usr/lib/gcc/x86_64-linux-gnu/4.8/:/usr/lib/gcc/x86_64-linux-gnu/4.8/:/usr/lib/gcc/x86_64-linux-gnu/:/usr/lib/gcc/x86_64-linux-gnu/4.8/:/usr/lib/gcc/x86_64-linux-gnu/]
  ignore line: [LIBRARY_PATH=/usr/lib/gcc/x86_64-linux-gnu/4.8/:/usr/lib/gcc/x86_64-linux-gnu/4.8/../../../x86_64-linux-gnu/:/usr/lib/gcc/x86_64-linux-gnu/4.8/../../../../lib/:/lib/x86_64-linux-gnu/:/lib/../lib/:/usr/lib/x86_64-linux-gnu/:/usr/lib/../lib/:/usr/lib/gcc/x86_64-linux-gnu/4.8/../../../:/lib/:/usr/lib/]
  ignore line: [COLLECT_GCC_OPTIONS='-v' '-o' 'cmTryCompileExec1716120667' '-rdynamic' '-mtune=generic' '-march=x86-64']
  link line: [ /usr/lib/gcc/x86_64-linux-gnu/4.8/collect2 --sysroot=/ --build-id --eh-frame-hdr -m elf_x86_64 --hash-style=gnu --as-needed -export-dynamic -dynamic-linker /lib64/ld-linux-x86-64.so.2 -z relro -o cmTryCompileExec1716120667 /usr/lib/gcc/x86_64-linux-gnu/4.8/../../../x86_64-linux-gnu/crt1.o /usr/lib/gcc/x86_64-linux-gnu/4.8/../../../x86_64-linux-gnu/crti.o /usr/lib/gcc/x86_64-linux-gnu/4.8/crtbegin.o -L/usr/lib/gcc/x86_64-linux-gnu/4.8 -L/usr/lib/gcc/x86_64-linux-gnu/4.8/../../../x86_64-linux-gnu -L/usr/lib/gcc/x86_64-linux-gnu/4.8/../../../../lib -L/lib/x86_64-linux-gnu -L/lib/../lib -L/usr/lib/x86_64-linux-gnu -L/usr/lib/../lib -L/usr/lib/gcc/x86_64-linux-gnu/4.8/../../.. CMakeFiles/cmTryCompileExec1716120667.dir/CMakeCCompilerABI.c.o -lgcc --as-needed -lgcc_s --no-as-needed -lc -lgcc --as-needed -lgcc_s --no-as-needed /usr/lib/gcc/x86_64-linux-gnu/4.8/crtend.o /usr/lib/gcc/x86_64-linux-gnu/4.8/../../../x86_64-linux-gnu/crtn.o]
    arg [/usr/lib/gcc/x86_64-linux-gnu/4.8/collect2] ==> ignore
    arg [--sysroot=/] ==> ignore
    arg [--build-id] ==> ignore
    arg [--eh-frame-hdr] ==> ignore
    arg [-m] ==> ignore
    arg [elf_x86_64] ==> ignore
    arg [--hash-style=gnu] ==> ignore
    arg [--as-needed] ==> ignore
    arg [-export-dynamic] ==> ignore
    arg [-dynamic-linker] ==> ignore
    arg [/lib64/ld-linux-x86-64.so.2] ==> ignore
    arg [-zrelro] ==> ignore
    arg [-o] ==> ignore
    arg [cmTryCompileExec1716120667] ==> ignore
    arg [/usr/lib/gcc/x86_64-linux-gnu/4.8/../../../x86_64-linux-gnu/crt1.o] ==> ignore
    arg [/usr/lib/gcc/x86_64-linux-gnu/4.8/../../../x86_64-linux-gnu/crti.o] ==> ignore
    arg [/usr/lib/gcc/x86_64-linux-gnu/4.8/crtbegin.o] ==> ignore
    arg [-L/usr/lib/gcc/x86_64-linux-gnu/4.8] ==> dir [/usr/lib/gcc/x86_64-linux-gnu/4.8]
    arg [-L/usr/lib/gcc/x86_64-linux-gnu/4.8/../../../x86_64-linux-gnu] ==> dir [/usr/lib/gcc/x86_64-linux-gnu/4.8/../../../x86_64-linux-gnu]
    arg [-L/usr/lib/gcc/x86_64-linux-gnu/4.8/../../../../lib] ==> dir [/usr/lib/gcc/x86_64-linux-gnu/4.8/../../../../lib]
    arg [-L/lib/x86_64-linux-gnu] ==> dir [/lib/x86_64-linux-gnu]
    arg [-L/lib/../lib] ==> dir [/lib/../lib]
    arg [-L/usr/lib/x86_64-linux-gnu] ==> dir [/usr/lib/x86_64-linux-gnu]
    arg [-L/usr/lib/../lib] ==> dir [/usr/lib/../lib]
    arg [-L/usr/lib/gcc/x86_64-linux-gnu/4.8/../../..] ==> dir [/usr/lib/gcc/x86_64-linux-gnu/4.8/../../..]
    arg [CMakeFiles/cmTryCompileExec1716120667.dir/CMakeCCompilerABI.c.o] ==> ignore
    arg [-lgcc] ==> lib [gcc]
    arg [--as-needed] ==> ignore
    arg [-lgcc_s] ==> lib [gcc_s]
    arg [--no-as-needed] ==> ignore
    arg [-lc] ==> lib [c]
    arg [-lgcc] ==> lib [gcc]
    arg [--as-needed] ==> ignore
    arg [-lgcc_s] ==> lib [gcc_s]
    arg [--no-as-needed] ==> ignore
    arg [/usr/lib/gcc/x86_64-linux-gnu/4.8/crtend.o] ==> ignore
    arg [/usr/lib/gcc/x86_64-linux-gnu/4.8/../../../x86_64-linux-gnu/crtn.o] ==> ignore
  remove lib [gcc]
  remove lib [gcc_s]
  remove lib [gcc]
  remove lib [gcc_s]
  collapse library dir [/usr/lib/gcc/x86_64-linux-gnu/4.8] ==> [/usr/lib/gcc/x86_64-linux-gnu/4.8]
  collapse library dir [/usr/lib/gcc/x86_64-linux-gnu/4.8/../../../x86_64-linux-gnu] ==> [/usr/lib/x86_64-linux-gnu]
  collapse library dir [/usr/lib/gcc/x86_64-linux-gnu/4.8/../../../../lib] ==> [/usr/lib]
  collapse library dir [/lib/x86_64-linux-gnu] ==> [/lib/x86_64-linux-gnu]
  collapse library dir [/lib/../lib] ==> [/lib]
  collapse library dir [/usr/lib/x86_64-linux-gnu] ==> [/usr/lib/x86_64-linux-gnu]
  collapse library dir [/usr/lib/../lib] ==> [/usr/lib]
  collapse library dir [/usr/lib/gcc/x86_64-linux-gnu/4.8/../../..] ==> [/usr/lib]
  implicit libs: [c]
  implicit dirs: [/usr/lib/gcc/x86_64-linux-gnu/4.8;/usr/lib/x86_64-linux-gnu;/usr/lib;/lib/x86_64-linux-gnu;/lib]
  implicit fwks: []


Determining if the CXX compiler works passed with the following output:
Change Dir: /home/travis/build/vdun/stoke/stoke/stp/build/CMakeFiles/CMakeTmp

Run Build Command:/usr/bin/make "cmTryCompileExec2078838564/fast"
/usr/bin/make -f CMakeFiles/cmTryCompileExec2078838564.dir/build.make CMakeFiles/cmTryCompileExec2078838564.dir/build
make[1]: Entering directory `/home/travis/build/vdun/stoke/stoke/stp/build/CMakeFiles/CMakeTmp'
/usr/bin/cmake -E cmake_progress_report /home/travis/build/vdun/stoke/stoke/stp/build/CMakeFiles/CMakeTmp/CMakeFiles 1
Building CXX object CMakeFiles/cmTryCompileExec2078838564.dir/testCXXCompiler.cxx.o
/usr/bin/c++     -o CMakeFiles/cmTryCompileExec2078838564.dir/testCXXCompiler.cxx.o -c /home/travis/build/vdun/stoke/stoke/stp/build/CMakeFiles/CMakeTmp/testCXXCompiler.cxx
Linking CXX executable cmTryCompileExec2078838564
/usr/bin/cmake -E cmake_link_script CMakeFiles/cmTryCompileExec2078838564.dir/link.txt --verbose=1
/usr/bin/c++        CMakeFiles/cmTryCompileExec2078838564.dir/testCXXCompiler.cxx.o  -o cmTryCompileExec2078838564 -rdynamic 
make[1]: Leaving directory `/home/travis/build/vdun/stoke/stoke/stp/build/CMakeFiles/CMakeTmp'


Detecting CXX compiler ABI info compiled with the following output:
Change Dir: /home/travis/build/vdun/stoke/stoke/stp/build/CMakeFiles/CMakeTmp

Run Build Command:/usr/bin/make "cmTryCompileExec3310065868/fast"
/usr/bin/make -f CMakeFiles/cmTryCompileExec3310065868.dir/build.make CMakeFiles/cmTryCompileExec3310065868.dir/build
make[1]: Entering directory `/home/travis/build/vdun/stoke/stoke/stp/build/CMakeFiles/CMakeTmp'
/usr/bin/cmake -E cmake_progress_report /home/travis/build/vdun/stoke/stoke/stp/build/CMakeFiles/CMakeTmp/CMakeFiles 1
Building CXX object CMakeFiles/cmTryCompileExec3310065868.dir/CMakeCXXCompilerABI.cpp.o
/usr/bin/c++     -o CMakeFiles/cmTryCompileExec3310065868.dir/CMakeCXXCompilerABI.cpp.o -c /usr/share/cmake-2.8/Modules/CMakeCXXCompilerABI.cpp
Linking CXX executable cmTryCompileExec3310065868
/usr/bin/cmake -E cmake_link_script CMakeFiles/cmTryCompileExec3310065868.dir/link.txt --verbose=1
/usr/bin/c++      -v CMakeFiles/cmTryCompileExec3310065868.dir/CMakeCXXCompilerABI.cpp.o  -o cmTryCompileExec3310065868 -rdynamic  
Using built-in specs.
COLLECT_GCC=/usr/bin/c++
COLLECT_LTO_WRAPPER=/usr/lib/gcc/x86_64-linux-gnu/4.6/lto-wrapper
Target: x86_64-linux-gnu
Configured with: ../src/configure -v --with-pkgversion='Ubuntu/Linaro 4.6.3-1ubuntu5' --with-bugurl=file:///usr/share/doc/gcc-4.6/README.Bugs --enable-languages=c,c++,fortran,objc,obj-c++ --prefix=/usr --program-suffix=-4.6 --enable-shared --enable-linker-build-id --with-system-zlib --libexecdir=/usr/lib --without-included-gettext --enable-threads=posix --with-gxx-include-dir=/usr/include/c++/4.6 --libdir=/usr/lib --enable-nls --with-sysroot=/ --enable-clocale=gnu --enable-libstdcxx-debug --enable-libstdcxx-time=yes --enable-gnu-unique-object --enable-plugin --enable-objc-gc --disable-werror --with-arch-32=i686 --with-tune=generic --enable-checking=release --build=x86_64-linux-gnu --host=x86_64-linux-gnu --target=x86_64-linux-gnu
Thread model: posix
gcc version 4.6.3 (Ubuntu/Linaro 4.6.3-1ubuntu5) 
COMPILER_PATH=/usr/lib/gcc/x86_64-linux-gnu/4.6/:/usr/lib/gcc/x86_64-linux-gnu/4.6/:/usr/lib/gcc/x86_64-linux-gnu/:/usr/lib/gcc/x86_64-linux-gnu/4.6/:/usr/lib/gcc/x86_64-linux-gnu/
LIBRARY_PATH=/usr/lib/gcc/x86_64-linux-gnu/4.6/:/usr/lib/gcc/x86_64-linux-gnu/4.6/../../../x86_64-linux-gnu/:/usr/lib/gcc/x86_64-linux-gnu/4.6/../../../../lib/:/lib/x86_64-linux-gnu/:/lib/../lib/:/usr/lib/x86_64-linux-gnu/:/usr/lib/../lib/:/usr/lib/gcc/x86_64-linux-gnu/4.6/../../../:/lib/:/usr/lib/
COLLECT_GCC_OPTIONS='-v' '-o' 'cmTryCompileExec3310065868' '-rdynamic' '-shared-libgcc' '-mtune=generic' '-march=x86-64'
 /usr/lib/gcc/x86_64-linux-gnu/4.6/collect2 --sysroot=/ --build-id --no-add-needed --as-needed --eh-frame-hdr -m elf_x86_64 --hash-style=gnu -export-dynamic -dynamic-linker /lib64/ld-linux-x86-64.so.2 -z relro -o cmTryCompileExec3310065868 /usr/lib/gcc/x86_64-linux-gnu/4.6/../../../x86_64-linux-gnu/crt1.o /usr/lib/gcc/x86_64-linux-gnu/4.6/../../../x86_64-linux-gnu/crti.o /usr/lib/gcc/x86_64-linux-gnu/4.6/crtbegin.o -L/usr/lib/gcc/x86_64-linux-gnu/4.6 -L/usr/lib/gcc/x86_64-linux-gnu/4.6/../../../x86_64-linux-gnu -L/usr/lib/gcc/x86_64-linux-gnu/4.6/../../../../lib -L/lib/x86_64-linux-gnu -L/lib/../lib -L/usr/lib/x86_64-linux-gnu -L/usr/lib/../lib -L/usr/lib/gcc/x86_64-linux-gnu/4.6/../../.. CMakeFiles/cmTryCompileExec3310065868.dir/CMakeCXXCompilerABI.cpp.o -lstdc++ -lm -lgcc_s -lgcc -lc -lgcc_s -lgcc /usr/lib/gcc/x86_64-linux-gnu/4.6/crtend.o /usr/lib/gcc/x86_64-linux-gnu/4.6/../../../x86_64-linux-gnu/crtn.o
make[1]: Leaving directory `/home/travis/build/vdun/stoke/stoke/stp/build/CMakeFiles/CMakeTmp'


Parsed CXX implicit link information from above output:
  link line regex: [^( *|.*[/\])(ld|([^/\]+-)?ld|collect2)[^/\]*( |$)]
  ignore line: [Change Dir: /home/travis/build/vdun/stoke/stoke/stp/build/CMakeFiles/CMakeTmp]
  ignore line: []
  ignore line: [Run Build Command:/usr/bin/make "cmTryCompileExec3310065868/fast"]
  ignore line: [/usr/bin/make -f CMakeFiles/cmTryCompileExec3310065868.dir/build.make CMakeFiles/cmTryCompileExec3310065868.dir/build]
  ignore line: [make[1]: Entering directory `/home/travis/build/vdun/stoke/stoke/stp/build/CMakeFiles/CMakeTmp']
  ignore line: [/usr/bin/cmake -E cmake_progress_report /home/travis/build/vdun/stoke/stoke/stp/build/CMakeFiles/CMakeTmp/CMakeFiles 1]
  ignore line: [Building CXX object CMakeFiles/cmTryCompileExec3310065868.dir/CMakeCXXCompilerABI.cpp.o]
  ignore line: [/usr/bin/c++     -o CMakeFiles/cmTryCompileExec3310065868.dir/CMakeCXXCompilerABI.cpp.o -c /usr/share/cmake-2.8/Modules/CMakeCXXCompilerABI.cpp]
  ignore line: [Linking CXX executable cmTryCompileExec3310065868]
  ignore line: [/usr/bin/cmake -E cmake_link_script CMakeFiles/cmTryCompileExec3310065868.dir/link.txt --verbose=1]
  ignore line: [/usr/bin/c++      -v CMakeFiles/cmTryCompileExec3310065868.dir/CMakeCXXCompilerABI.cpp.o  -o cmTryCompileExec3310065868 -rdynamic  ]
  ignore line: [Using built-in specs.]
  ignore line: [COLLECT_GCC=/usr/bin/c++]
  ignore line: [COLLECT_LTO_WRAPPER=/usr/lib/gcc/x86_64-linux-gnu/4.6/lto-wrapper]
  ignore line: [Target: x86_64-linux-gnu]
  ignore line: [Configured with: ../src/configure -v --with-pkgversion='Ubuntu/Linaro 4.6.3-1ubuntu5' --with-bugurl=file:///usr/share/doc/gcc-4.6/README.Bugs --enable-languages=c,c++,fortran,objc,obj-c++ --prefix=/usr --program-suffix=-4.6 --enable-shared --enable-linker-build-id --with-system-zlib --libexecdir=/usr/lib --without-included-gettext --enable-threads=posix --with-gxx-include-dir=/usr/include/c++/4.6 --libdir=/usr/lib --enable-nls --with-sysroot=/ --enable-clocale=gnu --enable-libstdcxx-debug --enable-libstdcxx-time=yes --enable-gnu-unique-object --enable-plugin --enable-objc-gc --disable-werror --with-arch-32=i686 --with-tune=generic --enable-checking=release --build=x86_64-linux-gnu --host=x86_64-linux-gnu --target=x86_64-linux-gnu]
  ignore line: [Thread model: posix]
  ignore line: [gcc version 4.6.3 (Ubuntu/Linaro 4.6.3-1ubuntu5) ]
  ignore line: [COMPILER_PATH=/usr/lib/gcc/x86_64-linux-gnu/4.6/:/usr/lib/gcc/x86_64-linux-gnu/4.6/:/usr/lib/gcc/x86_64-linux-gnu/:/usr/lib/gcc/x86_64-linux-gnu/4.6/:/usr/lib/gcc/x86_64-linux-gnu/]
  ignore line: [LIBRARY_PATH=/usr/lib/gcc/x86_64-linux-gnu/4.6/:/usr/lib/gcc/x86_64-linux-gnu/4.6/../../../x86_64-linux-gnu/:/usr/lib/gcc/x86_64-linux-gnu/4.6/../../../../lib/:/lib/x86_64-linux-gnu/:/lib/../lib/:/usr/lib/x86_64-linux-gnu/:/usr/lib/../lib/:/usr/lib/gcc/x86_64-linux-gnu/4.6/../../../:/lib/:/usr/lib/]
  ignore line: [COLLECT_GCC_OPTIONS='-v' '-o' 'cmTryCompileExec3310065868' '-rdynamic' '-shared-libgcc' '-mtune=generic' '-march=x86-64']
  link line: [ /usr/lib/gcc/x86_64-linux-gnu/4.6/collect2 --sysroot=/ --build-id --no-add-needed --as-needed --eh-frame-hdr -m elf_x86_64 --hash-style=gnu -export-dynamic -dynamic-linker /lib64/ld-linux-x86-64.so.2 -z relro -o cmTryCompileExec3310065868 /usr/lib/gcc/x86_64-linux-gnu/4.6/../../../x86_64-linux-gnu/crt1.o /usr/lib/gcc/x86_64-linux-gnu/4.6/../../../x86_64-linux-gnu/crti.o /usr/lib/gcc/x86_64-linux-gnu/4.6/crtbegin.o -L/usr/lib/gcc/x86_64-linux-gnu/4.6 -L/usr/lib/gcc/x86_64-linux-gnu/4.6/../../../x86_64-linux-gnu -L/usr/lib/gcc/x86_64-linux-gnu/4.6/../../../../lib -L/lib/x86_64-linux-gnu -L/lib/../lib -L/usr/lib/x86_64-linux-gnu -L/usr/lib/../lib -L/usr/lib/gcc/x86_64-linux-gnu/4.6/../../.. CMakeFiles/cmTryCompileExec3310065868.dir/CMakeCXXCompilerABI.cpp.o -lstdc++ -lm -lgcc_s -lgcc -lc -lgcc_s -lgcc /usr/lib/gcc/x86_64-linux-gnu/4.6/crtend.o /usr/lib/gcc/x86_64-linux-gnu/4.6/../../../x86_64-linux-gnu/crtn.o]
    arg [/usr/lib/gcc/x86_64-linux-gnu/4.6/collect2] ==> ignore
    arg [--sysroot=/] ==> ignore
    arg [--build-id] ==> ignore
    arg [--no-add-needed] ==> ignore
    arg [--as-needed] ==> ignore
    arg [--eh-frame-hdr] ==> ignore
    arg [-m] ==> ignore
    arg [elf_x86_64] ==> ignore
    arg [--hash-style=gnu] ==> ignore
    arg [-export-dynamic] ==> ignore
    arg [-dynamic-linker] ==> ignore
    arg [/lib64/ld-linux-x86-64.so.2] ==> ignore
    arg [-zrelro] ==> ignore
    arg [-o] ==> ignore
    arg [cmTryCompileExec3310065868] ==> ignore
    arg [/usr/lib/gcc/x86_64-linux-gnu/4.6/../../../x86_64-linux-gnu/crt1.o] ==> ignore
    arg [/usr/lib/gcc/x86_64-linux-gnu/4.6/../../../x86_64-linux-gnu/crti.o] ==> ignore
    arg [/usr/lib/gcc/x86_64-linux-gnu/4.6/crtbegin.o] ==> ignore
    arg [-L/usr/lib/gcc/x86_64-linux-gnu/4.6] ==> dir [/usr/lib/gcc/x86_64-linux-gnu/4.6]
    arg [-L/usr/lib/gcc/x86_64-linux-gnu/4.6/../../../x86_64-linux-gnu] ==> dir [/usr/lib/gcc/x86_64-linux-gnu/4.6/../../../x86_64-linux-gnu]
    arg [-L/usr/lib/gcc/x86_64-linux-gnu/4.6/../../../../lib] ==> dir [/usr/lib/gcc/x86_64-linux-gnu/4.6/../../../../lib]
    arg [-L/lib/x86_64-linux-gnu] ==> dir [/lib/x86_64-linux-gnu]
    arg [-L/lib/../lib] ==> dir [/lib/../lib]
    arg [-L/usr/lib/x86_64-linux-gnu] ==> dir [/usr/lib/x86_64-linux-gnu]
    arg [-L/usr/lib/../lib] ==> dir [/usr/lib/../lib]
    arg [-L/usr/lib/gcc/x86_64-linux-gnu/4.6/../../..] ==> dir [/usr/lib/gcc/x86_64-linux-gnu/4.6/../../..]
    arg [CMakeFiles/cmTryCompileExec3310065868.dir/CMakeCXXCompilerABI.cpp.o] ==> ignore
    arg [-lstdc++] ==> lib [stdc++]
    arg [-lm] ==> lib [m]
    arg [-lgcc_s] ==> lib [gcc_s]
    arg [-lgcc] ==> lib [gcc]
    arg [-lc] ==> lib [c]
    arg [-lgcc_s] ==> lib [gcc_s]
    arg [-lgcc] ==> lib [gcc]
    arg [/usr/lib/gcc/x86_64-linux-gnu/4.6/crtend.o] ==> ignore
    arg [/usr/lib/gcc/x86_64-linux-gnu/4.6/../../../x86_64-linux-gnu/crtn.o] ==> ignore
  remove lib [gcc_s]
  remove lib [gcc]
  remove lib [gcc_s]
  remove lib [gcc]
  collapse library dir [/usr/lib/gcc/x86_64-linux-gnu/4.6] ==> [/usr/lib/gcc/x86_64-linux-gnu/4.6]
  collapse library dir [/usr/lib/gcc/x86_64-linux-gnu/4.6/../../../x86_64-linux-gnu] ==> [/usr/lib/x86_64-linux-gnu]
  collapse library dir [/usr/lib/gcc/x86_64-linux-gnu/4.6/../../../../lib] ==> [/usr/lib]
  collapse library dir [/lib/x86_64-linux-gnu] ==> [/lib/x86_64-linux-gnu]
  collapse library dir [/lib/../lib] ==> [/lib]
  collapse library dir [/usr/lib/x86_64-linux-gnu] ==> [/usr/lib/x86_64-linux-gnu]
  collapse library dir [/usr/lib/../lib] ==> [/usr/lib]
  collapse library dir [/usr/lib/gcc/x86_64-linux-gnu/4.6/../../..] ==> [/usr/lib]
  implicit libs: [stdc++;m;c]
  implicit dirs: [/usr/lib/gcc/x86_64-linux-gnu/4.6;/usr/lib/x86_64-linux-gnu;/usr/lib;/lib/x86_64-linux-gnu;/lib]
  implicit fwks: []


Performing C++ SOURCE FILE Test HAVE_FLAG_-fPIC succeded with the following output:
Change Dir: /home/travis/build/vdun/stoke/stoke/stp/build/CMakeFiles/CMakeTmp

Run Build Command:/usr/bin/make "cmTryCompileExec3607449432/fast"
/usr/bin/make -f CMakeFiles/cmTryCompileExec3607449432.dir/build.make CMakeFiles/cmTryCompileExec3607449432.dir/build
make[1]: Entering directory `/home/travis/build/vdun/stoke/stoke/stp/build/CMakeFiles/CMakeTmp'
/usr/bin/cmake -E cmake_progress_report /home/travis/build/vdun/stoke/stoke/stp/build/CMakeFiles/CMakeTmp/CMakeFiles 1
Building CXX object CMakeFiles/cmTryCompileExec3607449432.dir/src.cxx.o
/usr/bin/c++    -DHAVE_FLAG_-fPIC   -fPIC -o CMakeFiles/cmTryCompileExec3607449432.dir/src.cxx.o -c /home/travis/build/vdun/stoke/stoke/stp/build/CMakeFiles/CMakeTmp/src.cxx
<command-line>:0:11: warning: missing whitespace after the macro name [enabled by default]
Linking CXX executable cmTryCompileExec3607449432
/usr/bin/cmake -E cmake_link_script CMakeFiles/cmTryCompileExec3607449432.dir/link.txt --verbose=1
/usr/bin/c++    -DHAVE_FLAG_-fPIC    CMakeFiles/cmTryCompileExec3607449432.dir/src.cxx.o  -o cmTryCompileExec3607449432 -rdynamic 
make[1]: Leaving directory `/home/travis/build/vdun/stoke/stoke/stp/build/CMakeFiles/CMakeTmp'

Source file was:
int main() { return 0;}
Performing C++ SOURCE FILE Test HAVE_FLAG_STD_GNUCPP0X succeded with the following output:
Change Dir: /home/travis/build/vdun/stoke/stoke/stp/build/CMakeFiles/CMakeTmp

Run Build Command:/usr/bin/make "cmTryCompileExec724590126/fast"
/usr/bin/make -f CMakeFiles/cmTryCompileExec724590126.dir/build.make CMakeFiles/cmTryCompileExec724590126.dir/build
make[1]: Entering directory `/home/travis/build/vdun/stoke/stoke/stp/build/CMakeFiles/CMakeTmp'
/usr/bin/cmake -E cmake_progress_report /home/travis/build/vdun/stoke/stoke/stp/build/CMakeFiles/CMakeTmp/CMakeFiles 1
Building CXX object CMakeFiles/cmTryCompileExec724590126.dir/src.cxx.o
/usr/bin/c++    -fPIC -DHAVE_FLAG_STD_GNUCPP0X   -std=gnu++0x -o CMakeFiles/cmTryCompileExec724590126.dir/src.cxx.o -c /home/travis/build/vdun/stoke/stoke/stp/build/CMakeFiles/CMakeTmp/src.cxx
Linking CXX executable cmTryCompileExec724590126
/usr/bin/cmake -E cmake_link_script CMakeFiles/cmTryCompileExec724590126.dir/link.txt --verbose=1
/usr/bin/c++    -fPIC -DHAVE_FLAG_STD_GNUCPP0X    CMakeFiles/cmTryCompileExec724590126.dir/src.cxx.o  -o cmTryCompileExec724590126 -rdynamic 
make[1]: Leaving directory `/home/travis/build/vdun/stoke/stoke/stp/build/CMakeFiles/CMakeTmp'

Source file was:
int main() { return 0;}
Performing C++ SOURCE FILE Test HAVE_FLAG_STD_CPP0X succeded with the following output:
Change Dir: /home/travis/build/vdun/stoke/stoke/stp/build/CMakeFiles/CMakeTmp

Run Build Command:/usr/bin/make "cmTryCompileExec3322089295/fast"
/usr/bin/make -f CMakeFiles/cmTryCompileExec3322089295.dir/build.make CMakeFiles/cmTryCompileExec3322089295.dir/build
make[1]: Entering directory `/home/travis/build/vdun/stoke/stoke/stp/build/CMakeFiles/CMakeTmp'
/usr/bin/cmake -E cmake_progress_report /home/travis/build/vdun/stoke/stoke/stp/build/CMakeFiles/CMakeTmp/CMakeFiles 1
Building CXX object CMakeFiles/cmTryCompileExec3322089295.dir/src.cxx.o
/usr/bin/c++    -fPIC -DHAVE_FLAG_STD_CPP0X   -std=c++0x -o CMakeFiles/cmTryCompileExec3322089295.dir/src.cxx.o -c /home/travis/build/vdun/stoke/stoke/stp/build/CMakeFiles/CMakeTmp/src.cxx
Linking CXX executable cmTryCompileExec3322089295
/usr/bin/cmake -E cmake_link_script CMakeFiles/cmTryCompileExec3322089295.dir/link.txt --verbose=1
/usr/bin/c++    -fPIC -DHAVE_FLAG_STD_CPP0X    CMakeFiles/cmTryCompileExec3322089295.dir/src.cxx.o  -o cmTryCompileExec3322089295 -rdynamic 
make[1]: Leaving directory `/home/travis/build/vdun/stoke/stoke/stp/build/CMakeFiles/CMakeTmp'

Source file was:
int main() { return 0;}
Performing C++ SOURCE FILE Test HAVE_FLAG_-Wall succeded with the following output:
Change Dir: /home/travis/build/vdun/stoke/stoke/stp/build/CMakeFiles/CMakeTmp

Run Build Command:/usr/bin/make "cmTryCompileExec3395374490/fast"
/usr/bin/make -f CMakeFiles/cmTryCompileExec3395374490.dir/build.make CMakeFiles/cmTryCompileExec3395374490.dir/build
make[1]: Entering directory `/home/travis/build/vdun/stoke/stoke/stp/build/CMakeFiles/CMakeTmp'
/usr/bin/cmake -E cmake_progress_report /home/travis/build/vdun/stoke/stoke/stp/build/CMakeFiles/CMakeTmp/CMakeFiles 1
Building CXX object CMakeFiles/cmTryCompileExec3395374490.dir/src.cxx.o
/usr/bin/c++    -std=gnu++0x  -fPIC -DHAVE_FLAG_-Wall   -Wall -o CMakeFiles/cmTryCompileExec3395374490.dir/src.cxx.o -c /home/travis/build/vdun/stoke/stoke/stp/build/CMakeFiles/CMakeTmp/src.cxx
<command-line>:0:11: warning: ISO C99 requires whitespace after the macro name [enabled by default]
Linking CXX executable cmTryCompileExec3395374490
/usr/bin/cmake -E cmake_link_script CMakeFiles/cmTryCompileExec3395374490.dir/link.txt --verbose=1
/usr/bin/c++   -std=gnu++0x  -fPIC -DHAVE_FLAG_-Wall    CMakeFiles/cmTryCompileExec3395374490.dir/src.cxx.o  -o cmTryCompileExec3395374490 -rdynamic 
make[1]: Leaving directory `/home/travis/build/vdun/stoke/stoke/stp/build/CMakeFiles/CMakeTmp'

Source file was:
int main() { return 0;}
Performing C++ SOURCE FILE Test HAVE_FLAG_-pedantic succeded with the following output:
Change Dir: /home/travis/build/vdun/stoke/stoke/stp/build/CMakeFiles/CMakeTmp

Run Build Command:/usr/bin/make "cmTryCompileExec353733773/fast"
/usr/bin/make -f CMakeFiles/cmTryCompileExec353733773.dir/build.make CMakeFiles/cmTryCompileExec353733773.dir/build
make[1]: Entering directory `/home/travis/build/vdun/stoke/stoke/stp/build/CMakeFiles/CMakeTmp'
/usr/bin/cmake -E cmake_progress_report /home/travis/build/vdun/stoke/stoke/stp/build/CMakeFiles/CMakeTmp/CMakeFiles 1
Building CXX object CMakeFiles/cmTryCompileExec353733773.dir/src.cxx.o
/usr/bin/c++    -std=gnu++0x  -fPIC -Wall -DHAVE_FLAG_-pedantic   -pedantic -o CMakeFiles/cmTryCompileExec353733773.dir/src.cxx.o -c /home/travis/build/vdun/stoke/stoke/stp/build/CMakeFiles/CMakeTmp/src.cxx
<command-line>:0:11: warning: ISO C99 requires whitespace after the macro name [enabled by default]
Linking CXX executable cmTryCompileExec353733773
/usr/bin/cmake -E cmake_link_script CMakeFiles/cmTryCompileExec353733773.dir/link.txt --verbose=1
/usr/bin/c++   -std=gnu++0x  -fPIC -Wall -DHAVE_FLAG_-pedantic    CMakeFiles/cmTryCompileExec353733773.dir/src.cxx.o  -o cmTryCompileExec353733773 -rdynamic 
make[1]: Leaving directory `/home/travis/build/vdun/stoke/stoke/stp/build/CMakeFiles/CMakeTmp'

Source file was:
int main() { return 0;}
Performing C++ SOURCE FILE Test HAVE_FLAG_-Wunused succeded with the following output:
Change Dir: /home/travis/build/vdun/stoke/stoke/stp/build/CMakeFiles/CMakeTmp

Run Build Command:/usr/bin/make "cmTryCompileExec2828791657/fast"
/usr/bin/make -f CMakeFiles/cmTryCompileExec2828791657.dir/build.make CMakeFiles/cmTryCompileExec2828791657.dir/build
make[1]: Entering directory `/home/travis/build/vdun/stoke/stoke/stp/build/CMakeFiles/CMakeTmp'
/usr/bin/cmake -E cmake_progress_report /home/travis/build/vdun/stoke/stoke/stp/build/CMakeFiles/CMakeTmp/CMakeFiles 1
Building CXX object CMakeFiles/cmTryCompileExec2828791657.dir/src.cxx.o
/usr/bin/c++    -std=gnu++0x  -fPIC -Wall -pedantic -DHAVE_FLAG_-Wunused   -Wunused -o CMakeFiles/cmTryCompileExec2828791657.dir/src.cxx.o -c /home/travis/build/vdun/stoke/stoke/stp/build/CMakeFiles/CMakeTmp/src.cxx
<command-line>:0:11: warning: ISO C99 requires whitespace after the macro name [enabled by default]
Linking CXX executable cmTryCompileExec2828791657
/usr/bin/cmake -E cmake_link_script CMakeFiles/cmTryCompileExec2828791657.dir/link.txt --verbose=1
/usr/bin/c++   -std=gnu++0x  -fPIC -Wall -pedantic -DHAVE_FLAG_-Wunused    CMakeFiles/cmTryCompileExec2828791657.dir/src.cxx.o  -o cmTryCompileExec2828791657 -rdynamic 
make[1]: Leaving directory `/home/travis/build/vdun/stoke/stoke/stp/build/CMakeFiles/CMakeTmp'

Source file was:
int main() { return 0;}
Performing C++ SOURCE FILE Test HAVE_FLAG_-Wsign-compare succeded with the following output:
Change Dir: /home/travis/build/vdun/stoke/stoke/stp/build/CMakeFiles/CMakeTmp

Run Build Command:/usr/bin/make "cmTryCompileExec1038850056/fast"
/usr/bin/make -f CMakeFiles/cmTryCompileExec1038850056.dir/build.make CMakeFiles/cmTryCompileExec1038850056.dir/build
make[1]: Entering directory `/home/travis/build/vdun/stoke/stoke/stp/build/CMakeFiles/CMakeTmp'
/usr/bin/cmake -E cmake_progress_report /home/travis/build/vdun/stoke/stoke/stp/build/CMakeFiles/CMakeTmp/CMakeFiles 1
Building CXX object CMakeFiles/cmTryCompileExec1038850056.dir/src.cxx.o
/usr/bin/c++    -std=gnu++0x  -fPIC -Wall -pedantic -Wunused -DHAVE_FLAG_-Wsign-compare   -Wsign-compare -o CMakeFiles/cmTryCompileExec1038850056.dir/src.cxx.o -c /home/travis/build/vdun/stoke/stoke/stp/build/CMakeFiles/CMakeTmp/src.cxx
<command-line>:0:11: warning: ISO C99 requires whitespace after the macro name [enabled by default]
Linking CXX executable cmTryCompileExec1038850056
/usr/bin/cmake -E cmake_link_script CMakeFiles/cmTryCompileExec1038850056.dir/link.txt --verbose=1
/usr/bin/c++   -std=gnu++0x  -fPIC -Wall -pedantic -Wunused -DHAVE_FLAG_-Wsign-compare    CMakeFiles/cmTryCompileExec1038850056.dir/src.cxx.o  -o cmTryCompileExec1038850056 -rdynamic 
make[1]: Leaving directory `/home/travis/build/vdun/stoke/stoke/stp/build/CMakeFiles/CMakeTmp'

Source file was:
int main() { return 0;}
Performing C++ SOURCE FILE Test HAVE_FLAG_-Wtype-limits succeded with the following output:
Change Dir: /home/travis/build/vdun/stoke/stoke/stp/build/CMakeFiles/CMakeTmp

Run Build Command:/usr/bin/make "cmTryCompileExec1893027068/fast"
/usr/bin/make -f CMakeFiles/cmTryCompileExec1893027068.dir/build.make CMakeFiles/cmTryCompileExec1893027068.dir/build
make[1]: Entering directory `/home/travis/build/vdun/stoke/stoke/stp/build/CMakeFiles/CMakeTmp'
/usr/bin/cmake -E cmake_progress_report /home/travis/build/vdun/stoke/stoke/stp/build/CMakeFiles/CMakeTmp/CMakeFiles 1
Building CXX object CMakeFiles/cmTryCompileExec1893027068.dir/src.cxx.o
/usr/bin/c++    -std=gnu++0x  -fPIC -Wall -pedantic -Wunused -Wsign-compare -DHAVE_FLAG_-Wtype-limits   -Wtype-limits -o CMakeFiles/cmTryCompileExec1893027068.dir/src.cxx.o -c /home/travis/build/vdun/stoke/stoke/stp/build/CMakeFiles/CMakeTmp/src.cxx
<command-line>:0:11: warning: ISO C99 requires whitespace after the macro name [enabled by default]
Linking CXX executable cmTryCompileExec1893027068
/usr/bin/cmake -E cmake_link_script CMakeFiles/cmTryCompileExec1893027068.dir/link.txt --verbose=1
/usr/bin/c++   -std=gnu++0x  -fPIC -Wall -pedantic -Wunused -Wsign-compare -DHAVE_FLAG_-Wtype-limits    CMakeFiles/cmTryCompileExec1893027068.dir/src.cxx.o  -o cmTryCompileExec1893027068 -rdynamic 
make[1]: Leaving directory `/home/travis/build/vdun/stoke/stoke/stp/build/CMakeFiles/CMakeTmp'

Source file was:
int main() { return 0;}
Performing C++ SOURCE FILE Test HAVE_FLAG_-Wuninitialized succeded with the following output:
Change Dir: /home/travis/build/vdun/stoke/stoke/stp/build/CMakeFiles/CMakeTmp

Run Build Command:/usr/bin/make "cmTryCompileExec1634330902/fast"
/usr/bin/make -f CMakeFiles/cmTryCompileExec1634330902.dir/build.make CMakeFiles/cmTryCompileExec1634330902.dir/build
make[1]: Entering directory `/home/travis/build/vdun/stoke/stoke/stp/build/CMakeFiles/CMakeTmp'
/usr/bin/cmake -E cmake_progress_report /home/travis/build/vdun/stoke/stoke/stp/build/CMakeFiles/CMakeTmp/CMakeFiles 1
Building CXX object CMakeFiles/cmTryCompileExec1634330902.dir/src.cxx.o
/usr/bin/c++    -std=gnu++0x  -fPIC -Wall -pedantic -Wunused -Wsign-compare -Wtype-limits -DHAVE_FLAG_-Wuninitialized   -Wuninitialized -o CMakeFiles/cmTryCompileExec1634330902.dir/src.cxx.o -c /home/travis/build/vdun/stoke/stoke/stp/build/CMakeFiles/CMakeTmp/src.cxx
<command-line>:0:11: warning: ISO C99 requires whitespace after the macro name [enabled by default]
Linking CXX executable cmTryCompileExec1634330902
/usr/bin/cmake -E cmake_link_script CMakeFiles/cmTryCompileExec1634330902.dir/link.txt --verbose=1
/usr/bin/c++   -std=gnu++0x  -fPIC -Wall -pedantic -Wunused -Wsign-compare -Wtype-limits -DHAVE_FLAG_-Wuninitialized    CMakeFiles/cmTryCompileExec1634330902.dir/src.cxx.o  -o cmTryCompileExec1634330902 -rdynamic 
make[1]: Leaving directory `/home/travis/build/vdun/stoke/stoke/stp/build/CMakeFiles/CMakeTmp'

Source file was:
int main() { return 0;}
Performing C++ SOURCE FILE Test HAVE_FLAG_-Wno-deprecated succeded with the following output:
Change Dir: /home/travis/build/vdun/stoke/stoke/stp/build/CMakeFiles/CMakeTmp

Run Build Command:/usr/bin/make "cmTryCompileExec240866155/fast"
/usr/bin/make -f CMakeFiles/cmTryCompileExec240866155.dir/build.make CMakeFiles/cmTryCompileExec240866155.dir/build
make[1]: Entering directory `/home/travis/build/vdun/stoke/stoke/stp/build/CMakeFiles/CMakeTmp'
/usr/bin/cmake -E cmake_progress_report /home/travis/build/vdun/stoke/stoke/stp/build/CMakeFiles/CMakeTmp/CMakeFiles 1
Building CXX object CMakeFiles/cmTryCompileExec240866155.dir/src.cxx.o
/usr/bin/c++    -std=gnu++0x  -fPIC -Wall -pedantic -Wunused -Wsign-compare -Wtype-limits -Wuninitialized -DHAVE_FLAG_-Wno-deprecated   -Wno-deprecated -o CMakeFiles/cmTryCompileExec240866155.dir/src.cxx.o -c /home/travis/build/vdun/stoke/stoke/stp/build/CMakeFiles/CMakeTmp/src.cxx
<command-line>:0:11: warning: ISO C99 requires whitespace after the macro name [enabled by default]
Linking CXX executable cmTryCompileExec240866155
/usr/bin/cmake -E cmake_link_script CMakeFiles/cmTryCompileExec240866155.dir/link.txt --verbose=1
/usr/bin/c++   -std=gnu++0x  -fPIC -Wall -pedantic -Wunused -Wsign-compare -Wtype-limits -Wuninitialized -DHAVE_FLAG_-Wno-deprecated    CMakeFiles/cmTryCompileExec240866155.dir/src.cxx.o  -o cmTryCompileExec240866155 -rdynamic 
make[1]: Leaving directory `/home/travis/build/vdun/stoke/stoke/stp/build/CMakeFiles/CMakeTmp'

Source file was:
int main() { return 0;}
Performing C++ SOURCE FILE Test HAVE_FLAG_-Wstrict-aliasing succeded with the following output:
Change Dir: /home/travis/build/vdun/stoke/stoke/stp/build/CMakeFiles/CMakeTmp

Run Build Command:/usr/bin/make "cmTryCompileExec3927131809/fast"
/usr/bin/make -f CMakeFiles/cmTryCompileExec3927131809.dir/build.make CMakeFiles/cmTryCompileExec3927131809.dir/build
make[1]: Entering directory `/home/travis/build/vdun/stoke/stoke/stp/build/CMakeFiles/CMakeTmp'
/usr/bin/cmake -E cmake_progress_report /home/travis/build/vdun/stoke/stoke/stp/build/CMakeFiles/CMakeTmp/CMakeFiles 1
Building CXX object CMakeFiles/cmTryCompileExec3927131809.dir/src.cxx.o
/usr/bin/c++    -std=gnu++0x  -fPIC -Wall -pedantic -Wunused -Wsign-compare -Wtype-limits -Wuninitialized -Wno-deprecated -DHAVE_FLAG_-Wstrict-aliasing   -Wstrict-aliasing -o CMakeFiles/cmTryCompileExec3927131809.dir/src.cxx.o -c /home/travis/build/vdun/stoke/stoke/stp/build/CMakeFiles/CMakeTmp/src.cxx
<command-line>:0:11: warning: ISO C99 requires whitespace after the macro name [enabled by default]
Linking CXX executable cmTryCompileExec3927131809
/usr/bin/cmake -E cmake_link_script CMakeFiles/cmTryCompileExec3927131809.dir/link.txt --verbose=1
/usr/bin/c++   -std=gnu++0x  -fPIC -Wall -pedantic -Wunused -Wsign-compare -Wtype-limits -Wuninitialized -Wno-deprecated -DHAVE_FLAG_-Wstrict-aliasing    CMakeFiles/cmTryCompileExec3927131809.dir/src.cxx.o  -o cmTryCompileExec3927131809 -rdynamic 
make[1]: Leaving directory `/home/travis/build/vdun/stoke/stoke/stp/build/CMakeFiles/CMakeTmp'

Source file was:
int main() { return 0;}
Performing C++ SOURCE FILE Test HAVE_FLAG_-Wpointer-arith succeded with the following output:
Change Dir: /home/travis/build/vdun/stoke/stoke/stp/build/CMakeFiles/CMakeTmp

Run Build Command:/usr/bin/make "cmTryCompileExec2712289939/fast"
/usr/bin/make -f CMakeFiles/cmTryCompileExec2712289939.dir/build.make CMakeFiles/cmTryCompileExec2712289939.dir/build
make[1]: Entering directory `/home/travis/build/vdun/stoke/stoke/stp/build/CMakeFiles/CMakeTmp'
/usr/bin/cmake -E cmake_progress_report /home/travis/build/vdun/stoke/stoke/stp/build/CMakeFiles/CMakeTmp/CMakeFiles 1
Building CXX object CMakeFiles/cmTryCompileExec2712289939.dir/src.cxx.o
/usr/bin/c++    -std=gnu++0x  -fPIC -Wall -pedantic -Wunused -Wsign-compare -Wtype-limits -Wuninitialized -Wno-deprecated -Wstrict-aliasing -DHAVE_FLAG_-Wpointer-arith   -Wpointer-arith -o CMakeFiles/cmTryCompileExec2712289939.dir/src.cxx.o -c /home/travis/build/vdun/stoke/stoke/stp/build/CMakeFiles/CMakeTmp/src.cxx
<command-line>:0:11: warning: ISO C99 requires whitespace after the macro name [enabled by default]
Linking CXX executable cmTryCompileExec2712289939
/usr/bin/cmake -E cmake_link_script CMakeFiles/cmTryCompileExec2712289939.dir/link.txt --verbose=1
/usr/bin/c++   -std=gnu++0x  -fPIC -Wall -pedantic -Wunused -Wsign-compare -Wtype-limits -Wuninitialized -Wno-deprecated -Wstrict-aliasing -DHAVE_FLAG_-Wpointer-arith    CMakeFiles/cmTryCompileExec2712289939.dir/src.cxx.o  -o cmTryCompileExec2712289939 -rdynamic 
make[1]: Leaving directory `/home/travis/build/vdun/stoke/stoke/stp/build/CMakeFiles/CMakeTmp'

Source file was:
int main() { return 0;}
Performing C++ SOURCE FILE Test HAVE_HASH_SET_STD succeded with the following output:
Change Dir: /home/travis/build/vdun/stoke/stoke/stp/build/CMakeFiles/CMakeTmp

Run Build Command:/usr/bin/make "cmTryCompileExec2998688686/fast"
/usr/bin/make -f CMakeFiles/cmTryCompileExec2998688686.dir/build.make CMakeFiles/cmTryCompileExec2998688686.dir/build
make[1]: Entering directory `/home/travis/build/vdun/stoke/stoke/stp/build/CMakeFiles/CMakeTmp'
/usr/bin/cmake -E cmake_progress_report /home/travis/build/vdun/stoke/stoke/stp/build/CMakeFiles/CMakeTmp/CMakeFiles 1
Building CXX object CMakeFiles/cmTryCompileExec2998688686.dir/src.cxx.o
/usr/bin/c++    -std=gnu++0x  -fPIC -Wall -pedantic -Wunused -Wsign-compare -Wtype-limits -Wuninitialized -Wno-deprecated -Wstrict-aliasing -Wpointer-arith -DHAVE_HASH_SET_STD   -o CMakeFiles/cmTryCompileExec2998688686.dir/src.cxx.o -c /home/travis/build/vdun/stoke/stoke/stp/build/CMakeFiles/CMakeTmp/src.cxx
Linking CXX executable cmTryCompileExec2998688686
/usr/bin/cmake -E cmake_link_script CMakeFiles/cmTryCompileExec2998688686.dir/link.txt --verbose=1
/usr/bin/c++   -std=gnu++0x  -fPIC -Wall -pedantic -Wunused -Wsign-compare -Wtype-limits -Wuninitialized -Wno-deprecated -Wstrict-aliasing -Wpointer-arith -DHAVE_HASH_SET_STD    CMakeFiles/cmTryCompileExec2998688686.dir/src.cxx.o  -o cmTryCompileExec2998688686 -rdynamic 
make[1]: Leaving directory `/home/travis/build/vdun/stoke/stoke/stp/build/CMakeFiles/CMakeTmp'

Source file was:

    #include <unordered_set>
    int main() {
      std::unordered_set<int> t;
    }
Performing C++ SOURCE FILE Test HAVE_HASH_MULTISET_STD succeded with the following output:
Change Dir: /home/travis/build/vdun/stoke/stoke/stp/build/CMakeFiles/CMakeTmp

Run Build Command:/usr/bin/make "cmTryCompileExec2013695555/fast"
/usr/bin/make -f CMakeFiles/cmTryCompileExec2013695555.dir/build.make CMakeFiles/cmTryCompileExec2013695555.dir/build
make[1]: Entering directory `/home/travis/build/vdun/stoke/stoke/stp/build/CMakeFiles/CMakeTmp'
/usr/bin/cmake -E cmake_progress_report /home/travis/build/vdun/stoke/stoke/stp/build/CMakeFiles/CMakeTmp/CMakeFiles 1
Building CXX object CMakeFiles/cmTryCompileExec2013695555.dir/src.cxx.o
/usr/bin/c++    -std=gnu++0x  -fPIC -Wall -pedantic -Wunused -Wsign-compare -Wtype-limits -Wuninitialized -Wno-deprecated -Wstrict-aliasing -Wpointer-arith -DHAVE_HASH_MULTISET_STD   -o CMakeFiles/cmTryCompileExec2013695555.dir/src.cxx.o -c /home/travis/build/vdun/stoke/stoke/stp/build/CMakeFiles/CMakeTmp/src.cxx
Linking CXX executable cmTryCompileExec2013695555
/usr/bin/cmake -E cmake_link_script CMakeFiles/cmTryCompileExec2013695555.dir/link.txt --verbose=1
/usr/bin/c++   -std=gnu++0x  -fPIC -Wall -pedantic -Wunused -Wsign-compare -Wtype-limits -Wuninitialized -Wno-deprecated -Wstrict-aliasing -Wpointer-arith -DHAVE_HASH_MULTISET_STD    CMakeFiles/cmTryCompileExec2013695555.dir/src.cxx.o  -o cmTryCompileExec2013695555 -rdynamic 
make[1]: Leaving directory `/home/travis/build/vdun/stoke/stoke/stp/build/CMakeFiles/CMakeTmp'

Source file was:

    #include <unordered_set>
    int main() {
      std::unordered_multiset<int> t;
    }
Performing C++ SOURCE FILE Test HAVE_HASH_MAP_STD succeded with the following output:
Change Dir: /home/travis/build/vdun/stoke/stoke/stp/build/CMakeFiles/CMakeTmp

Run Build Command:/usr/bin/make "cmTryCompileExec2760840240/fast"
/usr/bin/make -f CMakeFiles/cmTryCompileExec2760840240.dir/build.make CMakeFiles/cmTryCompileExec2760840240.dir/build
make[1]: Entering directory `/home/travis/build/vdun/stoke/stoke/stp/build/CMakeFiles/CMakeTmp'
/usr/bin/cmake -E cmake_progress_report /home/travis/build/vdun/stoke/stoke/stp/build/CMakeFiles/CMakeTmp/CMakeFiles 1
Building CXX object CMakeFiles/cmTryCompileExec2760840240.dir/src.cxx.o
/usr/bin/c++    -std=gnu++0x  -fPIC -Wall -pedantic -Wunused -Wsign-compare -Wtype-limits -Wuninitialized -Wno-deprecated -Wstrict-aliasing -Wpointer-arith -DHAVE_HASH_MAP_STD   -o CMakeFiles/cmTryCompileExec2760840240.dir/src.cxx.o -c /home/travis/build/vdun/stoke/stoke/stp/build/CMakeFiles/CMakeTmp/src.cxx
Linking CXX executable cmTryCompileExec2760840240
/usr/bin/cmake -E cmake_link_script CMakeFiles/cmTryCompileExec2760840240.dir/link.txt --verbose=1
/usr/bin/c++   -std=gnu++0x  -fPIC -Wall -pedantic -Wunused -Wsign-compare -Wtype-limits -Wuninitialized -Wno-deprecated -Wstrict-aliasing -Wpointer-arith -DHAVE_HASH_MAP_STD    CMakeFiles/cmTryCompileExec2760840240.dir/src.cxx.o  -o cmTryCompileExec2760840240 -rdynamic 
make[1]: Leaving directory `/home/travis/build/vdun/stoke/stoke/stp/build/CMakeFiles/CMakeTmp'

Source file was:

    #include <unordered_map>
    int main() {
      std::unordered_map<int, int> t;
    }
Performing C SOURCE FILE Test HAVE_C_FLAG_-fPIC succeded with the following output:
Change Dir: /home/travis/build/vdun/stoke/stoke/stp/build/CMakeFiles/CMakeTmp

Run Build Command:/usr/bin/make "cmTryCompileExec4270749153/fast"
/usr/bin/make -f CMakeFiles/cmTryCompileExec4270749153.dir/build.make CMakeFiles/cmTryCompileExec4270749153.dir/build
make[1]: Entering directory `/home/travis/build/vdun/stoke/stoke/stp/build/CMakeFiles/CMakeTmp'
/usr/bin/cmake -E cmake_progress_report /home/travis/build/vdun/stoke/stoke/stp/build/CMakeFiles/CMakeTmp/CMakeFiles 1
Building C object CMakeFiles/cmTryCompileExec4270749153.dir/src.c.o
/usr/bin/cc   -DHAVE_C_FLAG_-fPIC   -fPIC -o CMakeFiles/cmTryCompileExec4270749153.dir/src.c.o   -c /home/travis/build/vdun/stoke/stoke/stp/build/CMakeFiles/CMakeTmp/src.c
<command-line>:0:13: warning: missing whitespace after the macro name [enabled by default]
Linking C executable cmTryCompileExec4270749153
/usr/bin/cmake -E cmake_link_script CMakeFiles/cmTryCompileExec4270749153.dir/link.txt --verbose=1
/usr/bin/cc   -DHAVE_C_FLAG_-fPIC    CMakeFiles/cmTryCompileExec4270749153.dir/src.c.o  -o cmTryCompileExec4270749153 -rdynamic 
make[1]: Leaving directory `/home/travis/build/vdun/stoke/stoke/stp/build/CMakeFiles/CMakeTmp'

Source file was:
int main(void) { return 0; }
