This file contains any messages produced by compilers while
running configure, to aid debugging if configure makes a mistake.

It was created by libbeauty configure 0.2.0, which was
generated by GNU Autoconf 2.68.  Invocation command line was

  $ ./configure 

## --------- ##
## Platform. ##
## --------- ##

hostname = drone-d0c1018637
uname -m = x86_64
uname -r = 3.2.0-23-virtual
uname -s = Linux
uname -v = #36-Ubuntu SMP Tue Apr 10 22:29:03 UTC 2012

/usr/bin/uname -p = unknown
/bin/uname -X     = unknown

/bin/arch              = unknown
/usr/bin/arch -k       = unknown
/usr/convex/getsysinfo = unknown
/usr/bin/hostinfo      = unknown
/bin/machine           = unknown
/usr/bin/oslevel       = unknown
/bin/universe          = unknown

PATH: /usr/local/sbin
PATH: /usr/local/bin
PATH: /usr/sbin
PATH: /usr/bin
PATH: /sbin
PATH: /bin


## ----------- ##
## Core tests. ##
## ----------- ##

configure:2281: checking for a BSD-compatible install
configure:2349: result: /usr/bin/install -c
configure:2360: checking whether build environment is sane
configure:2410: result: yes
configure:2551: checking for a thread-safe mkdir -p
configure:2590: result: /bin/mkdir -p
configure:2603: checking for gawk
configure:2633: result: no
configure:2603: checking for mawk
configure:2619: found /usr/bin/mawk
configure:2630: result: mawk
configure:2641: checking whether make sets $(MAKE)
configure:2663: result: yes
configure:2744: checking whether to enable maintainer-specific portions of Makefiles
configure:2753: result: no
configure:2780: checking whether make sets $(MAKE)
configure:2802: result: yes
configure:2870: checking for g++
configure:2886: found /usr/bin/g++
configure:2897: result: g++
configure:2924: checking for C++ compiler version
configure:2933: g++ --version >&5
g++ (Ubuntu/Linaro 4.6.3-1ubuntu5) 4.6.3
Copyright (C) 2011 Free Software Foundation, Inc.
This is free software; see the source for copying conditions.  There is NO
warranty; not even for MERCHANTABILITY or FITNESS FOR A PARTICULAR PURPOSE.

configure:2944: $? = 0
configure:2933: g++ -v >&5
Using built-in specs.
COLLECT_GCC=g++
COLLECT_LTO_WRAPPER=/usr/lib/gcc/x86_64-linux-gnu/4.6/lto-wrapper
Target: x86_64-linux-gnu
Configured with: ../src/configure -v --with-pkgversion='Ubuntu/Linaro 4.6.3-1ubuntu5' --with-bugurl=file:///usr/share/doc/gcc-4.6/README.Bugs --enable-languages=c,c++,fortran,objc,obj-c++ --prefix=/usr --program-suffix=-4.6 --enable-shared --enable-linker-build-id --with-system-zlib --libexecdir=/usr/lib --without-included-gettext --enable-threads=posix --with-gxx-include-dir=/usr/include/c++/4.6 --libdir=/usr/lib --enable-nls --with-sysroot=/ --enable-clocale=gnu --enable-libstdcxx-debug --enable-libstdcxx-time=yes --enable-gnu-unique-object --enable-plugin --enable-objc-gc --disable-werror --with-arch-32=i686 --with-tune=generic --enable-checking=release --build=x86_64-linux-gnu --host=x86_64-linux-gnu --target=x86_64-linux-gnu
Thread model: posix
gcc version 4.6.3 (Ubuntu/Linaro 4.6.3-1ubuntu5) 
configure:2944: $? = 0
configure:2933: g++ -V >&5
g++: error: unrecognized option '-V'
g++: fatal error: no input files
compilation terminated.
configure:2944: $? = 4
configure:2933: g++ -qversion >&5
g++: error: unrecognized option '-qversion'
g++: fatal error: no input files
compilation terminated.
configure:2944: $? = 4
configure:2964: checking whether the C++ compiler works
configure:2986: g++    conftest.cpp  >&5
configure:2990: $? = 0
configure:3038: result: yes
configure:3041: checking for C++ compiler default output file name
configure:3043: result: a.out
configure:3049: checking for suffix of executables
configure:3056: g++ -o conftest    conftest.cpp  >&5
configure:3060: $? = 0
configure:3082: result: 
configure:3104: checking whether we are cross compiling
configure:3112: g++ -o conftest    conftest.cpp  >&5
configure:3116: $? = 0
configure:3123: ./conftest
configure:3127: $? = 0
configure:3142: result: no
configure:3147: checking for suffix of object files
configure:3169: g++ -c   conftest.cpp >&5
configure:3173: $? = 0
configure:3194: result: o
configure:3198: checking whether we are using the GNU C++ compiler
configure:3217: g++ -c   conftest.cpp >&5
configure:3217: $? = 0
configure:3226: result: yes
configure:3235: checking whether g++ accepts -g
configure:3255: g++ -c -g  conftest.cpp >&5
configure:3255: $? = 0
configure:3296: result: yes
configure:3330: checking for style of include used by make
configure:3358: result: GNU
configure:3384: checking dependency style of g++
configure:3495: result: gcc3
configure:3570: checking build system type
configure:3584: result: x86_64-unknown-linux-gnu
configure:3604: checking host system type
configure:3617: result: x86_64-unknown-linux-gnu
configure:3658: checking how to print strings
configure:3685: result: printf
configure:3754: checking for gcc
configure:3770: found /usr/bin/gcc
configure:3781: result: gcc
configure:4010: checking for C compiler version
configure:4019: gcc --version >&5
gcc (Ubuntu/Linaro 4.6.3-1ubuntu5) 4.6.3
Copyright (C) 2011 Free Software Foundation, Inc.
This is free software; see the source for copying conditions.  There is NO
warranty; not even for MERCHANTABILITY or FITNESS FOR A PARTICULAR PURPOSE.

configure:4030: $? = 0
configure:4019: gcc -v >&5
Using built-in specs.
COLLECT_GCC=gcc
COLLECT_LTO_WRAPPER=/usr/lib/gcc/x86_64-linux-gnu/4.6/lto-wrapper
Target: x86_64-linux-gnu
Configured with: ../src/configure -v --with-pkgversion='Ubuntu/Linaro 4.6.3-1ubuntu5' --with-bugurl=file:///usr/share/doc/gcc-4.6/README.Bugs --enable-languages=c,c++,fortran,objc,obj-c++ --prefix=/usr --program-suffix=-4.6 --enable-shared --enable-linker-build-id --with-system-zlib --libexecdir=/usr/lib --without-included-gettext --enable-threads=posix --with-gxx-include-dir=/usr/include/c++/4.6 --libdir=/usr/lib --enable-nls --with-sysroot=/ --enable-clocale=gnu --enable-libstdcxx-debug --enable-libstdcxx-time=yes --enable-gnu-unique-object --enable-plugin --enable-objc-gc --disable-werror --with-arch-32=i686 --with-tune=generic --enable-checking=release --build=x86_64-linux-gnu --host=x86_64-linux-gnu --target=x86_64-linux-gnu
Thread model: posix
gcc version 4.6.3 (Ubuntu/Linaro 4.6.3-1ubuntu5) 
configure:4030: $? = 0
configure:4019: gcc -V >&5
gcc: error: unrecognized option '-V'
gcc: fatal error: no input files
compilation terminated.
configure:4030: $? = 4
configure:4019: gcc -qversion >&5
gcc: error: unrecognized option '-qversion'
gcc: fatal error: no input files
compilation terminated.
configure:4030: $? = 4
configure:4034: checking whether we are using the GNU C compiler
configure:4053: gcc -c   conftest.c >&5
configure:4053: $? = 0
configure:4062: result: yes
configure:4071: checking whether gcc accepts -g
configure:4091: gcc -c -g  conftest.c >&5
configure:4091: $? = 0
configure:4132: result: yes
configure:4149: checking for gcc option to accept ISO C89
configure:4213: gcc  -c -g -O2  conftest.c >&5
configure:4213: $? = 0
configure:4226: result: none needed
configure:4248: checking dependency style of gcc
configure:4359: result: gcc3
configure:4374: checking for a sed that does not truncate output
configure:4438: result: /bin/sed
configure:4456: checking for grep that handles long lines and -e
configure:4514: result: /bin/grep
configure:4519: checking for egrep
configure:4581: result: /bin/grep -E
configure:4586: checking for fgrep
configure:4648: result: /bin/grep -F
configure:4683: checking for ld used by gcc
configure:4750: result: /usr/bin/ld
configure:4757: checking if the linker (/usr/bin/ld) is GNU ld
configure:4772: result: yes
configure:4784: checking for BSD- or MS-compatible name lister (nm)
configure:4833: result: /usr/bin/nm -B
configure:4963: checking the name lister (/usr/bin/nm -B) interface
configure:4970: gcc -c -g -O2  conftest.c >&5
configure:4973: /usr/bin/nm -B "conftest.o"
configure:4976: output
0000000000000000 B some_variable
configure:4983: result: BSD nm
configure:4986: checking whether ln -s works
configure:4990: result: yes
configure:4998: checking the maximum length of command line arguments
configure:5128: result: 1572864
configure:5145: checking whether the shell understands some XSI constructs
configure:5155: result: yes
configure:5159: checking whether the shell understands "+="
configure:5165: result: yes
configure:5200: checking how to convert x86_64-unknown-linux-gnu file names to x86_64-unknown-linux-gnu format
configure:5240: result: func_convert_file_noop
configure:5247: checking how to convert x86_64-unknown-linux-gnu file names to toolchain format
configure:5267: result: func_convert_file_noop
configure:5274: checking for /usr/bin/ld option to reload object files
configure:5281: result: -r
configure:5355: checking for objdump
configure:5371: found /usr/bin/objdump
configure:5382: result: objdump
configure:5414: checking how to recognize dependent libraries
configure:5616: result: pass_all
configure:5701: checking for dlltool
configure:5731: result: no
configure:5761: checking how to associate runtime and link libraries
configure:5788: result: printf %s\n
configure:5849: checking for ar
configure:5865: found /usr/bin/ar
configure:5876: result: ar
configure:5913: checking for archiver @FILE support
configure:5930: gcc -c -g -O2  conftest.c >&5
configure:5930: $? = 0
configure:5933: ar cru libconftest.a @conftest.lst >&5
configure:5936: $? = 0
configure:5941: ar cru libconftest.a @conftest.lst >&5
ar: conftest.o: No such file or directory
configure:5944: $? = 1
configure:5956: result: @
configure:6014: checking for strip
configure:6030: found /usr/bin/strip
configure:6041: result: strip
configure:6113: checking for ranlib
configure:6129: found /usr/bin/ranlib
configure:6140: result: ranlib
configure:6242: checking command to parse /usr/bin/nm -B output from gcc object
configure:6362: gcc -c -g -O2  conftest.c >&5
configure:6365: $? = 0
configure:6369: /usr/bin/nm -B conftest.o \| sed -n -e 's/^.*[ ]\([ABCDGIRSTW][ABCDGIRSTW]*\)[ ][ ]*\([_A-Za-z][_A-Za-z0-9]*\)$/\1 \2 \2/p' | sed '/ __gnu_lto/d' \> conftest.nm
configure:6372: $? = 0
configure:6438: gcc -o conftest -g -O2   conftest.c conftstm.o >&5
configure:6441: $? = 0
configure:6479: result: ok
configure:6516: checking for sysroot
configure:6546: result: no
configure:6623: gcc -c -g -O2  conftest.c >&5
configure:6626: $? = 0
configure:6802: checking for mt
configure:6818: found /bin/mt
configure:6829: result: mt
configure:6852: checking if mt is a manifest tool
configure:6858: mt '-?'
configure:6866: result: no
configure:7508: checking how to run the C preprocessor
configure:7539: gcc -E  conftest.c
configure:7539: $? = 0
configure:7553: gcc -E  conftest.c
conftest.c:11:28: fatal error: ac_nonexistent.h: No such file or directory
compilation terminated.
configure:7553: $? = 1
configure: failed program was:
| /* confdefs.h */
| #define PACKAGE_NAME "libbeauty"
| #define PACKAGE_TARNAME "libbeauty"
| #define PACKAGE_VERSION "0.2.0"
| #define PACKAGE_STRING "libbeauty 0.2.0"
| #define PACKAGE_BUGREPORT ""
| #define PACKAGE_URL ""
| #define PACKAGE "libbeauty"
| #define VERSION "0.2.0"
| /* end confdefs.h.  */
| #include <ac_nonexistent.h>
configure:7578: result: gcc -E
configure:7598: gcc -E  conftest.c
configure:7598: $? = 0
configure:7612: gcc -E  conftest.c
conftest.c:11:28: fatal error: ac_nonexistent.h: No such file or directory
compilation terminated.
configure:7612: $? = 1
configure: failed program was:
| /* confdefs.h */
| #define PACKAGE_NAME "libbeauty"
| #define PACKAGE_TARNAME "libbeauty"
| #define PACKAGE_VERSION "0.2.0"
| #define PACKAGE_STRING "libbeauty 0.2.0"
| #define PACKAGE_BUGREPORT ""
| #define PACKAGE_URL ""
| #define PACKAGE "libbeauty"
| #define VERSION "0.2.0"
| /* end confdefs.h.  */
| #include <ac_nonexistent.h>
configure:7641: checking for ANSI C header files
configure:7661: gcc -c -g -O2  conftest.c >&5
configure:7661: $? = 0
configure:7734: gcc -o conftest -g -O2   conftest.c  >&5
configure:7734: $? = 0
configure:7734: ./conftest
configure:7734: $? = 0
configure:7745: result: yes
configure:7758: checking for sys/types.h
configure:7758: gcc -c -g -O2  conftest.c >&5
configure:7758: $? = 0
configure:7758: result: yes
configure:7758: checking for sys/stat.h
configure:7758: gcc -c -g -O2  conftest.c >&5
configure:7758: $? = 0
configure:7758: result: yes
configure:7758: checking for stdlib.h
configure:7758: gcc -c -g -O2  conftest.c >&5
configure:7758: $? = 0
configure:7758: result: yes
configure:7758: checking for string.h
configure:7758: gcc -c -g -O2  conftest.c >&5
configure:7758: $? = 0
configure:7758: result: yes
configure:7758: checking for memory.h
configure:7758: gcc -c -g -O2  conftest.c >&5
configure:7758: $? = 0
configure:7758: result: yes
configure:7758: checking for strings.h
configure:7758: gcc -c -g -O2  conftest.c >&5
configure:7758: $? = 0
configure:7758: result: yes
configure:7758: checking for inttypes.h
configure:7758: gcc -c -g -O2  conftest.c >&5
configure:7758: $? = 0
configure:7758: result: yes
configure:7758: checking for stdint.h
configure:7758: gcc -c -g -O2  conftest.c >&5
configure:7758: $? = 0
configure:7758: result: yes
configure:7758: checking for unistd.h
configure:7758: gcc -c -g -O2  conftest.c >&5
configure:7758: $? = 0
configure:7758: result: yes
configure:7772: checking for dlfcn.h
configure:7772: gcc -c -g -O2  conftest.c >&5
configure:7772: $? = 0
configure:7772: result: yes
configure:7959: checking for objdir
configure:7974: result: .libs
configure:8241: checking if gcc supports -fno-rtti -fno-exceptions
configure:8259: gcc -c -g -O2  -fno-rtti -fno-exceptions conftest.c >&5
cc1: warning: command line option '-fno-rtti' is valid for C++/ObjC++ but not for C [enabled by default]
configure:8263: $? = 0
configure:8276: result: no
configure:8603: checking for gcc option to produce PIC
configure:8610: result: -fPIC -DPIC
configure:8618: checking if gcc PIC flag -fPIC -DPIC works
configure:8636: gcc -c -g -O2  -fPIC -DPIC -DPIC conftest.c >&5
configure:8640: $? = 0
configure:8653: result: yes
configure:8682: checking if gcc static flag -static works
configure:8710: result: yes
configure:8725: checking if gcc supports -c -o file.o
configure:8746: gcc -c -g -O2  -o out/conftest2.o conftest.c >&5
configure:8750: $? = 0
configure:8772: result: yes
configure:8780: checking if gcc supports -c -o file.o
configure:8827: result: yes
configure:8860: checking whether the gcc linker (/usr/bin/ld -m elf_x86_64) supports shared libraries
configure:10017: result: yes
configure:10054: checking whether -lc should be explicitly linked in
configure:10062: gcc -c -g -O2  conftest.c >&5
configure:10065: $? = 0
configure:10080: gcc -shared  -fPIC -DPIC conftest.o  -v -Wl,-soname -Wl,conftest -o conftest 2\>\&1 \| /bin/grep  -lc  \>/dev/null 2\>\&1
configure:10083: $? = 0
configure:10097: result: no
configure:10257: checking dynamic linker characteristics
configure:10768: gcc -o conftest -g -O2   -Wl,-rpath -Wl,/foo conftest.c  >&5
configure:10768: $? = 0
configure:11002: result: GNU/Linux ld.so
configure:11109: checking how to hardcode library paths into programs
configure:11134: result: immediate
configure:11674: checking whether stripping libraries is possible
configure:11679: result: yes
configure:11714: checking if libtool supports shared libraries
configure:11716: result: yes
configure:11719: checking whether to build shared libraries
configure:11740: result: yes
configure:11743: checking whether to build static libraries
configure:11747: result: no
configure:11770: checking how to run the C++ preprocessor
configure:11797: g++ -E  conftest.cpp
configure:11797: $? = 0
configure:11811: g++ -E  conftest.cpp
conftest.cpp:23:28: fatal error: ac_nonexistent.h: No such file or directory
compilation terminated.
configure:11811: $? = 1
configure: failed program was:
| /* confdefs.h */
| #define PACKAGE_NAME "libbeauty"
| #define PACKAGE_TARNAME "libbeauty"
| #define PACKAGE_VERSION "0.2.0"
| #define PACKAGE_STRING "libbeauty 0.2.0"
| #define PACKAGE_BUGREPORT ""
| #define PACKAGE_URL ""
| #define PACKAGE "libbeauty"
| #define VERSION "0.2.0"
| #define STDC_HEADERS 1
| #define HAVE_SYS_TYPES_H 1
| #define HAVE_SYS_STAT_H 1
| #define HAVE_STDLIB_H 1
| #define HAVE_STRING_H 1
| #define HAVE_MEMORY_H 1
| #define HAVE_STRINGS_H 1
| #define HAVE_INTTYPES_H 1
| #define HAVE_STDINT_H 1
| #define HAVE_UNISTD_H 1
| #define HAVE_DLFCN_H 1
| #define LT_OBJDIR ".libs/"
| /* end confdefs.h.  */
| #include <ac_nonexistent.h>
configure:11836: result: g++ -E
configure:11856: g++ -E  conftest.cpp
configure:11856: $? = 0
configure:11870: g++ -E  conftest.cpp
conftest.cpp:23:28: fatal error: ac_nonexistent.h: No such file or directory
compilation terminated.
configure:11870: $? = 1
configure: failed program was:
| /* confdefs.h */
| #define PACKAGE_NAME "libbeauty"
| #define PACKAGE_TARNAME "libbeauty"
| #define PACKAGE_VERSION "0.2.0"
| #define PACKAGE_STRING "libbeauty 0.2.0"
| #define PACKAGE_BUGREPORT ""
| #define PACKAGE_URL ""
| #define PACKAGE "libbeauty"
| #define VERSION "0.2.0"
| #define STDC_HEADERS 1
| #define HAVE_SYS_TYPES_H 1
| #define HAVE_SYS_STAT_H 1
| #define HAVE_STDLIB_H 1
| #define HAVE_STRING_H 1
| #define HAVE_MEMORY_H 1
| #define HAVE_STRINGS_H 1
| #define HAVE_INTTYPES_H 1
| #define HAVE_STDINT_H 1
| #define HAVE_UNISTD_H 1
| #define HAVE_DLFCN_H 1
| #define LT_OBJDIR ".libs/"
| /* end confdefs.h.  */
| #include <ac_nonexistent.h>
configure:12039: checking for ld used by g++
configure:12106: result: /usr/bin/ld -m elf_x86_64
configure:12113: checking if the linker (/usr/bin/ld -m elf_x86_64) is GNU ld
configure:12128: result: yes
configure:12183: checking whether the g++ linker (/usr/bin/ld -m elf_x86_64) supports shared libraries
configure:13188: result: yes
configure:13224: g++ -c -g -O2  conftest.cpp >&5
configure:13227: $? = 0
configure:13747: checking for g++ option to produce PIC
configure:13754: result: -fPIC -DPIC
configure:13762: checking if g++ PIC flag -fPIC -DPIC works
configure:13780: g++ -c -g -O2  -fPIC -DPIC -DPIC conftest.cpp >&5
configure:13784: $? = 0
configure:13797: result: yes
configure:13820: checking if g++ static flag -static works
configure:13848: result: yes
configure:13860: checking if g++ supports -c -o file.o
configure:13881: g++ -c -g -O2  -o out/conftest2.o conftest.cpp >&5
configure:13885: $? = 0
configure:13907: result: yes
configure:13912: checking if g++ supports -c -o file.o
configure:13959: result: yes
configure:13989: checking whether the g++ linker (/usr/bin/ld -m elf_x86_64) supports shared libraries
configure:14028: result: yes
configure:14169: checking dynamic linker characteristics
configure:14848: result: GNU/Linux ld.so
configure:14901: checking how to hardcode library paths into programs
configure:14926: result: immediate
configure:15007: checking prefix
configure:15010: result: /usr/local
configure:15014: checking exec_prefix
configure:15017: result: /usr/local
configure:15195: creating ./config.status

## ---------------------- ##
## Running config.status. ##
## ---------------------- ##

This file was extended by libbeauty config.status 0.2.0, which was
generated by GNU Autoconf 2.68.  Invocation command line was

  CONFIG_FILES    = 
  CONFIG_HEADERS  = 
  CONFIG_LINKS    = 
  CONFIG_COMMANDS = 
  $ ./config.status 

on drone-d0c1018637

config.status:1183: creating Makefile
config.status:1183: creating misc/Makefile
config.status:1183: creating src/Makefile
config.status:1183: creating src/input/Makefile
config.status:1183: creating src/input/binary_file_decoder/Makefile
config.status:1183: creating src/input/binary_file_decoder/libbfd/Makefile
config.status:1183: creating src/input/instruction_decoder/Makefile
config.status:1183: creating src/input/instruction_decoder/ia32/Makefile
config.status:1183: creating src/input/instruction_decoder/amd64/Makefile
config.status:1183: creating src/input/instruction_decoder/llvm/Makefile
config.status:1183: creating src/input/instruction_decoder/llvm/amd64/Makefile
config.status:1183: creating src/input/convert_ll_inst_to_rtl/Makefile
config.status:1183: creating src/execute/Makefile
config.status:1183: creating src/analyse/Makefile
config.status:1183: creating src/output/Makefile
config.status:1183: creating src/output/cfg/Makefile
config.status:1183: creating src/output/llvm/Makefile
config.status:1183: creating src/output/ast/Makefile
config.status:1183: creating test/Makefile
config.status:1183: creating include/Makefile
config.status:1183: creating src/config.h
config.status:1364: src/config.h is unchanged
config.status:1412: executing depfiles commands
config.status:1412: executing libtool commands

## ---------------- ##
## Cache variables. ##
## ---------------- ##

ac_cv_build=x86_64-unknown-linux-gnu
ac_cv_c_compiler_gnu=yes
ac_cv_cxx_compiler_gnu=yes
ac_cv_env_CCC_set=
ac_cv_env_CCC_value=
ac_cv_env_CC_set=
ac_cv_env_CC_value=
ac_cv_env_CFLAGS_set=
ac_cv_env_CFLAGS_value=
ac_cv_env_CPPFLAGS_set=
ac_cv_env_CPPFLAGS_value=
ac_cv_env_CPP_set=
ac_cv_env_CPP_value=
ac_cv_env_CXXCPP_set=
ac_cv_env_CXXCPP_value=
ac_cv_env_CXXFLAGS_set=
ac_cv_env_CXXFLAGS_value=
ac_cv_env_CXX_set=
ac_cv_env_CXX_value=
ac_cv_env_LDFLAGS_set=
ac_cv_env_LDFLAGS_value=
ac_cv_env_LIBS_set=
ac_cv_env_LIBS_value=
ac_cv_env_build_alias_set=
ac_cv_env_build_alias_value=
ac_cv_env_host_alias_set=
ac_cv_env_host_alias_value=
ac_cv_env_target_alias_set=
ac_cv_env_target_alias_value=
ac_cv_header_dlfcn_h=yes
ac_cv_header_inttypes_h=yes
ac_cv_header_memory_h=yes
ac_cv_header_stdc=yes
ac_cv_header_stdint_h=yes
ac_cv_header_stdlib_h=yes
ac_cv_header_string_h=yes
ac_cv_header_strings_h=yes
ac_cv_header_sys_stat_h=yes
ac_cv_header_sys_types_h=yes
ac_cv_header_unistd_h=yes
ac_cv_host=x86_64-unknown-linux-gnu
ac_cv_objext=o
ac_cv_path_EGREP='/bin/grep -E'
ac_cv_path_FGREP='/bin/grep -F'
ac_cv_path_GREP=/bin/grep
ac_cv_path_SED=/bin/sed
ac_cv_path_install='/usr/bin/install -c'
ac_cv_path_mkdir=/bin/mkdir
ac_cv_prog_AWK=mawk
ac_cv_prog_CPP='gcc -E'
ac_cv_prog_CXXCPP='g++ -E'
ac_cv_prog_ac_ct_AR=ar
ac_cv_prog_ac_ct_CC=gcc
ac_cv_prog_ac_ct_CXX=g++
ac_cv_prog_ac_ct_MANIFEST_TOOL=mt
ac_cv_prog_ac_ct_OBJDUMP=objdump
ac_cv_prog_ac_ct_RANLIB=ranlib
ac_cv_prog_ac_ct_STRIP=strip
ac_cv_prog_cc_c89=
ac_cv_prog_cc_g=yes
ac_cv_prog_cxx_g=yes
ac_cv_prog_make_make_set=yes
am_cv_CC_dependencies_compiler_type=gcc3
am_cv_CXX_dependencies_compiler_type=gcc3
lt_cv_ar_at_file=@
lt_cv_archive_cmds_need_lc=no
lt_cv_deplibs_check_method=pass_all
lt_cv_file_magic_cmd='$MAGIC_CMD'
lt_cv_file_magic_test_file=
lt_cv_ld_reload_flag=-r
lt_cv_nm_interface='BSD nm'
lt_cv_objdir=.libs
lt_cv_path_LD=/usr/bin/ld
lt_cv_path_LDCXX='/usr/bin/ld -m elf_x86_64'
lt_cv_path_NM='/usr/bin/nm -B'
lt_cv_path_mainfest_tool=no
lt_cv_prog_compiler_c_o=yes
lt_cv_prog_compiler_c_o_CXX=yes
lt_cv_prog_compiler_pic='-fPIC -DPIC'
lt_cv_prog_compiler_pic_CXX='-fPIC -DPIC'
lt_cv_prog_compiler_pic_works=yes
lt_cv_prog_compiler_pic_works_CXX=yes
lt_cv_prog_compiler_rtti_exceptions=no
lt_cv_prog_compiler_static_works=yes
lt_cv_prog_compiler_static_works_CXX=yes
lt_cv_prog_gnu_ld=yes
lt_cv_prog_gnu_ldcxx=yes
lt_cv_sharedlib_from_linklib_cmd='printf %s\n'
lt_cv_shlibpath_overrides_runpath=no
lt_cv_sys_global_symbol_pipe='sed -n -e '\''s/^.*[	 ]\([ABCDGIRSTW][ABCDGIRSTW]*\)[	 ][	 ]*\([_A-Za-z][_A-Za-z0-9]*\)$/\1 \2 \2/p'\'' | sed '\''/ __gnu_lto/d'\'''
lt_cv_sys_global_symbol_to_c_name_address='sed -n -e '\''s/^: \([^ ]*\)[ ]*$/  {\"\1\", (void *) 0},/p'\'' -e '\''s/^[ABCDGIRSTW]* \([^ ]*\) \([^ ]*\)$/  {"\2", (void *) \&\2},/p'\'''
lt_cv_sys_global_symbol_to_c_name_address_lib_prefix='sed -n -e '\''s/^: \([^ ]*\)[ ]*$/  {\"\1\", (void *) 0},/p'\'' -e '\''s/^[ABCDGIRSTW]* \([^ ]*\) \(lib[^ ]*\)$/  {"\2", (void *) \&\2},/p'\'' -e '\''s/^[ABCDGIRSTW]* \([^ ]*\) \([^ ]*\)$/  {"lib\2", (void *) \&\2},/p'\'''
lt_cv_sys_global_symbol_to_cdecl='sed -n -e '\''s/^T .* \(.*\)$/extern int \1();/p'\'' -e '\''s/^[ABCDGIRSTW]* .* \(.*\)$/extern char \1;/p'\'''
lt_cv_sys_max_cmd_len=1572864
lt_cv_to_host_file_cmd=func_convert_file_noop
lt_cv_to_tool_file_cmd=func_convert_file_noop

## ----------------- ##
## Output variables. ##
## ----------------- ##

ACLOCAL='${SHELL} /tmp/libbeauty/libbeauty/missing --run aclocal-1.11'
AMDEPBACKSLASH='\'
AMDEP_FALSE='#'
AMDEP_TRUE=''
AMTAR='$${TAR-tar}'
AM_CPPFLAGS='-I$(top_srcdir)/include -I/usr/include/llvm-3.6 -I/usr/include/llvm-c-3.6'
AR='ar'
AUTOCONF='${SHELL} /tmp/libbeauty/libbeauty/missing --run autoconf'
AUTOHEADER='${SHELL} /tmp/libbeauty/libbeauty/missing --run autoheader'
AUTOMAKE='${SHELL} /tmp/libbeauty/libbeauty/missing --run automake-1.11'
AWK='mawk'
CC='gcc'
CCDEPMODE='depmode=gcc3'
CFLAGS='-g -O2'
CPP='gcc -E'
CPPFLAGS=''
CXX='g++'
CXXCPP='g++ -E'
CXXDEPMODE='depmode=gcc3'
CXXFLAGS='-O0 -Wall -g3 -std=c++11'
CYGPATH_W='echo'
DEBUG_CXXFLAGS='-g3 -Wall'
DEFS='-DHAVE_CONFIG_H'
DEPDIR='.deps'
DLLTOOL='false'
DSYMUTIL=''
DUMPBIN=''
ECHO_C=''
ECHO_N='-n'
ECHO_T=''
EGREP='/bin/grep -E'
EXEEXT=''
FGREP='/bin/grep -F'
GREP='/bin/grep'
INCLUDE_PATH='/usr/local/include/beauty'
INSTALL_DATA='${INSTALL} -m 644'
INSTALL_PROGRAM='${INSTALL}'
INSTALL_SCRIPT='${INSTALL}'
INSTALL_STRIP_PROGRAM='$(install_sh) -c -s'
LD='/usr/bin/ld -m elf_x86_64'
LDFLAGS=''
LIBOBJS=''
LIBS=''
LIBTOOL='$(SHELL) $(top_builddir)/libtool'
LIPO=''
LN_S='ln -s'
LTLIBOBJS=''
LT_AGE='0'
LT_CURRENT='1'
LT_REVISION='0'
MAINT='#'
MAINTAINER_MODE_FALSE=''
MAINTAINER_MODE_TRUE='#'
MAKEINFO='${SHELL} /tmp/libbeauty/libbeauty/missing --run makeinfo'
MANIFEST_TOOL=':'
MKDIR_P='/bin/mkdir -p'
MODULE_LDFLAGS='-export-dynamic -module -avoid-version'
MOD_PATH='/usr/local/lib/beauty'
NM='/usr/bin/nm -B'
NMEDIT=''
OBJDUMP='objdump'
OBJEXT='o'
OTOOL64=''
OTOOL=''
PACKAGE='libbeauty'
PACKAGE_BUGREPORT=''
PACKAGE_NAME='libbeauty'
PACKAGE_STRING='libbeauty 0.2.0'
PACKAGE_TARNAME='libbeauty'
PACKAGE_URL=''
PACKAGE_VERSION='0.2.0'
PATH_SEPARATOR=':'
RANLIB='ranlib'
SED='/bin/sed'
SET_MAKE=''
SHELL='/bin/bash'
STRIP='strip'
VERSION='0.2.0'
ac_ct_AR='ar'
ac_ct_CC='gcc'
ac_ct_CXX='g++'
ac_ct_DUMPBIN=''
am__EXEEXT_FALSE=''
am__EXEEXT_TRUE='#'
am__fastdepCC_FALSE='#'
am__fastdepCC_TRUE=''
am__fastdepCXX_FALSE='#'
am__fastdepCXX_TRUE=''
am__include='include'
am__isrc=''
am__leading_dot='.'
am__nodep='_no'
am__quote=''
am__tar='$${TAR-tar} chof - "$$tardir"'
am__untar='$${TAR-tar} xf -'
bindir='${exec_prefix}/bin'
build='x86_64-unknown-linux-gnu'
build_alias=''
build_cpu='x86_64'
build_os='linux-gnu'
build_vendor='unknown'
datadir='${datarootdir}'
datarootdir='${prefix}/share'
docdir='${datarootdir}/doc/${PACKAGE_TARNAME}'
dvidir='${docdir}'
exec_prefix='/usr/local'
host='x86_64-unknown-linux-gnu'
host_alias=''
host_cpu='x86_64'
host_os='linux-gnu'
host_vendor='unknown'
htmldir='${docdir}'
includedir='${prefix}/include'
infodir='${datarootdir}/info'
install_sh='${SHELL} /tmp/libbeauty/libbeauty/install-sh'
libdir='${exec_prefix}/lib'
libexecdir='${exec_prefix}/libexec'
localedir='${datarootdir}/locale'
localstatedir='${prefix}/var'
mandir='${datarootdir}/man'
mkdir_p='/bin/mkdir -p'
oldincludedir='/usr/include'
pdfdir='${docdir}'
prefix='/usr/local'
program_transform_name='s,x,x,'
psdir='${docdir}'
sbindir='${exec_prefix}/sbin'
sharedstatedir='${prefix}/com'
sysconfdir='${prefix}/etc'
target_alias=''

## ----------- ##
## confdefs.h. ##
## ----------- ##

/* confdefs.h */
#define PACKAGE_NAME "libbeauty"
#define PACKAGE_TARNAME "libbeauty"
#define PACKAGE_VERSION "0.2.0"
#define PACKAGE_STRING "libbeauty 0.2.0"
#define PACKAGE_BUGREPORT ""
#define PACKAGE_URL ""
#define PACKAGE "libbeauty"
#define VERSION "0.2.0"
#define STDC_HEADERS 1
#define HAVE_SYS_TYPES_H 1
#define HAVE_SYS_STAT_H 1
#define HAVE_STDLIB_H 1
#define HAVE_STRING_H 1
#define HAVE_MEMORY_H 1
#define HAVE_STRINGS_H 1
#define HAVE_INTTYPES_H 1
#define HAVE_STDINT_H 1
#define HAVE_UNISTD_H 1
#define HAVE_DLFCN_H 1
#define LT_OBJDIR ".libs/"
#define MOD_PATH "/usr/local/lib/beauty"
#define INCLUDE_PATH "/usr/local/include/beauty"

configure: exit 0
