This file contains any messages produced by compilers while
running configure, to aid debugging if configure makes a mistake.

It was created by vix configure 0.1.1, which was
generated by GNU Autoconf 2.68.  Invocation command line was

  $ ./configure --prefix=/usr

## --------- ##
## Platform. ##
## --------- ##

hostname = drone-96882b153d
uname -m = x86_64
uname -r = 3.2.0-23-virtual
uname -s = Linux
uname -v = #36-Ubuntu SMP Tue Apr 10 22:29:03 UTC 2012

/usr/bin/uname -p = unknown
/bin/uname -X     = unknown

/bin/arch              = unknown
/usr/bin/arch -k       = unknown
/usr/convex/getsysinfo = unknown
/usr/bin/hostinfo      = unknown
/bin/machine           = unknown
/usr/bin/oslevel       = unknown
/bin/universe          = unknown

PATH: /usr/local/sbin
PATH: /usr/local/bin
PATH: /usr/sbin
PATH: /usr/bin
PATH: /sbin
PATH: /bin


## ----------- ##
## Core tests. ##
## ----------- ##

configure:2290: checking for a BSD-compatible install
configure:2358: result: /usr/bin/install -c
configure:2369: checking whether build environment is sane
configure:2419: result: yes
configure:2447: WARNING: `missing' script is too old or missing
configure:2560: checking for a thread-safe mkdir -p
configure:2599: result: /bin/mkdir -p
configure:2612: checking for gawk
configure:2642: result: no
configure:2612: checking for mawk
configure:2628: found /usr/bin/mawk
configure:2639: result: mawk
configure:2650: checking whether make sets $(MAKE)
configure:2672: result: yes
configure:2810: checking for gcc
configure:2826: found /usr/bin/gcc
configure:2837: result: gcc
configure:3066: checking for C compiler version
configure:3075: gcc --version >&5
gcc (Ubuntu/Linaro 4.6.3-1ubuntu5) 4.6.3
Copyright (C) 2011 Free Software Foundation, Inc.
This is free software; see the source for copying conditions.  There is NO
warranty; not even for MERCHANTABILITY or FITNESS FOR A PARTICULAR PURPOSE.

configure:3086: $? = 0
configure:3075: gcc -v >&5
Using built-in specs.
COLLECT_GCC=gcc
COLLECT_LTO_WRAPPER=/usr/lib/gcc/x86_64-linux-gnu/4.6/lto-wrapper
Target: x86_64-linux-gnu
Configured with: ../src/configure -v --with-pkgversion='Ubuntu/Linaro 4.6.3-1ubuntu5' --with-bugurl=file:///usr/share/doc/gcc-4.6/README.Bugs --enable-languages=c,c++,fortran,objc,obj-c++ --prefix=/usr --program-suffix=-4.6 --enable-shared --enable-linker-build-id --with-system-zlib --libexecdir=/usr/lib --without-included-gettext --enable-threads=posix --with-gxx-include-dir=/usr/include/c++/4.6 --libdir=/usr/lib --enable-nls --with-sysroot=/ --enable-clocale=gnu --enable-libstdcxx-debug --enable-libstdcxx-time=yes --enable-gnu-unique-object --enable-plugin --enable-objc-gc --disable-werror --with-arch-32=i686 --with-tune=generic --enable-checking=release --build=x86_64-linux-gnu --host=x86_64-linux-gnu --target=x86_64-linux-gnu
Thread model: posix
gcc version 4.6.3 (Ubuntu/Linaro 4.6.3-1ubuntu5) 
configure:3086: $? = 0
configure:3075: gcc -V >&5
gcc: error: unrecognized option '-V'
gcc: fatal error: no input files
compilation terminated.
configure:3086: $? = 4
configure:3075: gcc -qversion >&5
gcc: error: unrecognized option '-qversion'
gcc: fatal error: no input files
compilation terminated.
configure:3086: $? = 4
configure:3106: checking whether the C compiler works
configure:3128: gcc    conftest.c  >&5
configure:3132: $? = 0
configure:3180: result: yes
configure:3183: checking for C compiler default output file name
configure:3185: result: a.out
configure:3191: checking for suffix of executables
configure:3198: gcc -o conftest    conftest.c  >&5
configure:3202: $? = 0
configure:3224: result: 
configure:3246: checking whether we are cross compiling
configure:3254: gcc -o conftest    conftest.c  >&5
configure:3258: $? = 0
configure:3265: ./conftest
configure:3269: $? = 0
configure:3284: result: no
configure:3289: checking for suffix of object files
configure:3311: gcc -c   conftest.c >&5
configure:3315: $? = 0
configure:3336: result: o
configure:3340: checking whether we are using the GNU C compiler
configure:3359: gcc -c   conftest.c >&5
configure:3359: $? = 0
configure:3368: result: yes
configure:3377: checking whether gcc accepts -g
configure:3397: gcc -c -g  conftest.c >&5
configure:3397: $? = 0
configure:3438: result: yes
configure:3455: checking for gcc option to accept ISO C89
configure:3519: gcc  -c -g -O2  conftest.c >&5
configure:3519: $? = 0
configure:3532: result: none needed
configure:3563: checking for style of include used by make
configure:3591: result: GNU
configure:3617: checking dependency style of gcc
configure:3728: result: none
configure:3744: checking whether gcc and cc understand -c and -o together
configure:3775: gcc -c conftest.c -o conftest2.o >&5
configure:3779: $? = 0
configure:3785: gcc -c conftest.c -o conftest2.o >&5
configure:3789: $? = 0
configure:3800: cc -c conftest.c >&5
configure:3804: $? = 0
configure:3812: cc -c conftest.c -o conftest2.o >&5
configure:3816: $? = 0
configure:3822: cc -c conftest.c -o conftest2.o >&5
configure:3826: $? = 0
configure:3844: result: yes
configure:3878: checking dependency style of gcc
configure:3987: result: none
configure:4032: checking build system type
configure:4046: result: x86_64-unknown-linux-gnu
configure:4066: checking host system type
configure:4079: result: x86_64-unknown-linux-gnu
configure:4120: checking how to print strings
configure:4147: result: printf
configure:4168: checking for a sed that does not truncate output
configure:4232: result: /bin/sed
configure:4250: checking for grep that handles long lines and -e
configure:4308: result: /bin/grep
configure:4313: checking for egrep
configure:4375: result: /bin/grep -E
configure:4380: checking for fgrep
configure:4442: result: /bin/grep -F
configure:4477: checking for ld used by gcc
configure:4544: result: /usr/bin/ld
configure:4551: checking if the linker (/usr/bin/ld) is GNU ld
configure:4566: result: yes
configure:4578: checking for BSD- or MS-compatible name lister (nm)
configure:4627: result: /usr/bin/nm -B
configure:4757: checking the name lister (/usr/bin/nm -B) interface
configure:4764: gcc -c -g -O2  conftest.c >&5
configure:4767: /usr/bin/nm -B "conftest.o"
configure:4770: output
0000000000000000 B some_variable
configure:4777: result: BSD nm
configure:4780: checking whether ln -s works
configure:4784: result: yes
configure:4792: checking the maximum length of command line arguments
configure:4922: result: 1572864
configure:4939: checking whether the shell understands some XSI constructs
configure:4949: result: yes
configure:4953: checking whether the shell understands "+="
configure:4959: result: yes
configure:4994: checking how to convert x86_64-unknown-linux-gnu file names to x86_64-unknown-linux-gnu format
configure:5034: result: func_convert_file_noop
configure:5041: checking how to convert x86_64-unknown-linux-gnu file names to toolchain format
configure:5061: result: func_convert_file_noop
configure:5068: checking for /usr/bin/ld option to reload object files
configure:5075: result: -r
configure:5149: checking for objdump
configure:5165: found /usr/bin/objdump
configure:5176: result: objdump
configure:5208: checking how to recognize dependent libraries
configure:5410: result: pass_all
configure:5495: checking for dlltool
configure:5525: result: no
configure:5555: checking how to associate runtime and link libraries
configure:5582: result: printf %s\n
configure:5643: checking for ar
configure:5659: found /usr/bin/ar
configure:5670: result: ar
configure:5707: checking for archiver @FILE support
configure:5724: gcc -c -g -O2  conftest.c >&5
configure:5724: $? = 0
configure:5727: ar cru libconftest.a @conftest.lst >&5
configure:5730: $? = 0
configure:5735: ar cru libconftest.a @conftest.lst >&5
ar: conftest.o: No such file or directory
configure:5738: $? = 1
configure:5750: result: @
configure:5808: checking for strip
configure:5824: found /usr/bin/strip
configure:5835: result: strip
configure:5907: checking for ranlib
configure:5923: found /usr/bin/ranlib
configure:5934: result: ranlib
configure:6036: checking command to parse /usr/bin/nm -B output from gcc object
configure:6156: gcc -c -g -O2  conftest.c >&5
configure:6159: $? = 0
configure:6163: /usr/bin/nm -B conftest.o \| sed -n -e 's/^.*[ ]\([ABCDGIRSTW][ABCDGIRSTW]*\)[ ][ ]*\([_A-Za-z][_A-Za-z0-9]*\)$/\1 \2 \2/p' | sed '/ __gnu_lto/d' \> conftest.nm
configure:6166: $? = 0
configure:6232: gcc -o conftest -g -O2   conftest.c conftstm.o >&5
configure:6235: $? = 0
configure:6273: result: ok
configure:6310: checking for sysroot
configure:6340: result: no
configure:6417: gcc -c -g -O2  conftest.c >&5
configure:6420: $? = 0
configure:6596: checking for mt
configure:6612: found /bin/mt
configure:6623: result: mt
configure:6646: checking if mt is a manifest tool
configure:6652: mt '-?'
configure:6660: result: no
configure:7302: checking how to run the C preprocessor
configure:7333: gcc -E  conftest.c
configure:7333: $? = 0
configure:7347: gcc -E  conftest.c
conftest.c:11:28: fatal error: ac_nonexistent.h: No such file or directory
compilation terminated.
configure:7347: $? = 1
configure: failed program was:
| /* confdefs.h */
| #define PACKAGE_NAME "vix"
| #define PACKAGE_TARNAME "vix"
| #define PACKAGE_VERSION "0.1.1"
| #define PACKAGE_STRING "vix 0.1.1"
| #define PACKAGE_BUGREPORT ""
| #define PACKAGE_URL ""
| #define PACKAGE "vix"
| #define VERSION "0.1.1"
| /* end confdefs.h.  */
| #include <ac_nonexistent.h>
configure:7372: result: gcc -E
configure:7392: gcc -E  conftest.c
configure:7392: $? = 0
configure:7406: gcc -E  conftest.c
conftest.c:11:28: fatal error: ac_nonexistent.h: No such file or directory
compilation terminated.
configure:7406: $? = 1
configure: failed program was:
| /* confdefs.h */
| #define PACKAGE_NAME "vix"
| #define PACKAGE_TARNAME "vix"
| #define PACKAGE_VERSION "0.1.1"
| #define PACKAGE_STRING "vix 0.1.1"
| #define PACKAGE_BUGREPORT ""
| #define PACKAGE_URL ""
| #define PACKAGE "vix"
| #define VERSION "0.1.1"
| /* end confdefs.h.  */
| #include <ac_nonexistent.h>
configure:7435: checking for ANSI C header files
configure:7455: gcc -c -g -O2  conftest.c >&5
configure:7455: $? = 0
configure:7528: gcc -o conftest -g -O2   conftest.c  >&5
configure:7528: $? = 0
configure:7528: ./conftest
configure:7528: $? = 0
configure:7539: result: yes
configure:7552: checking for sys/types.h
configure:7552: gcc -c -g -O2  conftest.c >&5
configure:7552: $? = 0
configure:7552: result: yes
configure:7552: checking for sys/stat.h
configure:7552: gcc -c -g -O2  conftest.c >&5
configure:7552: $? = 0
configure:7552: result: yes
configure:7552: checking for stdlib.h
configure:7552: gcc -c -g -O2  conftest.c >&5
configure:7552: $? = 0
configure:7552: result: yes
configure:7552: checking for string.h
configure:7552: gcc -c -g -O2  conftest.c >&5
configure:7552: $? = 0
configure:7552: result: yes
configure:7552: checking for memory.h
configure:7552: gcc -c -g -O2  conftest.c >&5
configure:7552: $? = 0
configure:7552: result: yes
configure:7552: checking for strings.h
configure:7552: gcc -c -g -O2  conftest.c >&5
configure:7552: $? = 0
configure:7552: result: yes
configure:7552: checking for inttypes.h
configure:7552: gcc -c -g -O2  conftest.c >&5
configure:7552: $? = 0
configure:7552: result: yes
configure:7552: checking for stdint.h
configure:7552: gcc -c -g -O2  conftest.c >&5
configure:7552: $? = 0
configure:7552: result: yes
configure:7552: checking for unistd.h
configure:7552: gcc -c -g -O2  conftest.c >&5
configure:7552: $? = 0
configure:7552: result: yes
configure:7566: checking for dlfcn.h
configure:7566: gcc -c -g -O2  conftest.c >&5
configure:7566: $? = 0
configure:7566: result: yes
configure:7772: checking for objdir
configure:7787: result: .libs
configure:8058: checking if gcc supports -fno-rtti -fno-exceptions
configure:8076: gcc -c -g -O2  -fno-rtti -fno-exceptions conftest.c >&5
cc1: warning: command line option '-fno-rtti' is valid for C++/ObjC++ but not for C [enabled by default]
configure:8080: $? = 0
configure:8093: result: no
configure:8420: checking for gcc option to produce PIC
configure:8427: result: -fPIC -DPIC
configure:8435: checking if gcc PIC flag -fPIC -DPIC works
configure:8453: gcc -c -g -O2  -fPIC -DPIC -DPIC conftest.c >&5
configure:8457: $? = 0
configure:8470: result: yes
configure:8499: checking if gcc static flag -static works
configure:8527: result: yes
configure:8542: checking if gcc supports -c -o file.o
configure:8563: gcc -c -g -O2  -o out/conftest2.o conftest.c >&5
configure:8567: $? = 0
configure:8589: result: yes
configure:8597: checking if gcc supports -c -o file.o
configure:8644: result: yes
configure:8677: checking whether the gcc linker (/usr/bin/ld -m elf_x86_64) supports shared libraries
configure:9834: result: yes
configure:9871: checking whether -lc should be explicitly linked in
configure:9879: gcc -c -g -O2  conftest.c >&5
configure:9882: $? = 0
configure:9897: gcc -shared  -fPIC -DPIC conftest.o  -v -Wl,-soname -Wl,conftest -o conftest 2\>\&1 \| /bin/grep  -lc  \>/dev/null 2\>\&1
configure:9900: $? = 0
configure:9914: result: no
configure:10074: checking dynamic linker characteristics
configure:10585: gcc -o conftest -g -O2   -Wl,-rpath -Wl,/foo conftest.c  >&5
configure:10585: $? = 0
configure:10819: result: GNU/Linux ld.so
configure:10926: checking how to hardcode library paths into programs
configure:10951: result: immediate
configure:11491: checking whether stripping libraries is possible
configure:11496: result: yes
configure:11531: checking if libtool supports shared libraries
configure:11533: result: yes
configure:11536: checking whether to build shared libraries
configure:11557: result: yes
configure:11560: checking whether to build static libraries
configure:11564: result: yes
configure:11609: checking for inline
configure:11625: gcc -c   conftest.c >&5
configure:11625: $? = 0
configure:11633: result: inline
configure:11661: checking whether time.h and sys/time.h may both be included
configure:11681: gcc -c   conftest.c >&5
conftest.c:23:0: warning: "HAVE_INLINE" redefined [enabled by default]
conftest.c:22:0: note: this is the location of the previous definition
configure:11681: $? = 0
configure:11688: result: yes
configure:11697: checking for error_at_line
configure:11713: gcc -o conftest    conftest.c  >&5
conftest.c:23:0: warning: "HAVE_INLINE" redefined [enabled by default]
conftest.c:22:0: note: this is the location of the previous definition
configure:11713: $? = 0
configure:11721: result: yes
configure:11732: checking for pid_t
configure:11732: gcc -c   conftest.c >&5
conftest.c:23:0: warning: "HAVE_INLINE" redefined [enabled by default]
conftest.c:22:0: note: this is the location of the previous definition
configure:11732: $? = 0
configure:11732: gcc -c   conftest.c >&5
conftest.c:23:0: warning: "HAVE_INLINE" redefined [enabled by default]
conftest.c:22:0: note: this is the location of the previous definition
conftest.c: In function 'main':
conftest.c:62:20: error: expected expression before ')' token
configure:11732: $? = 1
configure: failed program was:
| /* confdefs.h */
| #define PACKAGE_NAME "vix"
| #define PACKAGE_TARNAME "vix"
| #define PACKAGE_VERSION "0.1.1"
| #define PACKAGE_STRING "vix 0.1.1"
| #define PACKAGE_BUGREPORT ""
| #define PACKAGE_URL ""
| #define PACKAGE "vix"
| #define VERSION "0.1.1"
| #define STDC_HEADERS 1
| #define HAVE_SYS_TYPES_H 1
| #define HAVE_SYS_STAT_H 1
| #define HAVE_STDLIB_H 1
| #define HAVE_STRING_H 1
| #define HAVE_MEMORY_H 1
| #define HAVE_STRINGS_H 1
| #define HAVE_INTTYPES_H 1
| #define HAVE_STDINT_H 1
| #define HAVE_UNISTD_H 1
| #define HAVE_DLFCN_H 1
| #define LT_OBJDIR ".libs/"
| #define HAVE_INLINE 0
| #define HAVE_INLINE 1
| #define TIME_WITH_SYS_TIME 1
| /* end confdefs.h.  */
| #include <stdio.h>
| #ifdef HAVE_SYS_TYPES_H
| # include <sys/types.h>
| #endif
| #ifdef HAVE_SYS_STAT_H
| # include <sys/stat.h>
| #endif
| #ifdef STDC_HEADERS
| # include <stdlib.h>
| # include <stddef.h>
| #else
| # ifdef HAVE_STDLIB_H
| #  include <stdlib.h>
| # endif
| #endif
| #ifdef HAVE_STRING_H
| # if !defined STDC_HEADERS && defined HAVE_MEMORY_H
| #  include <memory.h>
| # endif
| # include <string.h>
| #endif
| #ifdef HAVE_STRINGS_H
| # include <strings.h>
| #endif
| #ifdef HAVE_INTTYPES_H
| # include <inttypes.h>
| #endif
| #ifdef HAVE_STDINT_H
| # include <stdint.h>
| #endif
| #ifdef HAVE_UNISTD_H
| # include <unistd.h>
| #endif
| int
| main ()
| {
| if (sizeof ((pid_t)))
| 	    return 0;
|   ;
|   return 0;
| }
configure:11732: result: yes
configure:11745: checking vfork.h usability
configure:11745: gcc -c   conftest.c >&5
conftest.c:23:0: warning: "HAVE_INLINE" redefined [enabled by default]
conftest.c:22:0: note: this is the location of the previous definition
conftest.c:59:19: fatal error: vfork.h: No such file or directory
compilation terminated.
configure:11745: $? = 1
configure: failed program was:
| /* confdefs.h */
| #define PACKAGE_NAME "vix"
| #define PACKAGE_TARNAME "vix"
| #define PACKAGE_VERSION "0.1.1"
| #define PACKAGE_STRING "vix 0.1.1"
| #define PACKAGE_BUGREPORT ""
| #define PACKAGE_URL ""
| #define PACKAGE "vix"
| #define VERSION "0.1.1"
| #define STDC_HEADERS 1
| #define HAVE_SYS_TYPES_H 1
| #define HAVE_SYS_STAT_H 1
| #define HAVE_STDLIB_H 1
| #define HAVE_STRING_H 1
| #define HAVE_MEMORY_H 1
| #define HAVE_STRINGS_H 1
| #define HAVE_INTTYPES_H 1
| #define HAVE_STDINT_H 1
| #define HAVE_UNISTD_H 1
| #define HAVE_DLFCN_H 1
| #define LT_OBJDIR ".libs/"
| #define HAVE_INLINE 0
| #define HAVE_INLINE 1
| #define TIME_WITH_SYS_TIME 1
| /* end confdefs.h.  */
| #include <stdio.h>
| #ifdef HAVE_SYS_TYPES_H
| # include <sys/types.h>
| #endif
| #ifdef HAVE_SYS_STAT_H
| # include <sys/stat.h>
| #endif
| #ifdef STDC_HEADERS
| # include <stdlib.h>
| # include <stddef.h>
| #else
| # ifdef HAVE_STDLIB_H
| #  include <stdlib.h>
| # endif
| #endif
| #ifdef HAVE_STRING_H
| # if !defined STDC_HEADERS && defined HAVE_MEMORY_H
| #  include <memory.h>
| # endif
| # include <string.h>
| #endif
| #ifdef HAVE_STRINGS_H
| # include <strings.h>
| #endif
| #ifdef HAVE_INTTYPES_H
| # include <inttypes.h>
| #endif
| #ifdef HAVE_STDINT_H
| # include <stdint.h>
| #endif
| #ifdef HAVE_UNISTD_H
| # include <unistd.h>
| #endif
| #include <vfork.h>
configure:11745: result: no
configure:11745: checking vfork.h presence
configure:11745: gcc -E  conftest.c
conftest.c:23:0: warning: "HAVE_INLINE" redefined [enabled by default]
conftest.c:22:0: note: this is the location of the previous definition
conftest.c:26:19: fatal error: vfork.h: No such file or directory
compilation terminated.
configure:11745: $? = 1
configure: failed program was:
| /* confdefs.h */
| #define PACKAGE_NAME "vix"
| #define PACKAGE_TARNAME "vix"
| #define PACKAGE_VERSION "0.1.1"
| #define PACKAGE_STRING "vix 0.1.1"
| #define PACKAGE_BUGREPORT ""
| #define PACKAGE_URL ""
| #define PACKAGE "vix"
| #define VERSION "0.1.1"
| #define STDC_HEADERS 1
| #define HAVE_SYS_TYPES_H 1
| #define HAVE_SYS_STAT_H 1
| #define HAVE_STDLIB_H 1
| #define HAVE_STRING_H 1
| #define HAVE_MEMORY_H 1
| #define HAVE_STRINGS_H 1
| #define HAVE_INTTYPES_H 1
| #define HAVE_STDINT_H 1
| #define HAVE_UNISTD_H 1
| #define HAVE_DLFCN_H 1
| #define LT_OBJDIR ".libs/"
| #define HAVE_INLINE 0
| #define HAVE_INLINE 1
| #define TIME_WITH_SYS_TIME 1
| /* end confdefs.h.  */
| #include <vfork.h>
configure:11745: result: no
configure:11745: checking for vfork.h
configure:11745: result: no
configure:11758: checking for fork
configure:11758: gcc -o conftest    conftest.c  >&5
conftest.c:23:0: warning: "HAVE_INLINE" redefined [enabled by default]
conftest.c:22:0: note: this is the location of the previous definition
conftest.c:49:6: warning: conflicting types for built-in function 'fork' [enabled by default]
configure:11758: $? = 0
configure:11758: result: yes
configure:11758: checking for vfork
configure:11758: gcc -o conftest    conftest.c  >&5
conftest.c:23:0: warning: "HAVE_INLINE" redefined [enabled by default]
conftest.c:22:0: note: this is the location of the previous definition
configure:11758: $? = 0
configure:11758: result: yes
configure:11768: checking for working fork
configure:11790: gcc -o conftest    conftest.c  >&5
conftest.c:23:0: warning: "HAVE_INLINE" redefined [enabled by default]
conftest.c:22:0: note: this is the location of the previous definition
configure:11790: $? = 0
configure:11790: ./conftest
configure:11790: $? = 0
configure:11800: result: yes
configure:11821: checking for working vfork
configure:11931: result: yes
configure:11958: checking for stdlib.h
configure:11958: result: yes
configure:11968: checking for GNU libc compatible malloc
configure:11992: gcc -o conftest    conftest.c  >&5
conftest.c:23:0: warning: "HAVE_INLINE" redefined [enabled by default]
conftest.c:22:0: note: this is the location of the previous definition
configure:11992: $? = 0
configure:11992: ./conftest
configure:11992: $? = 0
configure:12002: result: yes

## ---------------- ##
## Cache variables. ##
## ---------------- ##

ac_cv_build=x86_64-unknown-linux-gnu
ac_cv_c_compiler_gnu=yes
ac_cv_c_inline=inline
ac_cv_env_CCASFLAGS_set=
ac_cv_env_CCASFLAGS_value=
ac_cv_env_CCAS_set=
ac_cv_env_CCAS_value=
ac_cv_env_CC_set=
ac_cv_env_CC_value=
ac_cv_env_CFLAGS_set=
ac_cv_env_CFLAGS_value=
ac_cv_env_CPPFLAGS_set=
ac_cv_env_CPPFLAGS_value=
ac_cv_env_CPP_set=
ac_cv_env_CPP_value=
ac_cv_env_LDFLAGS_set=
ac_cv_env_LDFLAGS_value=
ac_cv_env_LIBS_set=
ac_cv_env_LIBS_value=
ac_cv_env_build_alias_set=
ac_cv_env_build_alias_value=
ac_cv_env_host_alias_set=
ac_cv_env_host_alias_value=
ac_cv_env_target_alias_set=
ac_cv_env_target_alias_value=
ac_cv_func_fork=yes
ac_cv_func_fork_works=yes
ac_cv_func_malloc_0_nonnull=yes
ac_cv_func_vfork=yes
ac_cv_func_vfork_works=yes
ac_cv_header_dlfcn_h=yes
ac_cv_header_inttypes_h=yes
ac_cv_header_memory_h=yes
ac_cv_header_stdc=yes
ac_cv_header_stdint_h=yes
ac_cv_header_stdlib_h=yes
ac_cv_header_string_h=yes
ac_cv_header_strings_h=yes
ac_cv_header_sys_stat_h=yes
ac_cv_header_sys_types_h=yes
ac_cv_header_time=yes
ac_cv_header_unistd_h=yes
ac_cv_header_vfork_h=no
ac_cv_host=x86_64-unknown-linux-gnu
ac_cv_lib_error_at_line=yes
ac_cv_objext=o
ac_cv_path_EGREP='/bin/grep -E'
ac_cv_path_FGREP='/bin/grep -F'
ac_cv_path_GREP=/bin/grep
ac_cv_path_SED=/bin/sed
ac_cv_path_install='/usr/bin/install -c'
ac_cv_path_mkdir=/bin/mkdir
ac_cv_prog_AWK=mawk
ac_cv_prog_CPP='gcc -E'
ac_cv_prog_ac_ct_AR=ar
ac_cv_prog_ac_ct_CC=gcc
ac_cv_prog_ac_ct_MANIFEST_TOOL=mt
ac_cv_prog_ac_ct_OBJDUMP=objdump
ac_cv_prog_ac_ct_RANLIB=ranlib
ac_cv_prog_ac_ct_STRIP=strip
ac_cv_prog_cc_c89=
ac_cv_prog_cc_g=yes
ac_cv_prog_cc_gcc_c_o=yes
ac_cv_prog_make_make_set=yes
ac_cv_type_pid_t=yes
am_cv_CCAS_dependencies_compiler_type=none
am_cv_CC_dependencies_compiler_type=none
lt_cv_ar_at_file=@
lt_cv_archive_cmds_need_lc=no
lt_cv_deplibs_check_method=pass_all
lt_cv_file_magic_cmd='$MAGIC_CMD'
lt_cv_file_magic_test_file=
lt_cv_ld_reload_flag=-r
lt_cv_nm_interface='BSD nm'
lt_cv_objdir=.libs
lt_cv_path_LD=/usr/bin/ld
lt_cv_path_NM='/usr/bin/nm -B'
lt_cv_path_mainfest_tool=no
lt_cv_prog_compiler_c_o=yes
lt_cv_prog_compiler_pic='-fPIC -DPIC'
lt_cv_prog_compiler_pic_works=yes
lt_cv_prog_compiler_rtti_exceptions=no
lt_cv_prog_compiler_static_works=yes
lt_cv_prog_gnu_ld=yes
lt_cv_sharedlib_from_linklib_cmd='printf %s\n'
lt_cv_shlibpath_overrides_runpath=no
lt_cv_sys_global_symbol_pipe='sed -n -e '\''s/^.*[	 ]\([ABCDGIRSTW][ABCDGIRSTW]*\)[	 ][	 ]*\([_A-Za-z][_A-Za-z0-9]*\)$/\1 \2 \2/p'\'' | sed '\''/ __gnu_lto/d'\'''
lt_cv_sys_global_symbol_to_c_name_address='sed -n -e '\''s/^: \([^ ]*\)[ ]*$/  {\"\1\", (void *) 0},/p'\'' -e '\''s/^[ABCDGIRSTW]* \([^ ]*\) \([^ ]*\)$/  {"\2", (void *) \&\2},/p'\'''
lt_cv_sys_global_symbol_to_c_name_address_lib_prefix='sed -n -e '\''s/^: \([^ ]*\)[ ]*$/  {\"\1\", (void *) 0},/p'\'' -e '\''s/^[ABCDGIRSTW]* \([^ ]*\) \(lib[^ ]*\)$/  {"\2", (void *) \&\2},/p'\'' -e '\''s/^[ABCDGIRSTW]* \([^ ]*\) \([^ ]*\)$/  {"lib\2", (void *) \&\2},/p'\'''
lt_cv_sys_global_symbol_to_cdecl='sed -n -e '\''s/^T .* \(.*\)$/extern int \1();/p'\'' -e '\''s/^[ABCDGIRSTW]* .* \(.*\)$/extern char \1;/p'\'''
lt_cv_sys_max_cmd_len=1572864
lt_cv_to_host_file_cmd=func_convert_file_noop
lt_cv_to_tool_file_cmd=func_convert_file_noop

## ----------------- ##
## Output variables. ##
## ----------------- ##

ACLOCAL='aclocal-1.11'
AMDEPBACKSLASH='\'
AMDEP_FALSE='#'
AMDEP_TRUE=''
AMTAR='$${TAR-tar}'
AM_CFLAGS=''
AR='ar'
AUTOCONF='autoconf'
AUTOHEADER='autoheader'
AUTOMAKE='automake-1.11'
AWK='mawk'
CC='gcc'
CCAS='gcc'
CCASDEPMODE='depmode=none'
CCASFLAGS='-g -O2'
CCDEPMODE='depmode=none'
CFLAGS=''
CPP='gcc -E'
CPPFLAGS=''
CYGPATH_W='echo'
DEFS=''
DEPDIR='.deps'
DLLTOOL='false'
DSYMUTIL=''
DUMPBIN=''
ECHO_C=''
ECHO_N='-n'
ECHO_T=''
EGREP='/bin/grep -E'
EXEEXT=''
FGREP='/bin/grep -F'
GLOBAL_CFLAGS='-g -O2'
GLOBAL_LDFLAGS='-lm -lpthread -ldl -export-dynamic -rdynamic'
GREP='/bin/grep'
HAVE_INLINE=''
INSTALL_DATA='${INSTALL} -m 644'
INSTALL_PROGRAM='${INSTALL}'
INSTALL_SCRIPT='${INSTALL}'
INSTALL_STRIP_PROGRAM='$(install_sh) -c -s'
LD='/usr/bin/ld -m elf_x86_64'
LDFLAGS=''
LIBOBJS=''
LIBS=''
LIBTOOL='$(SHELL) $(top_builddir)/libtool'
LIPO=''
LN_S='ln -s'
LTLIBOBJS=''
MAKEINFO='makeinfo'
MANIFEST_TOOL=':'
MKDIR_P='/bin/mkdir -p'
NM='/usr/bin/nm -B'
NMEDIT=''
OBJDUMP='objdump'
OBJEXT='o'
OTOOL64=''
OTOOL=''
PACKAGE='vix'
PACKAGE_BUGREPORT=''
PACKAGE_NAME='vix'
PACKAGE_STRING='vix 0.1.1'
PACKAGE_TARNAME='vix'
PACKAGE_URL=''
PACKAGE_VERSION='0.1.1'
PATH_SEPARATOR=':'
RANLIB='ranlib'
SDL_CFLAGS=''
SDL_LIBS=''
SED='/bin/sed'
SET_MAKE=''
SHELL='/bin/bash'
STRIP='strip'
VERSION='0.1.1'
ac_ct_AR='ar'
ac_ct_CC='gcc'
ac_ct_DUMPBIN=''
am__EXEEXT_FALSE=''
am__EXEEXT_TRUE=''
am__fastdepCCAS_FALSE=''
am__fastdepCCAS_TRUE='#'
am__fastdepCC_FALSE=''
am__fastdepCC_TRUE='#'
am__include='include'
am__isrc=''
am__leading_dot='.'
am__nodep='_no'
am__quote=''
am__tar='$${TAR-tar} chof - "$$tardir"'
am__untar='$${TAR-tar} xf -'
bindir='${exec_prefix}/bin'
build='x86_64-unknown-linux-gnu'
build_alias=''
build_cpu='x86_64'
build_os='linux-gnu'
build_vendor='unknown'
datadir='${datarootdir}'
datarootdir='${prefix}/share'
docdir='${datarootdir}/doc/${PACKAGE_TARNAME}'
dvidir='${docdir}'
exec_prefix='NONE'
host='x86_64-unknown-linux-gnu'
host_alias=''
host_cpu='x86_64'
host_os='linux-gnu'
host_vendor='unknown'
htmldir='${docdir}'
includedir='${prefix}/include'
infodir='${datarootdir}/info'
install_sh='${SHELL} /tmp/vix/install-sh'
libdir='${exec_prefix}/lib'
libexecdir='${exec_prefix}/libexec'
localedir='${datarootdir}/locale'
localstatedir='${prefix}/var'
mandir='${datarootdir}/man'
mkdir_p='/bin/mkdir -p'
oldincludedir='/usr/include'
pdfdir='${docdir}'
prefix='/usr'
program_transform_name='s,x,x,'
psdir='${docdir}'
sbindir='${exec_prefix}/sbin'
sharedstatedir='${prefix}/com'
sysconfdir='${prefix}/etc'
target_alias=''

## ----------- ##
## confdefs.h. ##
## ----------- ##

/* confdefs.h */
#define PACKAGE_NAME "vix"
#define PACKAGE_TARNAME "vix"
#define PACKAGE_VERSION "0.1.1"
#define PACKAGE_STRING "vix 0.1.1"
#define PACKAGE_BUGREPORT ""
#define PACKAGE_URL ""
#define PACKAGE "vix"
#define VERSION "0.1.1"
#define STDC_HEADERS 1
#define HAVE_SYS_TYPES_H 1
#define HAVE_SYS_STAT_H 1
#define HAVE_STDLIB_H 1
#define HAVE_STRING_H 1
#define HAVE_MEMORY_H 1
#define HAVE_STRINGS_H 1
#define HAVE_INTTYPES_H 1
#define HAVE_STDINT_H 1
#define HAVE_UNISTD_H 1
#define HAVE_DLFCN_H 1
#define LT_OBJDIR ".libs/"
#define HAVE_INLINE 0
#define HAVE_INLINE 1
#define TIME_WITH_SYS_TIME 1
#define HAVE_FORK 1
#define HAVE_VFORK 1
#define HAVE_WORKING_VFORK 1
#define HAVE_WORKING_FORK 1
#define HAVE_STDLIB_H 1
#define HAVE_MALLOC 1

configure: exit 2
