Performing C++ SOURCE FILE Test HAVE_FLAG_STD_GNUCPP11 failed with the following output:
Change Dir: /home/ubuntu/src/github.com/vdun/stoke/stoke/stp/build/CMakeFiles/CMakeTmp

Run Build Command:/usr/bin/make "cmTryCompileExec1013189732/fast"
/usr/bin/make -f CMakeFiles/cmTryCompileExec1013189732.dir/build.make CMakeFiles/cmTryCompileExec1013189732.dir/build
make[1]: Entering directory `/home/ubuntu/src/github.com/vdun/stoke/stoke/stp/build/CMakeFiles/CMakeTmp'
/usr/bin/cmake -E cmake_progress_report /home/ubuntu/src/github.com/vdun/stoke/stoke/stp/build/CMakeFiles/CMakeTmp/CMakeFiles 1
Building CXX object CMakeFiles/cmTryCompileExec1013189732.dir/src.cxx.o
/usr/bin/c++    -fPIC -DHAVE_FLAG_STD_GNUCPP11   -std=gnu++11 -o CMakeFiles/cmTryCompileExec1013189732.dir/src.cxx.o -c /home/ubuntu/src/github.com/vdun/stoke/stoke/stp/build/CMakeFiles/CMakeTmp/src.cxx
cc1plus: error: unrecognized command line option '-std=gnu++11'
make[1]: Leaving directory `/home/ubuntu/src/github.com/vdun/stoke/stoke/stp/build/CMakeFiles/CMakeTmp'
make[1]: *** [CMakeFiles/cmTryCompileExec1013189732.dir/src.cxx.o] Error 1
make: *** [cmTryCompileExec1013189732/fast] Error 2

Source file was:
int main() { return 0;}
Performing C++ SOURCE FILE Test HAVE_FLAG_STD_CPP11 failed with the following output:
Change Dir: /home/ubuntu/src/github.com/vdun/stoke/stoke/stp/build/CMakeFiles/CMakeTmp

Run Build Command:/usr/bin/make "cmTryCompileExec3671267480/fast"
/usr/bin/make -f CMakeFiles/cmTryCompileExec3671267480.dir/build.make CMakeFiles/cmTryCompileExec3671267480.dir/build
make[1]: Entering directory `/home/ubuntu/src/github.com/vdun/stoke/stoke/stp/build/CMakeFiles/CMakeTmp'
/usr/bin/cmake -E cmake_progress_report /home/ubuntu/src/github.com/vdun/stoke/stoke/stp/build/CMakeFiles/CMakeTmp/CMakeFiles 1
Building CXX object CMakeFiles/cmTryCompileExec3671267480.dir/src.cxx.o
/usr/bin/c++    -fPIC -DHAVE_FLAG_STD_CPP11   -std=c++11 -o CMakeFiles/cmTryCompileExec3671267480.dir/src.cxx.o -c /home/ubuntu/src/github.com/vdun/stoke/stoke/stp/build/CMakeFiles/CMakeTmp/src.cxx
cc1plus: error: unrecognized command line option '-std=c++11'
make[1]: Leaving directory `/home/ubuntu/src/github.com/vdun/stoke/stoke/stp/build/CMakeFiles/CMakeTmp'
make[1]: *** [CMakeFiles/cmTryCompileExec3671267480.dir/src.cxx.o] Error 1
make: *** [cmTryCompileExec3671267480/fast] Error 2

Source file was:
int main() { return 0;}
Performing C++ SOURCE FILE Test HAVE_FLAG_STDLIB_LIBCPP failed with the following output:
Change Dir: /home/ubuntu/src/github.com/vdun/stoke/stoke/stp/build/CMakeFiles/CMakeTmp

Run Build Command:/usr/bin/make "cmTryCompileExec3914102630/fast"
/usr/bin/make -f CMakeFiles/cmTryCompileExec3914102630.dir/build.make CMakeFiles/cmTryCompileExec3914102630.dir/build
make[1]: Entering directory `/home/ubuntu/src/github.com/vdun/stoke/stoke/stp/build/CMakeFiles/CMakeTmp'
/usr/bin/cmake -E cmake_progress_report /home/ubuntu/src/github.com/vdun/stoke/stoke/stp/build/CMakeFiles/CMakeTmp/CMakeFiles 1
Building CXX object CMakeFiles/cmTryCompileExec3914102630.dir/src.cxx.o
/usr/bin/c++    -fPIC -DHAVE_FLAG_STDLIB_LIBCPP   -stdlib=libc++ -o CMakeFiles/cmTryCompileExec3914102630.dir/src.cxx.o -c /home/ubuntu/src/github.com/vdun/stoke/stoke/stp/build/CMakeFiles/CMakeTmp/src.cxx
cc1plus: error: unrecognized command line option '-stdlib=libc++'
make[1]: Leaving directory `/home/ubuntu/src/github.com/vdun/stoke/stoke/stp/build/CMakeFiles/CMakeTmp'
make[1]: *** [CMakeFiles/cmTryCompileExec3914102630.dir/src.cxx.o] Error 1
make: *** [cmTryCompileExec3914102630/fast] Error 2

Source file was:
int main() { return 0;}
Performing C++ SOURCE FILE Test HAVE_FLAG_-Wheader-guard failed with the following output:
Change Dir: /home/ubuntu/src/github.com/vdun/stoke/stoke/stp/build/CMakeFiles/CMakeTmp

Run Build Command:/usr/bin/make "cmTryCompileExec2902569404/fast"
/usr/bin/make -f CMakeFiles/cmTryCompileExec2902569404.dir/build.make CMakeFiles/cmTryCompileExec2902569404.dir/build
make[1]: Entering directory `/home/ubuntu/src/github.com/vdun/stoke/stoke/stp/build/CMakeFiles/CMakeTmp'
/usr/bin/cmake -E cmake_progress_report /home/ubuntu/src/github.com/vdun/stoke/stoke/stp/build/CMakeFiles/CMakeTmp/CMakeFiles 1
Building CXX object CMakeFiles/cmTryCompileExec2902569404.dir/src.cxx.o
/usr/bin/c++    -std=gnu++0x  -fPIC -Wall -pedantic -Wunused -Wsign-compare -Wtype-limits -Wuninitialized -Wno-deprecated -Wstrict-aliasing -Wpointer-arith -DHAVE_FLAG_-Wheader-guard   -Wheader-guard -o CMakeFiles/cmTryCompileExec2902569404.dir/src.cxx.o -c /home/ubuntu/src/github.com/vdun/stoke/stoke/stp/build/CMakeFiles/CMakeTmp/src.cxx
cc1plus: error: unrecognized command line option '-Wheader-guard'
make[1]: Leaving directory `/home/ubuntu/src/github.com/vdun/stoke/stoke/stp/build/CMakeFiles/CMakeTmp'
make[1]: *** [CMakeFiles/cmTryCompileExec2902569404.dir/src.cxx.o] Error 1
make: *** [cmTryCompileExec2902569404/fast] Error 2

Source file was:
int main() { return 0;}
