The system is: Linux - 2.6.32-042stab090.5 - x86_64
Compiling the C compiler identification source file "CMakeCCompilerId.c" succeeded.
Compiler: /usr/bin/cc 
Build flags: 
Id flags: 

The output was:
0


Compilation of the C compiler identification source "CMakeCCompilerId.c" produced "a.out"

The C compiler identification is GNU, found in "/home/travis/build/vdun/stoke/stoke/stp/build/CMakeFiles/2.8.12.2/CompilerIdC/a.out"

Compiling the CXX compiler identification source file "CMakeCXXCompilerId.cpp" succeeded.
Compiler: /usr/bin/c++ 
Build flags: 
Id flags: 

The output was:
0


Compilation of the CXX compiler identification source "CMakeCXXCompilerId.cpp" produced "a.out"

The CXX compiler identification is GNU, found in "/home/travis/build/vdun/stoke/stoke/stp/build/CMakeFiles/2.8.12.2/CompilerIdCXX/a.out"

Determining if the C compiler works passed with the following output:
Change Dir: /home/travis/build/vdun/stoke/stoke/stp/build/CMakeFiles/CMakeTmp

Run Build Command:/usr/bin/make "cmTryCompileExec530840160/fast"
/usr/bin/make -f CMakeFiles/cmTryCompileExec530840160.dir/build.make CMakeFiles/cmTryCompileExec530840160.dir/build
make[1]: Entering directory `/home/travis/build/vdun/stoke/stoke/stp/build/CMakeFiles/CMakeTmp'
/usr/bin/cmake -E cmake_progress_report /home/travis/build/vdun/stoke/stoke/stp/build/CMakeFiles/CMakeTmp/CMakeFiles 1
Building C object CMakeFiles/cmTryCompileExec530840160.dir/testCCompiler.c.o
/usr/bin/cc    -o CMakeFiles/cmTryCompileExec530840160.dir/testCCompiler.c.o   -c /home/travis/build/vdun/stoke/stoke/stp/build/CMakeFiles/CMakeTmp/testCCompiler.c
Linking C executable cmTryCompileExec530840160
/usr/bin/cmake -E cmake_link_script CMakeFiles/cmTryCompileExec530840160.dir/link.txt --verbose=1
/usr/bin/cc       CMakeFiles/cmTryCompileExec530840160.dir/testCCompiler.c.o  -o cmTryCompileExec530840160 -rdynamic 
make[1]: Leaving directory `/home/travis/build/vdun/stoke/stoke/stp/build/CMakeFiles/CMakeTmp'


Detecting C compiler ABI info compiled with the following output:
Change Dir: /home/travis/build/vdun/stoke/stoke/stp/build/CMakeFiles/CMakeTmp

Run Build Command:/usr/bin/make "cmTryCompileExec884104103/fast"
/usr/bin/make -f CMakeFiles/cmTryCompileExec884104103.dir/build.make CMakeFiles/cmTryCompileExec884104103.dir/build
make[1]: Entering directory `/home/travis/build/vdun/stoke/stoke/stp/build/CMakeFiles/CMakeTmp'
/usr/bin/cmake -E cmake_progress_report /home/travis/build/vdun/stoke/stoke/stp/build/CMakeFiles/CMakeTmp/CMakeFiles 1
Building C object CMakeFiles/cmTryCompileExec884104103.dir/CMakeCCompilerABI.c.o
/usr/bin/cc    -o CMakeFiles/cmTryCompileExec884104103.dir/CMakeCCompilerABI.c.o   -c /usr/share/cmake-2.8/Modules/CMakeCCompilerABI.c
Linking C executable cmTryCompileExec884104103
/usr/bin/cmake -E cmake_link_script CMakeFiles/cmTryCompileExec884104103.dir/link.txt --verbose=1
/usr/bin/cc     -v CMakeFiles/cmTryCompileExec884104103.dir/CMakeCCompilerABI.c.o  -o cmTryCompileExec884104103 -rdynamic  
Using built-in specs.
COLLECT_GCC=/usr/bin/cc
COLLECT_LTO_WRAPPER=/usr/lib/gcc/x86_64-linux-gnu/4.8/lto-wrapper
Target: x86_64-linux-gnu
Configured with: ../src/configure -v --with-pkgversion='Ubuntu 4.8.2-19ubuntu1' --with-bugurl=file:///usr/share/doc/gcc-4.8/README.Bugs --enable-languages=c,c++,java,go,d,fortran,objc,obj-c++ --prefix=/usr --program-suffix=-4.8 --enable-shared --enable-linker-build-id --libexecdir=/usr/lib --without-included-gettext --enable-threads=posix --with-gxx-include-dir=/usr/include/c++/4.8 --libdir=/usr/lib --enable-nls --with-sysroot=/ --enable-clocale=gnu --enable-libstdcxx-debug --enable-libstdcxx-time=yes --enable-gnu-unique-object --disable-libmudflap --enable-plugin --with-system-zlib --disable-browser-plugin --enable-java-awt=gtk --enable-gtk-cairo --with-java-home=/usr/lib/jvm/java-1.5.0-gcj-4.8-amd64/jre --enable-java-home --with-jvm-root-dir=/usr/lib/jvm/java-1.5.0-gcj-4.8-amd64 --with-jvm-jar-dir=/usr/lib/jvm-exports/java-1.5.0-gcj-4.8-amd64 --with-arch-directory=amd64 --with-ecj-jar=/usr/share/java/eclipse-ecj.jar --enable-objc-gc --enable-multiarch --disable-werror --with-arch-32=i686 --with-abi=m64 --with-multilib-list=m32,m64,mx32 --with-tune=generic --enable-checking=release --build=x86_64-linux-gnu --host=x86_64-linux-gnu --target=x86_64-linux-gnu
Thread model: posix
gcc version 4.8.2 (Ubuntu 4.8.2-19ubuntu1) 
COMPILER_PATH=/usr/lib/gcc/x86_64-linux-gnu/4.8/:/usr/lib/gcc/x86_64-linux-gnu/4.8/:/usr/lib/gcc/x86_64-linux-gnu/:/usr/lib/gcc/x86_64-linux-gnu/4.8/:/usr/lib/gcc/x86_64-linux-gnu/
LIBRARY_PATH=/usr/lib/gcc/x86_64-linux-gnu/4.8/:/usr/lib/gcc/x86_64-linux-gnu/4.8/../../../x86_64-linux-gnu/:/usr/lib/gcc/x86_64-linux-gnu/4.8/../../../../lib/:/lib/x86_64-linux-gnu/:/lib/../lib/:/usr/lib/x86_64-linux-gnu/:/usr/lib/../lib/:/usr/lib/gcc/x86_64-linux-gnu/4.8/../../../:/lib/:/usr/lib/
COLLECT_GCC_OPTIONS='-v' '-o' 'cmTryCompileExec884104103' '-rdynamic' '-mtune=generic' '-march=x86-64'
 /usr/lib/gcc/x86_64-linux-gnu/4.8/collect2 --sysroot=/ --build-id --eh-frame-hdr -m elf_x86_64 --hash-style=gnu --as-needed -export-dynamic -dynamic-linker /lib64/ld-linux-x86-64.so.2 -z relro -o cmTryCompileExec884104103 /usr/lib/gcc/x86_64-linux-gnu/4.8/../../../x86_64-linux-gnu/crt1.o /usr/lib/gcc/x86_64-linux-gnu/4.8/../../../x86_64-linux-gnu/crti.o /usr/lib/gcc/x86_64-linux-gnu/4.8/crtbegin.o -L/usr/lib/gcc/x86_64-linux-gnu/4.8 -L/usr/lib/gcc/x86_64-linux-gnu/4.8/../../../x86_64-linux-gnu -L/usr/lib/gcc/x86_64-linux-gnu/4.8/../../../../lib -L/lib/x86_64-linux-gnu -L/lib/../lib -L/usr/lib/x86_64-linux-gnu -L/usr/lib/../lib -L/usr/lib/gcc/x86_64-linux-gnu/4.8/../../.. CMakeFiles/cmTryCompileExec884104103.dir/CMakeCCompilerABI.c.o -lgcc --as-needed -lgcc_s --no-as-needed -lc -lgcc --as-needed -lgcc_s --no-as-needed /usr/lib/gcc/x86_64-linux-gnu/4.8/crtend.o /usr/lib/gcc/x86_64-linux-gnu/4.8/../../../x86_64-linux-gnu/crtn.o
make[1]: Leaving directory `/home/travis/build/vdun/stoke/stoke/stp/build/CMakeFiles/CMakeTmp'


Parsed C implicit link information from above output:
  link line regex: [^( *|.*[/\])(ld|([^/\]+-)?ld|collect2)[^/\]*( |$)]
  ignore line: [Change Dir: /home/travis/build/vdun/stoke/stoke/stp/build/CMakeFiles/CMakeTmp]
  ignore line: []
  ignore line: [Run Build Command:/usr/bin/make "cmTryCompileExec884104103/fast"]
  ignore line: [/usr/bin/make -f CMakeFiles/cmTryCompileExec884104103.dir/build.make CMakeFiles/cmTryCompileExec884104103.dir/build]
  ignore line: [make[1]: Entering directory `/home/travis/build/vdun/stoke/stoke/stp/build/CMakeFiles/CMakeTmp']
  ignore line: [/usr/bin/cmake -E cmake_progress_report /home/travis/build/vdun/stoke/stoke/stp/build/CMakeFiles/CMakeTmp/CMakeFiles 1]
  ignore line: [Building C object CMakeFiles/cmTryCompileExec884104103.dir/CMakeCCompilerABI.c.o]
  ignore line: [/usr/bin/cc    -o CMakeFiles/cmTryCompileExec884104103.dir/CMakeCCompilerABI.c.o   -c /usr/share/cmake-2.8/Modules/CMakeCCompilerABI.c]
  ignore line: [Linking C executable cmTryCompileExec884104103]
  ignore line: [/usr/bin/cmake -E cmake_link_script CMakeFiles/cmTryCompileExec884104103.dir/link.txt --verbose=1]
  ignore line: [/usr/bin/cc     -v CMakeFiles/cmTryCompileExec884104103.dir/CMakeCCompilerABI.c.o  -o cmTryCompileExec884104103 -rdynamic  ]
  ignore line: [Using built-in specs.]
  ignore line: [COLLECT_GCC=/usr/bin/cc]
  ignore line: [COLLECT_LTO_WRAPPER=/usr/lib/gcc/x86_64-linux-gnu/4.8/lto-wrapper]
  ignore line: [Target: x86_64-linux-gnu]
  ignore line: [Configured with: ../src/configure -v --with-pkgversion='Ubuntu 4.8.2-19ubuntu1' --with-bugurl=file:///usr/share/doc/gcc-4.8/README.Bugs --enable-languages=c,c++,java,go,d,fortran,objc,obj-c++ --prefix=/usr --program-suffix=-4.8 --enable-shared --enable-linker-build-id --libexecdir=/usr/lib --without-included-gettext --enable-threads=posix --with-gxx-include-dir=/usr/include/c++/4.8 --libdir=/usr/lib --enable-nls --with-sysroot=/ --enable-clocale=gnu --enable-libstdcxx-debug --enable-libstdcxx-time=yes --enable-gnu-unique-object --disable-libmudflap --enable-plugin --with-system-zlib --disable-browser-plugin --enable-java-awt=gtk --enable-gtk-cairo --with-java-home=/usr/lib/jvm/java-1.5.0-gcj-4.8-amd64/jre --enable-java-home --with-jvm-root-dir=/usr/lib/jvm/java-1.5.0-gcj-4.8-amd64 --with-jvm-jar-dir=/usr/lib/jvm-exports/java-1.5.0-gcj-4.8-amd64 --with-arch-directory=amd64 --with-ecj-jar=/usr/share/java/eclipse-ecj.jar --enable-objc-gc --enable-multiarch --disable-werror --with-arch-32=i686 --with-abi=m64 --with-multilib-list=m32,m64,mx32 --with-tune=generic --enable-checking=release --build=x86_64-linux-gnu --host=x86_64-linux-gnu --target=x86_64-linux-gnu]
  ignore line: [Thread model: posix]
  ignore line: [gcc version 4.8.2 (Ubuntu 4.8.2-19ubuntu1) ]
  ignore line: [COMPILER_PATH=/usr/lib/gcc/x86_64-linux-gnu/4.8/:/usr/lib/gcc/x86_64-linux-gnu/4.8/:/usr/lib/gcc/x86_64-linux-gnu/:/usr/lib/gcc/x86_64-linux-gnu/4.8/:/usr/lib/gcc/x86_64-linux-gnu/]
  ignore line: [LIBRARY_PATH=/usr/lib/gcc/x86_64-linux-gnu/4.8/:/usr/lib/gcc/x86_64-linux-gnu/4.8/../../../x86_64-linux-gnu/:/usr/lib/gcc/x86_64-linux-gnu/4.8/../../../../lib/:/lib/x86_64-linux-gnu/:/lib/../lib/:/usr/lib/x86_64-linux-gnu/:/usr/lib/../lib/:/usr/lib/gcc/x86_64-linux-gnu/4.8/../../../:/lib/:/usr/lib/]
  ignore line: [COLLECT_GCC_OPTIONS='-v' '-o' 'cmTryCompileExec884104103' '-rdynamic' '-mtune=generic' '-march=x86-64']
  link line: [ /usr/lib/gcc/x86_64-linux-gnu/4.8/collect2 --sysroot=/ --build-id --eh-frame-hdr -m elf_x86_64 --hash-style=gnu --as-needed -export-dynamic -dynamic-linker /lib64/ld-linux-x86-64.so.2 -z relro -o cmTryCompileExec884104103 /usr/lib/gcc/x86_64-linux-gnu/4.8/../../../x86_64-linux-gnu/crt1.o /usr/lib/gcc/x86_64-linux-gnu/4.8/../../../x86_64-linux-gnu/crti.o /usr/lib/gcc/x86_64-linux-gnu/4.8/crtbegin.o -L/usr/lib/gcc/x86_64-linux-gnu/4.8 -L/usr/lib/gcc/x86_64-linux-gnu/4.8/../../../x86_64-linux-gnu -L/usr/lib/gcc/x86_64-linux-gnu/4.8/../../../../lib -L/lib/x86_64-linux-gnu -L/lib/../lib -L/usr/lib/x86_64-linux-gnu -L/usr/lib/../lib -L/usr/lib/gcc/x86_64-linux-gnu/4.8/../../.. CMakeFiles/cmTryCompileExec884104103.dir/CMakeCCompilerABI.c.o -lgcc --as-needed -lgcc_s --no-as-needed -lc -lgcc --as-needed -lgcc_s --no-as-needed /usr/lib/gcc/x86_64-linux-gnu/4.8/crtend.o /usr/lib/gcc/x86_64-linux-gnu/4.8/../../../x86_64-linux-gnu/crtn.o]
    arg [/usr/lib/gcc/x86_64-linux-gnu/4.8/collect2] ==> ignore
    arg [--sysroot=/] ==> ignore
    arg [--build-id] ==> ignore
    arg [--eh-frame-hdr] ==> ignore
    arg [-m] ==> ignore
    arg [elf_x86_64] ==> ignore
    arg [--hash-style=gnu] ==> ignore
    arg [--as-needed] ==> ignore
    arg [-export-dynamic] ==> ignore
    arg [-dynamic-linker] ==> ignore
    arg [/lib64/ld-linux-x86-64.so.2] ==> ignore
    arg [-zrelro] ==> ignore
    arg [-o] ==> ignore
    arg [cmTryCompileExec884104103] ==> ignore
    arg [/usr/lib/gcc/x86_64-linux-gnu/4.8/../../../x86_64-linux-gnu/crt1.o] ==> ignore
    arg [/usr/lib/gcc/x86_64-linux-gnu/4.8/../../../x86_64-linux-gnu/crti.o] ==> ignore
    arg [/usr/lib/gcc/x86_64-linux-gnu/4.8/crtbegin.o] ==> ignore
    arg [-L/usr/lib/gcc/x86_64-linux-gnu/4.8] ==> dir [/usr/lib/gcc/x86_64-linux-gnu/4.8]
    arg [-L/usr/lib/gcc/x86_64-linux-gnu/4.8/../../../x86_64-linux-gnu] ==> dir [/usr/lib/gcc/x86_64-linux-gnu/4.8/../../../x86_64-linux-gnu]
    arg [-L/usr/lib/gcc/x86_64-linux-gnu/4.8/../../../../lib] ==> dir [/usr/lib/gcc/x86_64-linux-gnu/4.8/../../../../lib]
    arg [-L/lib/x86_64-linux-gnu] ==> dir [/lib/x86_64-linux-gnu]
    arg [-L/lib/../lib] ==> dir [/lib/../lib]
    arg [-L/usr/lib/x86_64-linux-gnu] ==> dir [/usr/lib/x86_64-linux-gnu]
    arg [-L/usr/lib/../lib] ==> dir [/usr/lib/../lib]
    arg [-L/usr/lib/gcc/x86_64-linux-gnu/4.8/../../..] ==> dir [/usr/lib/gcc/x86_64-linux-gnu/4.8/../../..]
    arg [CMakeFiles/cmTryCompileExec884104103.dir/CMakeCCompilerABI.c.o] ==> ignore
    arg [-lgcc] ==> lib [gcc]
    arg [--as-needed] ==> ignore
    arg [-lgcc_s] ==> lib [gcc_s]
    arg [--no-as-needed] ==> ignore
    arg [-lc] ==> lib [c]
    arg [-lgcc] ==> lib [gcc]
    arg [--as-needed] ==> ignore
    arg [-lgcc_s] ==> lib [gcc_s]
    arg [--no-as-needed] ==> ignore
    arg [/usr/lib/gcc/x86_64-linux-gnu/4.8/crtend.o] ==> ignore
    arg [/usr/lib/gcc/x86_64-linux-gnu/4.8/../../../x86_64-linux-gnu/crtn.o] ==> ignore
  remove lib [gcc]
  remove lib [gcc_s]
  remove lib [gcc]
  remove lib [gcc_s]
  collapse library dir [/usr/lib/gcc/x86_64-linux-gnu/4.8] ==> [/usr/lib/gcc/x86_64-linux-gnu/4.8]
  collapse library dir [/usr/lib/gcc/x86_64-linux-gnu/4.8/../../../x86_64-linux-gnu] ==> [/usr/lib/x86_64-linux-gnu]
  collapse library dir [/usr/lib/gcc/x86_64-linux-gnu/4.8/../../../../lib] ==> [/usr/lib]
  collapse library dir [/lib/x86_64-linux-gnu] ==> [/lib/x86_64-linux-gnu]
  collapse library dir [/lib/../lib] ==> [/lib]
  collapse library dir [/usr/lib/x86_64-linux-gnu] ==> [/usr/lib/x86_64-linux-gnu]
  collapse library dir [/usr/lib/../lib] ==> [/usr/lib]
  collapse library dir [/usr/lib/gcc/x86_64-linux-gnu/4.8/../../..] ==> [/usr/lib]
  implicit libs: [c]
  implicit dirs: [/usr/lib/gcc/x86_64-linux-gnu/4.8;/usr/lib/x86_64-linux-gnu;/usr/lib;/lib/x86_64-linux-gnu;/lib]
  implicit fwks: []


Determining if the CXX compiler works passed with the following output:
Change Dir: /home/travis/build/vdun/stoke/stoke/stp/build/CMakeFiles/CMakeTmp

Run Build Command:/usr/bin/make "cmTryCompileExec818441477/fast"
/usr/bin/make -f CMakeFiles/cmTryCompileExec818441477.dir/build.make CMakeFiles/cmTryCompileExec818441477.dir/build
make[1]: Entering directory `/home/travis/build/vdun/stoke/stoke/stp/build/CMakeFiles/CMakeTmp'
/usr/bin/cmake -E cmake_progress_report /home/travis/build/vdun/stoke/stoke/stp/build/CMakeFiles/CMakeTmp/CMakeFiles 1
Building CXX object CMakeFiles/cmTryCompileExec818441477.dir/testCXXCompiler.cxx.o
/usr/bin/c++     -o CMakeFiles/cmTryCompileExec818441477.dir/testCXXCompiler.cxx.o -c /home/travis/build/vdun/stoke/stoke/stp/build/CMakeFiles/CMakeTmp/testCXXCompiler.cxx
Linking CXX executable cmTryCompileExec818441477
/usr/bin/cmake -E cmake_link_script CMakeFiles/cmTryCompileExec818441477.dir/link.txt --verbose=1
/usr/bin/c++        CMakeFiles/cmTryCompileExec818441477.dir/testCXXCompiler.cxx.o  -o cmTryCompileExec818441477 -rdynamic 
make[1]: Leaving directory `/home/travis/build/vdun/stoke/stoke/stp/build/CMakeFiles/CMakeTmp'


Detecting CXX compiler ABI info compiled with the following output:
Change Dir: /home/travis/build/vdun/stoke/stoke/stp/build/CMakeFiles/CMakeTmp

Run Build Command:/usr/bin/make "cmTryCompileExec3912394668/fast"
/usr/bin/make -f CMakeFiles/cmTryCompileExec3912394668.dir/build.make CMakeFiles/cmTryCompileExec3912394668.dir/build
make[1]: Entering directory `/home/travis/build/vdun/stoke/stoke/stp/build/CMakeFiles/CMakeTmp'
/usr/bin/cmake -E cmake_progress_report /home/travis/build/vdun/stoke/stoke/stp/build/CMakeFiles/CMakeTmp/CMakeFiles 1
Building CXX object CMakeFiles/cmTryCompileExec3912394668.dir/CMakeCXXCompilerABI.cpp.o
/usr/bin/c++     -o CMakeFiles/cmTryCompileExec3912394668.dir/CMakeCXXCompilerABI.cpp.o -c /usr/share/cmake-2.8/Modules/CMakeCXXCompilerABI.cpp
Linking CXX executable cmTryCompileExec3912394668
/usr/bin/cmake -E cmake_link_script CMakeFiles/cmTryCompileExec3912394668.dir/link.txt --verbose=1
/usr/bin/c++      -v CMakeFiles/cmTryCompileExec3912394668.dir/CMakeCXXCompilerABI.cpp.o  -o cmTryCompileExec3912394668 -rdynamic  
Using built-in specs.
COLLECT_GCC=/usr/bin/c++
COLLECT_LTO_WRAPPER=/usr/lib/gcc/x86_64-linux-gnu/4.6/lto-wrapper
Target: x86_64-linux-gnu
Configured with: ../src/configure -v --with-pkgversion='Ubuntu/Linaro 4.6.3-1ubuntu5' --with-bugurl=file:///usr/share/doc/gcc-4.6/README.Bugs --enable-languages=c,c++,fortran,objc,obj-c++ --prefix=/usr --program-suffix=-4.6 --enable-shared --enable-linker-build-id --with-system-zlib --libexecdir=/usr/lib --without-included-gettext --enable-threads=posix --with-gxx-include-dir=/usr/include/c++/4.6 --libdir=/usr/lib --enable-nls --with-sysroot=/ --enable-clocale=gnu --enable-libstdcxx-debug --enable-libstdcxx-time=yes --enable-gnu-unique-object --enable-plugin --enable-objc-gc --disable-werror --with-arch-32=i686 --with-tune=generic --enable-checking=release --build=x86_64-linux-gnu --host=x86_64-linux-gnu --target=x86_64-linux-gnu
Thread model: posix
gcc version 4.6.3 (Ubuntu/Linaro 4.6.3-1ubuntu5) 
COMPILER_PATH=/usr/lib/gcc/x86_64-linux-gnu/4.6/:/usr/lib/gcc/x86_64-linux-gnu/4.6/:/usr/lib/gcc/x86_64-linux-gnu/:/usr/lib/gcc/x86_64-linux-gnu/4.6/:/usr/lib/gcc/x86_64-linux-gnu/
LIBRARY_PATH=/usr/lib/gcc/x86_64-linux-gnu/4.6/:/usr/lib/gcc/x86_64-linux-gnu/4.6/../../../x86_64-linux-gnu/:/usr/lib/gcc/x86_64-linux-gnu/4.6/../../../../lib/:/lib/x86_64-linux-gnu/:/lib/../lib/:/usr/lib/x86_64-linux-gnu/:/usr/lib/../lib/:/usr/lib/gcc/x86_64-linux-gnu/4.6/../../../:/lib/:/usr/lib/
COLLECT_GCC_OPTIONS='-v' '-o' 'cmTryCompileExec3912394668' '-rdynamic' '-shared-libgcc' '-mtune=generic' '-march=x86-64'
 /usr/lib/gcc/x86_64-linux-gnu/4.6/collect2 --sysroot=/ --build-id --no-add-needed --as-needed --eh-frame-hdr -m elf_x86_64 --hash-style=gnu -export-dynamic -dynamic-linker /lib64/ld-linux-x86-64.so.2 -z relro -o cmTryCompileExec3912394668 /usr/lib/gcc/x86_64-linux-gnu/4.6/../../../x86_64-linux-gnu/crt1.o /usr/lib/gcc/x86_64-linux-gnu/4.6/../../../x86_64-linux-gnu/crti.o /usr/lib/gcc/x86_64-linux-gnu/4.6/crtbegin.o -L/usr/lib/gcc/x86_64-linux-gnu/4.6 -L/usr/lib/gcc/x86_64-linux-gnu/4.6/../../../x86_64-linux-gnu -L/usr/lib/gcc/x86_64-linux-gnu/4.6/../../../../lib -L/lib/x86_64-linux-gnu -L/lib/../lib -L/usr/lib/x86_64-linux-gnu -L/usr/lib/../lib -L/usr/lib/gcc/x86_64-linux-gnu/4.6/../../.. CMakeFiles/cmTryCompileExec3912394668.dir/CMakeCXXCompilerABI.cpp.o -lstdc++ -lm -lgcc_s -lgcc -lc -lgcc_s -lgcc /usr/lib/gcc/x86_64-linux-gnu/4.6/crtend.o /usr/lib/gcc/x86_64-linux-gnu/4.6/../../../x86_64-linux-gnu/crtn.o
make[1]: Leaving directory `/home/travis/build/vdun/stoke/stoke/stp/build/CMakeFiles/CMakeTmp'


Parsed CXX implicit link information from above output:
  link line regex: [^( *|.*[/\])(ld|([^/\]+-)?ld|collect2)[^/\]*( |$)]
  ignore line: [Change Dir: /home/travis/build/vdun/stoke/stoke/stp/build/CMakeFiles/CMakeTmp]
  ignore line: []
  ignore line: [Run Build Command:/usr/bin/make "cmTryCompileExec3912394668/fast"]
  ignore line: [/usr/bin/make -f CMakeFiles/cmTryCompileExec3912394668.dir/build.make CMakeFiles/cmTryCompileExec3912394668.dir/build]
  ignore line: [make[1]: Entering directory `/home/travis/build/vdun/stoke/stoke/stp/build/CMakeFiles/CMakeTmp']
  ignore line: [/usr/bin/cmake -E cmake_progress_report /home/travis/build/vdun/stoke/stoke/stp/build/CMakeFiles/CMakeTmp/CMakeFiles 1]
  ignore line: [Building CXX object CMakeFiles/cmTryCompileExec3912394668.dir/CMakeCXXCompilerABI.cpp.o]
  ignore line: [/usr/bin/c++     -o CMakeFiles/cmTryCompileExec3912394668.dir/CMakeCXXCompilerABI.cpp.o -c /usr/share/cmake-2.8/Modules/CMakeCXXCompilerABI.cpp]
  ignore line: [Linking CXX executable cmTryCompileExec3912394668]
  ignore line: [/usr/bin/cmake -E cmake_link_script CMakeFiles/cmTryCompileExec3912394668.dir/link.txt --verbose=1]
  ignore line: [/usr/bin/c++      -v CMakeFiles/cmTryCompileExec3912394668.dir/CMakeCXXCompilerABI.cpp.o  -o cmTryCompileExec3912394668 -rdynamic  ]
  ignore line: [Using built-in specs.]
  ignore line: [COLLECT_GCC=/usr/bin/c++]
  ignore line: [COLLECT_LTO_WRAPPER=/usr/lib/gcc/x86_64-linux-gnu/4.6/lto-wrapper]
  ignore line: [Target: x86_64-linux-gnu]
  ignore line: [Configured with: ../src/configure -v --with-pkgversion='Ubuntu/Linaro 4.6.3-1ubuntu5' --with-bugurl=file:///usr/share/doc/gcc-4.6/README.Bugs --enable-languages=c,c++,fortran,objc,obj-c++ --prefix=/usr --program-suffix=-4.6 --enable-shared --enable-linker-build-id --with-system-zlib --libexecdir=/usr/lib --without-included-gettext --enable-threads=posix --with-gxx-include-dir=/usr/include/c++/4.6 --libdir=/usr/lib --enable-nls --with-sysroot=/ --enable-clocale=gnu --enable-libstdcxx-debug --enable-libstdcxx-time=yes --enable-gnu-unique-object --enable-plugin --enable-objc-gc --disable-werror --with-arch-32=i686 --with-tune=generic --enable-checking=release --build=x86_64-linux-gnu --host=x86_64-linux-gnu --target=x86_64-linux-gnu]
  ignore line: [Thread model: posix]
  ignore line: [gcc version 4.6.3 (Ubuntu/Linaro 4.6.3-1ubuntu5) ]
  ignore line: [COMPILER_PATH=/usr/lib/gcc/x86_64-linux-gnu/4.6/:/usr/lib/gcc/x86_64-linux-gnu/4.6/:/usr/lib/gcc/x86_64-linux-gnu/:/usr/lib/gcc/x86_64-linux-gnu/4.6/:/usr/lib/gcc/x86_64-linux-gnu/]
  ignore line: [LIBRARY_PATH=/usr/lib/gcc/x86_64-linux-gnu/4.6/:/usr/lib/gcc/x86_64-linux-gnu/4.6/../../../x86_64-linux-gnu/:/usr/lib/gcc/x86_64-linux-gnu/4.6/../../../../lib/:/lib/x86_64-linux-gnu/:/lib/../lib/:/usr/lib/x86_64-linux-gnu/:/usr/lib/../lib/:/usr/lib/gcc/x86_64-linux-gnu/4.6/../../../:/lib/:/usr/lib/]
  ignore line: [COLLECT_GCC_OPTIONS='-v' '-o' 'cmTryCompileExec3912394668' '-rdynamic' '-shared-libgcc' '-mtune=generic' '-march=x86-64']
  link line: [ /usr/lib/gcc/x86_64-linux-gnu/4.6/collect2 --sysroot=/ --build-id --no-add-needed --as-needed --eh-frame-hdr -m elf_x86_64 --hash-style=gnu -export-dynamic -dynamic-linker /lib64/ld-linux-x86-64.so.2 -z relro -o cmTryCompileExec3912394668 /usr/lib/gcc/x86_64-linux-gnu/4.6/../../../x86_64-linux-gnu/crt1.o /usr/lib/gcc/x86_64-linux-gnu/4.6/../../../x86_64-linux-gnu/crti.o /usr/lib/gcc/x86_64-linux-gnu/4.6/crtbegin.o -L/usr/lib/gcc/x86_64-linux-gnu/4.6 -L/usr/lib/gcc/x86_64-linux-gnu/4.6/../../../x86_64-linux-gnu -L/usr/lib/gcc/x86_64-linux-gnu/4.6/../../../../lib -L/lib/x86_64-linux-gnu -L/lib/../lib -L/usr/lib/x86_64-linux-gnu -L/usr/lib/../lib -L/usr/lib/gcc/x86_64-linux-gnu/4.6/../../.. CMakeFiles/cmTryCompileExec3912394668.dir/CMakeCXXCompilerABI.cpp.o -lstdc++ -lm -lgcc_s -lgcc -lc -lgcc_s -lgcc /usr/lib/gcc/x86_64-linux-gnu/4.6/crtend.o /usr/lib/gcc/x86_64-linux-gnu/4.6/../../../x86_64-linux-gnu/crtn.o]
    arg [/usr/lib/gcc/x86_64-linux-gnu/4.6/collect2] ==> ignore
    arg [--sysroot=/] ==> ignore
    arg [--build-id] ==> ignore
    arg [--no-add-needed] ==> ignore
    arg [--as-needed] ==> ignore
    arg [--eh-frame-hdr] ==> ignore
    arg [-m] ==> ignore
    arg [elf_x86_64] ==> ignore
    arg [--hash-style=gnu] ==> ignore
    arg [-export-dynamic] ==> ignore
    arg [-dynamic-linker] ==> ignore
    arg [/lib64/ld-linux-x86-64.so.2] ==> ignore
    arg [-zrelro] ==> ignore
    arg [-o] ==> ignore
    arg [cmTryCompileExec3912394668] ==> ignore
    arg [/usr/lib/gcc/x86_64-linux-gnu/4.6/../../../x86_64-linux-gnu/crt1.o] ==> ignore
    arg [/usr/lib/gcc/x86_64-linux-gnu/4.6/../../../x86_64-linux-gnu/crti.o] ==> ignore
    arg [/usr/lib/gcc/x86_64-linux-gnu/4.6/crtbegin.o] ==> ignore
    arg [-L/usr/lib/gcc/x86_64-linux-gnu/4.6] ==> dir [/usr/lib/gcc/x86_64-linux-gnu/4.6]
    arg [-L/usr/lib/gcc/x86_64-linux-gnu/4.6/../../../x86_64-linux-gnu] ==> dir [/usr/lib/gcc/x86_64-linux-gnu/4.6/../../../x86_64-linux-gnu]
    arg [-L/usr/lib/gcc/x86_64-linux-gnu/4.6/../../../../lib] ==> dir [/usr/lib/gcc/x86_64-linux-gnu/4.6/../../../../lib]
    arg [-L/lib/x86_64-linux-gnu] ==> dir [/lib/x86_64-linux-gnu]
    arg [-L/lib/../lib] ==> dir [/lib/../lib]
    arg [-L/usr/lib/x86_64-linux-gnu] ==> dir [/usr/lib/x86_64-linux-gnu]
    arg [-L/usr/lib/../lib] ==> dir [/usr/lib/../lib]
    arg [-L/usr/lib/gcc/x86_64-linux-gnu/4.6/../../..] ==> dir [/usr/lib/gcc/x86_64-linux-gnu/4.6/../../..]
    arg [CMakeFiles/cmTryCompileExec3912394668.dir/CMakeCXXCompilerABI.cpp.o] ==> ignore
    arg [-lstdc++] ==> lib [stdc++]
    arg [-lm] ==> lib [m]
    arg [-lgcc_s] ==> lib [gcc_s]
    arg [-lgcc] ==> lib [gcc]
    arg [-lc] ==> lib [c]
    arg [-lgcc_s] ==> lib [gcc_s]
    arg [-lgcc] ==> lib [gcc]
    arg [/usr/lib/gcc/x86_64-linux-gnu/4.6/crtend.o] ==> ignore
    arg [/usr/lib/gcc/x86_64-linux-gnu/4.6/../../../x86_64-linux-gnu/crtn.o] ==> ignore
  remove lib [gcc_s]
  remove lib [gcc]
  remove lib [gcc_s]
  remove lib [gcc]
  collapse library dir [/usr/lib/gcc/x86_64-linux-gnu/4.6] ==> [/usr/lib/gcc/x86_64-linux-gnu/4.6]
  collapse library dir [/usr/lib/gcc/x86_64-linux-gnu/4.6/../../../x86_64-linux-gnu] ==> [/usr/lib/x86_64-linux-gnu]
  collapse library dir [/usr/lib/gcc/x86_64-linux-gnu/4.6/../../../../lib] ==> [/usr/lib]
  collapse library dir [/lib/x86_64-linux-gnu] ==> [/lib/x86_64-linux-gnu]
  collapse library dir [/lib/../lib] ==> [/lib]
  collapse library dir [/usr/lib/x86_64-linux-gnu] ==> [/usr/lib/x86_64-linux-gnu]
  collapse library dir [/usr/lib/../lib] ==> [/usr/lib]
  collapse library dir [/usr/lib/gcc/x86_64-linux-gnu/4.6/../../..] ==> [/usr/lib]
  implicit libs: [stdc++;m;c]
  implicit dirs: [/usr/lib/gcc/x86_64-linux-gnu/4.6;/usr/lib/x86_64-linux-gnu;/usr/lib;/lib/x86_64-linux-gnu;/lib]
  implicit fwks: []


Performing C++ SOURCE FILE Test HAVE_FLAG_-fPIC succeded with the following output:
Change Dir: /home/travis/build/vdun/stoke/stoke/stp/build/CMakeFiles/CMakeTmp

Run Build Command:/usr/bin/make "cmTryCompileExec3645835889/fast"
/usr/bin/make -f CMakeFiles/cmTryCompileExec3645835889.dir/build.make CMakeFiles/cmTryCompileExec3645835889.dir/build
make[1]: Entering directory `/home/travis/build/vdun/stoke/stoke/stp/build/CMakeFiles/CMakeTmp'
/usr/bin/cmake -E cmake_progress_report /home/travis/build/vdun/stoke/stoke/stp/build/CMakeFiles/CMakeTmp/CMakeFiles 1
Building CXX object CMakeFiles/cmTryCompileExec3645835889.dir/src.cxx.o
/usr/bin/c++    -DHAVE_FLAG_-fPIC   -fPIC -o CMakeFiles/cmTryCompileExec3645835889.dir/src.cxx.o -c /home/travis/build/vdun/stoke/stoke/stp/build/CMakeFiles/CMakeTmp/src.cxx
<command-line>:0:11: warning: missing whitespace after the macro name [enabled by default]
Linking CXX executable cmTryCompileExec3645835889
/usr/bin/cmake -E cmake_link_script CMakeFiles/cmTryCompileExec3645835889.dir/link.txt --verbose=1
/usr/bin/c++    -DHAVE_FLAG_-fPIC    CMakeFiles/cmTryCompileExec3645835889.dir/src.cxx.o  -o cmTryCompileExec3645835889 -rdynamic 
make[1]: Leaving directory `/home/travis/build/vdun/stoke/stoke/stp/build/CMakeFiles/CMakeTmp'

Source file was:
int main() { return 0;}
Performing C++ SOURCE FILE Test HAVE_FLAG_STD_GNUCPP0X succeded with the following output:
Change Dir: /home/travis/build/vdun/stoke/stoke/stp/build/CMakeFiles/CMakeTmp

Run Build Command:/usr/bin/make "cmTryCompileExec862054249/fast"
/usr/bin/make -f CMakeFiles/cmTryCompileExec862054249.dir/build.make CMakeFiles/cmTryCompileExec862054249.dir/build
make[1]: Entering directory `/home/travis/build/vdun/stoke/stoke/stp/build/CMakeFiles/CMakeTmp'
/usr/bin/cmake -E cmake_progress_report /home/travis/build/vdun/stoke/stoke/stp/build/CMakeFiles/CMakeTmp/CMakeFiles 1
Building CXX object CMakeFiles/cmTryCompileExec862054249.dir/src.cxx.o
/usr/bin/c++    -fPIC -DHAVE_FLAG_STD_GNUCPP0X   -std=gnu++0x -o CMakeFiles/cmTryCompileExec862054249.dir/src.cxx.o -c /home/travis/build/vdun/stoke/stoke/stp/build/CMakeFiles/CMakeTmp/src.cxx
Linking CXX executable cmTryCompileExec862054249
/usr/bin/cmake -E cmake_link_script CMakeFiles/cmTryCompileExec862054249.dir/link.txt --verbose=1
/usr/bin/c++    -fPIC -DHAVE_FLAG_STD_GNUCPP0X    CMakeFiles/cmTryCompileExec862054249.dir/src.cxx.o  -o cmTryCompileExec862054249 -rdynamic 
make[1]: Leaving directory `/home/travis/build/vdun/stoke/stoke/stp/build/CMakeFiles/CMakeTmp'

Source file was:
int main() { return 0;}
Performing C++ SOURCE FILE Test HAVE_FLAG_STD_CPP0X succeded with the following output:
Change Dir: /home/travis/build/vdun/stoke/stoke/stp/build/CMakeFiles/CMakeTmp

Run Build Command:/usr/bin/make "cmTryCompileExec1097065803/fast"
/usr/bin/make -f CMakeFiles/cmTryCompileExec1097065803.dir/build.make CMakeFiles/cmTryCompileExec1097065803.dir/build
make[1]: Entering directory `/home/travis/build/vdun/stoke/stoke/stp/build/CMakeFiles/CMakeTmp'
/usr/bin/cmake -E cmake_progress_report /home/travis/build/vdun/stoke/stoke/stp/build/CMakeFiles/CMakeTmp/CMakeFiles 1
Building CXX object CMakeFiles/cmTryCompileExec1097065803.dir/src.cxx.o
/usr/bin/c++    -fPIC -DHAVE_FLAG_STD_CPP0X   -std=c++0x -o CMakeFiles/cmTryCompileExec1097065803.dir/src.cxx.o -c /home/travis/build/vdun/stoke/stoke/stp/build/CMakeFiles/CMakeTmp/src.cxx
Linking CXX executable cmTryCompileExec1097065803
/usr/bin/cmake -E cmake_link_script CMakeFiles/cmTryCompileExec1097065803.dir/link.txt --verbose=1
/usr/bin/c++    -fPIC -DHAVE_FLAG_STD_CPP0X    CMakeFiles/cmTryCompileExec1097065803.dir/src.cxx.o  -o cmTryCompileExec1097065803 -rdynamic 
make[1]: Leaving directory `/home/travis/build/vdun/stoke/stoke/stp/build/CMakeFiles/CMakeTmp'

Source file was:
int main() { return 0;}
Performing C++ SOURCE FILE Test HAVE_FLAG_-Wall succeded with the following output:
Change Dir: /home/travis/build/vdun/stoke/stoke/stp/build/CMakeFiles/CMakeTmp

Run Build Command:/usr/bin/make "cmTryCompileExec843948002/fast"
/usr/bin/make -f CMakeFiles/cmTryCompileExec843948002.dir/build.make CMakeFiles/cmTryCompileExec843948002.dir/build
make[1]: Entering directory `/home/travis/build/vdun/stoke/stoke/stp/build/CMakeFiles/CMakeTmp'
/usr/bin/cmake -E cmake_progress_report /home/travis/build/vdun/stoke/stoke/stp/build/CMakeFiles/CMakeTmp/CMakeFiles 1
Building CXX object CMakeFiles/cmTryCompileExec843948002.dir/src.cxx.o
/usr/bin/c++    -std=gnu++0x  -fPIC -DHAVE_FLAG_-Wall   -Wall -o CMakeFiles/cmTryCompileExec843948002.dir/src.cxx.o -c /home/travis/build/vdun/stoke/stoke/stp/build/CMakeFiles/CMakeTmp/src.cxx
<command-line>:0:11: warning: ISO C99 requires whitespace after the macro name [enabled by default]
Linking CXX executable cmTryCompileExec843948002
/usr/bin/cmake -E cmake_link_script CMakeFiles/cmTryCompileExec843948002.dir/link.txt --verbose=1
/usr/bin/c++   -std=gnu++0x  -fPIC -DHAVE_FLAG_-Wall    CMakeFiles/cmTryCompileExec843948002.dir/src.cxx.o  -o cmTryCompileExec843948002 -rdynamic 
make[1]: Leaving directory `/home/travis/build/vdun/stoke/stoke/stp/build/CMakeFiles/CMakeTmp'

Source file was:
int main() { return 0;}
Performing C++ SOURCE FILE Test HAVE_FLAG_-pedantic succeded with the following output:
Change Dir: /home/travis/build/vdun/stoke/stoke/stp/build/CMakeFiles/CMakeTmp

Run Build Command:/usr/bin/make "cmTryCompileExec3600268817/fast"
/usr/bin/make -f CMakeFiles/cmTryCompileExec3600268817.dir/build.make CMakeFiles/cmTryCompileExec3600268817.dir/build
make[1]: Entering directory `/home/travis/build/vdun/stoke/stoke/stp/build/CMakeFiles/CMakeTmp'
/usr/bin/cmake -E cmake_progress_report /home/travis/build/vdun/stoke/stoke/stp/build/CMakeFiles/CMakeTmp/CMakeFiles 1
Building CXX object CMakeFiles/cmTryCompileExec3600268817.dir/src.cxx.o
/usr/bin/c++    -std=gnu++0x  -fPIC -Wall -DHAVE_FLAG_-pedantic   -pedantic -o CMakeFiles/cmTryCompileExec3600268817.dir/src.cxx.o -c /home/travis/build/vdun/stoke/stoke/stp/build/CMakeFiles/CMakeTmp/src.cxx
<command-line>:0:11: warning: ISO C99 requires whitespace after the macro name [enabled by default]
Linking CXX executable cmTryCompileExec3600268817
/usr/bin/cmake -E cmake_link_script CMakeFiles/cmTryCompileExec3600268817.dir/link.txt --verbose=1
/usr/bin/c++   -std=gnu++0x  -fPIC -Wall -DHAVE_FLAG_-pedantic    CMakeFiles/cmTryCompileExec3600268817.dir/src.cxx.o  -o cmTryCompileExec3600268817 -rdynamic 
make[1]: Leaving directory `/home/travis/build/vdun/stoke/stoke/stp/build/CMakeFiles/CMakeTmp'

Source file was:
int main() { return 0;}
Performing C++ SOURCE FILE Test HAVE_FLAG_-Wunused succeded with the following output:
Change Dir: /home/travis/build/vdun/stoke/stoke/stp/build/CMakeFiles/CMakeTmp

Run Build Command:/usr/bin/make "cmTryCompileExec3292768199/fast"
/usr/bin/make -f CMakeFiles/cmTryCompileExec3292768199.dir/build.make CMakeFiles/cmTryCompileExec3292768199.dir/build
make[1]: Entering directory `/home/travis/build/vdun/stoke/stoke/stp/build/CMakeFiles/CMakeTmp'
/usr/bin/cmake -E cmake_progress_report /home/travis/build/vdun/stoke/stoke/stp/build/CMakeFiles/CMakeTmp/CMakeFiles 1
Building CXX object CMakeFiles/cmTryCompileExec3292768199.dir/src.cxx.o
/usr/bin/c++    -std=gnu++0x  -fPIC -Wall -pedantic -DHAVE_FLAG_-Wunused   -Wunused -o CMakeFiles/cmTryCompileExec3292768199.dir/src.cxx.o -c /home/travis/build/vdun/stoke/stoke/stp/build/CMakeFiles/CMakeTmp/src.cxx
<command-line>:0:11: warning: ISO C99 requires whitespace after the macro name [enabled by default]
Linking CXX executable cmTryCompileExec3292768199
/usr/bin/cmake -E cmake_link_script CMakeFiles/cmTryCompileExec3292768199.dir/link.txt --verbose=1
/usr/bin/c++   -std=gnu++0x  -fPIC -Wall -pedantic -DHAVE_FLAG_-Wunused    CMakeFiles/cmTryCompileExec3292768199.dir/src.cxx.o  -o cmTryCompileExec3292768199 -rdynamic 
make[1]: Leaving directory `/home/travis/build/vdun/stoke/stoke/stp/build/CMakeFiles/CMakeTmp'

Source file was:
int main() { return 0;}
Performing C++ SOURCE FILE Test HAVE_FLAG_-Wsign-compare succeded with the following output:
Change Dir: /home/travis/build/vdun/stoke/stoke/stp/build/CMakeFiles/CMakeTmp

Run Build Command:/usr/bin/make "cmTryCompileExec640484664/fast"
/usr/bin/make -f CMakeFiles/cmTryCompileExec640484664.dir/build.make CMakeFiles/cmTryCompileExec640484664.dir/build
make[1]: Entering directory `/home/travis/build/vdun/stoke/stoke/stp/build/CMakeFiles/CMakeTmp'
/usr/bin/cmake -E cmake_progress_report /home/travis/build/vdun/stoke/stoke/stp/build/CMakeFiles/CMakeTmp/CMakeFiles 1
Building CXX object CMakeFiles/cmTryCompileExec640484664.dir/src.cxx.o
/usr/bin/c++    -std=gnu++0x  -fPIC -Wall -pedantic -Wunused -DHAVE_FLAG_-Wsign-compare   -Wsign-compare -o CMakeFiles/cmTryCompileExec640484664.dir/src.cxx.o -c /home/travis/build/vdun/stoke/stoke/stp/build/CMakeFiles/CMakeTmp/src.cxx
<command-line>:0:11: warning: ISO C99 requires whitespace after the macro name [enabled by default]
Linking CXX executable cmTryCompileExec640484664
/usr/bin/cmake -E cmake_link_script CMakeFiles/cmTryCompileExec640484664.dir/link.txt --verbose=1
/usr/bin/c++   -std=gnu++0x  -fPIC -Wall -pedantic -Wunused -DHAVE_FLAG_-Wsign-compare    CMakeFiles/cmTryCompileExec640484664.dir/src.cxx.o  -o cmTryCompileExec640484664 -rdynamic 
make[1]: Leaving directory `/home/travis/build/vdun/stoke/stoke/stp/build/CMakeFiles/CMakeTmp'

Source file was:
int main() { return 0;}
Performing C++ SOURCE FILE Test HAVE_FLAG_-Wtype-limits succeded with the following output:
Change Dir: /home/travis/build/vdun/stoke/stoke/stp/build/CMakeFiles/CMakeTmp

Run Build Command:/usr/bin/make "cmTryCompileExec2259517399/fast"
/usr/bin/make -f CMakeFiles/cmTryCompileExec2259517399.dir/build.make CMakeFiles/cmTryCompileExec2259517399.dir/build
make[1]: Entering directory `/home/travis/build/vdun/stoke/stoke/stp/build/CMakeFiles/CMakeTmp'
/usr/bin/cmake -E cmake_progress_report /home/travis/build/vdun/stoke/stoke/stp/build/CMakeFiles/CMakeTmp/CMakeFiles 1
Building CXX object CMakeFiles/cmTryCompileExec2259517399.dir/src.cxx.o
/usr/bin/c++    -std=gnu++0x  -fPIC -Wall -pedantic -Wunused -Wsign-compare -DHAVE_FLAG_-Wtype-limits   -Wtype-limits -o CMakeFiles/cmTryCompileExec2259517399.dir/src.cxx.o -c /home/travis/build/vdun/stoke/stoke/stp/build/CMakeFiles/CMakeTmp/src.cxx
<command-line>:0:11: warning: ISO C99 requires whitespace after the macro name [enabled by default]
Linking CXX executable cmTryCompileExec2259517399
/usr/bin/cmake -E cmake_link_script CMakeFiles/cmTryCompileExec2259517399.dir/link.txt --verbose=1
/usr/bin/c++   -std=gnu++0x  -fPIC -Wall -pedantic -Wunused -Wsign-compare -DHAVE_FLAG_-Wtype-limits    CMakeFiles/cmTryCompileExec2259517399.dir/src.cxx.o  -o cmTryCompileExec2259517399 -rdynamic 
make[1]: Leaving directory `/home/travis/build/vdun/stoke/stoke/stp/build/CMakeFiles/CMakeTmp'

Source file was:
int main() { return 0;}
Performing C++ SOURCE FILE Test HAVE_FLAG_-Wuninitialized succeded with the following output:
Change Dir: /home/travis/build/vdun/stoke/stoke/stp/build/CMakeFiles/CMakeTmp

Run Build Command:/usr/bin/make "cmTryCompileExec2897839760/fast"
/usr/bin/make -f CMakeFiles/cmTryCompileExec2897839760.dir/build.make CMakeFiles/cmTryCompileExec2897839760.dir/build
make[1]: Entering directory `/home/travis/build/vdun/stoke/stoke/stp/build/CMakeFiles/CMakeTmp'
/usr/bin/cmake -E cmake_progress_report /home/travis/build/vdun/stoke/stoke/stp/build/CMakeFiles/CMakeTmp/CMakeFiles 1
Building CXX object CMakeFiles/cmTryCompileExec2897839760.dir/src.cxx.o
/usr/bin/c++    -std=gnu++0x  -fPIC -Wall -pedantic -Wunused -Wsign-compare -Wtype-limits -DHAVE_FLAG_-Wuninitialized   -Wuninitialized -o CMakeFiles/cmTryCompileExec2897839760.dir/src.cxx.o -c /home/travis/build/vdun/stoke/stoke/stp/build/CMakeFiles/CMakeTmp/src.cxx
<command-line>:0:11: warning: ISO C99 requires whitespace after the macro name [enabled by default]
Linking CXX executable cmTryCompileExec2897839760
/usr/bin/cmake -E cmake_link_script CMakeFiles/cmTryCompileExec2897839760.dir/link.txt --verbose=1
/usr/bin/c++   -std=gnu++0x  -fPIC -Wall -pedantic -Wunused -Wsign-compare -Wtype-limits -DHAVE_FLAG_-Wuninitialized    CMakeFiles/cmTryCompileExec2897839760.dir/src.cxx.o  -o cmTryCompileExec2897839760 -rdynamic 
make[1]: Leaving directory `/home/travis/build/vdun/stoke/stoke/stp/build/CMakeFiles/CMakeTmp'

Source file was:
int main() { return 0;}
Performing C++ SOURCE FILE Test HAVE_FLAG_-Wno-deprecated succeded with the following output:
Change Dir: /home/travis/build/vdun/stoke/stoke/stp/build/CMakeFiles/CMakeTmp

Run Build Command:/usr/bin/make "cmTryCompileExec45385368/fast"
/usr/bin/make -f CMakeFiles/cmTryCompileExec45385368.dir/build.make CMakeFiles/cmTryCompileExec45385368.dir/build
make[1]: Entering directory `/home/travis/build/vdun/stoke/stoke/stp/build/CMakeFiles/CMakeTmp'
/usr/bin/cmake -E cmake_progress_report /home/travis/build/vdun/stoke/stoke/stp/build/CMakeFiles/CMakeTmp/CMakeFiles 1
Building CXX object CMakeFiles/cmTryCompileExec45385368.dir/src.cxx.o
/usr/bin/c++    -std=gnu++0x  -fPIC -Wall -pedantic -Wunused -Wsign-compare -Wtype-limits -Wuninitialized -DHAVE_FLAG_-Wno-deprecated   -Wno-deprecated -o CMakeFiles/cmTryCompileExec45385368.dir/src.cxx.o -c /home/travis/build/vdun/stoke/stoke/stp/build/CMakeFiles/CMakeTmp/src.cxx
<command-line>:0:11: warning: ISO C99 requires whitespace after the macro name [enabled by default]
Linking CXX executable cmTryCompileExec45385368
/usr/bin/cmake -E cmake_link_script CMakeFiles/cmTryCompileExec45385368.dir/link.txt --verbose=1
/usr/bin/c++   -std=gnu++0x  -fPIC -Wall -pedantic -Wunused -Wsign-compare -Wtype-limits -Wuninitialized -DHAVE_FLAG_-Wno-deprecated    CMakeFiles/cmTryCompileExec45385368.dir/src.cxx.o  -o cmTryCompileExec45385368 -rdynamic 
make[1]: Leaving directory `/home/travis/build/vdun/stoke/stoke/stp/build/CMakeFiles/CMakeTmp'

Source file was:
int main() { return 0;}
Performing C++ SOURCE FILE Test HAVE_FLAG_-Wstrict-aliasing succeded with the following output:
Change Dir: /home/travis/build/vdun/stoke/stoke/stp/build/CMakeFiles/CMakeTmp

Run Build Command:/usr/bin/make "cmTryCompileExec3412757355/fast"
/usr/bin/make -f CMakeFiles/cmTryCompileExec3412757355.dir/build.make CMakeFiles/cmTryCompileExec3412757355.dir/build
make[1]: Entering directory `/home/travis/build/vdun/stoke/stoke/stp/build/CMakeFiles/CMakeTmp'
/usr/bin/cmake -E cmake_progress_report /home/travis/build/vdun/stoke/stoke/stp/build/CMakeFiles/CMakeTmp/CMakeFiles 1
Building CXX object CMakeFiles/cmTryCompileExec3412757355.dir/src.cxx.o
/usr/bin/c++    -std=gnu++0x  -fPIC -Wall -pedantic -Wunused -Wsign-compare -Wtype-limits -Wuninitialized -Wno-deprecated -DHAVE_FLAG_-Wstrict-aliasing   -Wstrict-aliasing -o CMakeFiles/cmTryCompileExec3412757355.dir/src.cxx.o -c /home/travis/build/vdun/stoke/stoke/stp/build/CMakeFiles/CMakeTmp/src.cxx
<command-line>:0:11: warning: ISO C99 requires whitespace after the macro name [enabled by default]
Linking CXX executable cmTryCompileExec3412757355
/usr/bin/cmake -E cmake_link_script CMakeFiles/cmTryCompileExec3412757355.dir/link.txt --verbose=1
/usr/bin/c++   -std=gnu++0x  -fPIC -Wall -pedantic -Wunused -Wsign-compare -Wtype-limits -Wuninitialized -Wno-deprecated -DHAVE_FLAG_-Wstrict-aliasing    CMakeFiles/cmTryCompileExec3412757355.dir/src.cxx.o  -o cmTryCompileExec3412757355 -rdynamic 
make[1]: Leaving directory `/home/travis/build/vdun/stoke/stoke/stp/build/CMakeFiles/CMakeTmp'

Source file was:
int main() { return 0;}
Performing C++ SOURCE FILE Test HAVE_FLAG_-Wpointer-arith succeded with the following output:
Change Dir: /home/travis/build/vdun/stoke/stoke/stp/build/CMakeFiles/CMakeTmp

Run Build Command:/usr/bin/make "cmTryCompileExec1372048005/fast"
/usr/bin/make -f CMakeFiles/cmTryCompileExec1372048005.dir/build.make CMakeFiles/cmTryCompileExec1372048005.dir/build
make[1]: Entering directory `/home/travis/build/vdun/stoke/stoke/stp/build/CMakeFiles/CMakeTmp'
/usr/bin/cmake -E cmake_progress_report /home/travis/build/vdun/stoke/stoke/stp/build/CMakeFiles/CMakeTmp/CMakeFiles 1
Building CXX object CMakeFiles/cmTryCompileExec1372048005.dir/src.cxx.o
/usr/bin/c++    -std=gnu++0x  -fPIC -Wall -pedantic -Wunused -Wsign-compare -Wtype-limits -Wuninitialized -Wno-deprecated -Wstrict-aliasing -DHAVE_FLAG_-Wpointer-arith   -Wpointer-arith -o CMakeFiles/cmTryCompileExec1372048005.dir/src.cxx.o -c /home/travis/build/vdun/stoke/stoke/stp/build/CMakeFiles/CMakeTmp/src.cxx
<command-line>:0:11: warning: ISO C99 requires whitespace after the macro name [enabled by default]
Linking CXX executable cmTryCompileExec1372048005
/usr/bin/cmake -E cmake_link_script CMakeFiles/cmTryCompileExec1372048005.dir/link.txt --verbose=1
/usr/bin/c++   -std=gnu++0x  -fPIC -Wall -pedantic -Wunused -Wsign-compare -Wtype-limits -Wuninitialized -Wno-deprecated -Wstrict-aliasing -DHAVE_FLAG_-Wpointer-arith    CMakeFiles/cmTryCompileExec1372048005.dir/src.cxx.o  -o cmTryCompileExec1372048005 -rdynamic 
make[1]: Leaving directory `/home/travis/build/vdun/stoke/stoke/stp/build/CMakeFiles/CMakeTmp'

Source file was:
int main() { return 0;}
Performing C++ SOURCE FILE Test HAVE_HASH_SET_STD succeded with the following output:
Change Dir: /home/travis/build/vdun/stoke/stoke/stp/build/CMakeFiles/CMakeTmp

Run Build Command:/usr/bin/make "cmTryCompileExec3086218148/fast"
/usr/bin/make -f CMakeFiles/cmTryCompileExec3086218148.dir/build.make CMakeFiles/cmTryCompileExec3086218148.dir/build
make[1]: Entering directory `/home/travis/build/vdun/stoke/stoke/stp/build/CMakeFiles/CMakeTmp'
/usr/bin/cmake -E cmake_progress_report /home/travis/build/vdun/stoke/stoke/stp/build/CMakeFiles/CMakeTmp/CMakeFiles 1
Building CXX object CMakeFiles/cmTryCompileExec3086218148.dir/src.cxx.o
/usr/bin/c++    -std=gnu++0x  -fPIC -Wall -pedantic -Wunused -Wsign-compare -Wtype-limits -Wuninitialized -Wno-deprecated -Wstrict-aliasing -Wpointer-arith -DHAVE_HASH_SET_STD   -o CMakeFiles/cmTryCompileExec3086218148.dir/src.cxx.o -c /home/travis/build/vdun/stoke/stoke/stp/build/CMakeFiles/CMakeTmp/src.cxx
Linking CXX executable cmTryCompileExec3086218148
/usr/bin/cmake -E cmake_link_script CMakeFiles/cmTryCompileExec3086218148.dir/link.txt --verbose=1
/usr/bin/c++   -std=gnu++0x  -fPIC -Wall -pedantic -Wunused -Wsign-compare -Wtype-limits -Wuninitialized -Wno-deprecated -Wstrict-aliasing -Wpointer-arith -DHAVE_HASH_SET_STD    CMakeFiles/cmTryCompileExec3086218148.dir/src.cxx.o  -o cmTryCompileExec3086218148 -rdynamic 
make[1]: Leaving directory `/home/travis/build/vdun/stoke/stoke/stp/build/CMakeFiles/CMakeTmp'

Source file was:

    #include <unordered_set>
    int main() {
      std::unordered_set<int> t;
    }
Performing C++ SOURCE FILE Test HAVE_HASH_MULTISET_STD succeded with the following output:
Change Dir: /home/travis/build/vdun/stoke/stoke/stp/build/CMakeFiles/CMakeTmp

Run Build Command:/usr/bin/make "cmTryCompileExec2493850867/fast"
/usr/bin/make -f CMakeFiles/cmTryCompileExec2493850867.dir/build.make CMakeFiles/cmTryCompileExec2493850867.dir/build
make[1]: Entering directory `/home/travis/build/vdun/stoke/stoke/stp/build/CMakeFiles/CMakeTmp'
/usr/bin/cmake -E cmake_progress_report /home/travis/build/vdun/stoke/stoke/stp/build/CMakeFiles/CMakeTmp/CMakeFiles 1
Building CXX object CMakeFiles/cmTryCompileExec2493850867.dir/src.cxx.o
/usr/bin/c++    -std=gnu++0x  -fPIC -Wall -pedantic -Wunused -Wsign-compare -Wtype-limits -Wuninitialized -Wno-deprecated -Wstrict-aliasing -Wpointer-arith -DHAVE_HASH_MULTISET_STD   -o CMakeFiles/cmTryCompileExec2493850867.dir/src.cxx.o -c /home/travis/build/vdun/stoke/stoke/stp/build/CMakeFiles/CMakeTmp/src.cxx
Linking CXX executable cmTryCompileExec2493850867
/usr/bin/cmake -E cmake_link_script CMakeFiles/cmTryCompileExec2493850867.dir/link.txt --verbose=1
/usr/bin/c++   -std=gnu++0x  -fPIC -Wall -pedantic -Wunused -Wsign-compare -Wtype-limits -Wuninitialized -Wno-deprecated -Wstrict-aliasing -Wpointer-arith -DHAVE_HASH_MULTISET_STD    CMakeFiles/cmTryCompileExec2493850867.dir/src.cxx.o  -o cmTryCompileExec2493850867 -rdynamic 
make[1]: Leaving directory `/home/travis/build/vdun/stoke/stoke/stp/build/CMakeFiles/CMakeTmp'

Source file was:

    #include <unordered_set>
    int main() {
      std::unordered_multiset<int> t;
    }
Performing C++ SOURCE FILE Test HAVE_HASH_MAP_STD succeded with the following output:
Change Dir: /home/travis/build/vdun/stoke/stoke/stp/build/CMakeFiles/CMakeTmp

Run Build Command:/usr/bin/make "cmTryCompileExec452510608/fast"
/usr/bin/make -f CMakeFiles/cmTryCompileExec452510608.dir/build.make CMakeFiles/cmTryCompileExec452510608.dir/build
make[1]: Entering directory `/home/travis/build/vdun/stoke/stoke/stp/build/CMakeFiles/CMakeTmp'
/usr/bin/cmake -E cmake_progress_report /home/travis/build/vdun/stoke/stoke/stp/build/CMakeFiles/CMakeTmp/CMakeFiles 1
Building CXX object CMakeFiles/cmTryCompileExec452510608.dir/src.cxx.o
/usr/bin/c++    -std=gnu++0x  -fPIC -Wall -pedantic -Wunused -Wsign-compare -Wtype-limits -Wuninitialized -Wno-deprecated -Wstrict-aliasing -Wpointer-arith -DHAVE_HASH_MAP_STD   -o CMakeFiles/cmTryCompileExec452510608.dir/src.cxx.o -c /home/travis/build/vdun/stoke/stoke/stp/build/CMakeFiles/CMakeTmp/src.cxx
Linking CXX executable cmTryCompileExec452510608
/usr/bin/cmake -E cmake_link_script CMakeFiles/cmTryCompileExec452510608.dir/link.txt --verbose=1
/usr/bin/c++   -std=gnu++0x  -fPIC -Wall -pedantic -Wunused -Wsign-compare -Wtype-limits -Wuninitialized -Wno-deprecated -Wstrict-aliasing -Wpointer-arith -DHAVE_HASH_MAP_STD    CMakeFiles/cmTryCompileExec452510608.dir/src.cxx.o  -o cmTryCompileExec452510608 -rdynamic 
make[1]: Leaving directory `/home/travis/build/vdun/stoke/stoke/stp/build/CMakeFiles/CMakeTmp'

Source file was:

    #include <unordered_map>
    int main() {
      std::unordered_map<int, int> t;
    }
Performing C SOURCE FILE Test HAVE_C_FLAG_-fPIC succeded with the following output:
Change Dir: /home/travis/build/vdun/stoke/stoke/stp/build/CMakeFiles/CMakeTmp

Run Build Command:/usr/bin/make "cmTryCompileExec573189955/fast"
/usr/bin/make -f CMakeFiles/cmTryCompileExec573189955.dir/build.make CMakeFiles/cmTryCompileExec573189955.dir/build
make[1]: Entering directory `/home/travis/build/vdun/stoke/stoke/stp/build/CMakeFiles/CMakeTmp'
/usr/bin/cmake -E cmake_progress_report /home/travis/build/vdun/stoke/stoke/stp/build/CMakeFiles/CMakeTmp/CMakeFiles 1
Building C object CMakeFiles/cmTryCompileExec573189955.dir/src.c.o
/usr/bin/cc   -DHAVE_C_FLAG_-fPIC   -fPIC -o CMakeFiles/cmTryCompileExec573189955.dir/src.c.o   -c /home/travis/build/vdun/stoke/stoke/stp/build/CMakeFiles/CMakeTmp/src.c
<command-line>:0:13: warning: missing whitespace after the macro name [enabled by default]
Linking C executable cmTryCompileExec573189955
/usr/bin/cmake -E cmake_link_script CMakeFiles/cmTryCompileExec573189955.dir/link.txt --verbose=1
/usr/bin/cc   -DHAVE_C_FLAG_-fPIC    CMakeFiles/cmTryCompileExec573189955.dir/src.c.o  -o cmTryCompileExec573189955 -rdynamic 
make[1]: Leaving directory `/home/travis/build/vdun/stoke/stoke/stp/build/CMakeFiles/CMakeTmp'

Source file was:
int main(void) { return 0; }
