This file contains any messages produced by compilers while
running configure, to aid debugging if configure makes a mistake.

It was created by configure, which was
generated by GNU Autoconf 2.52.  Invocation command line was

  $ ./configure --cache-file=/dev/null --srcdir=.

## ---------- ##
## Platform.  ##
## ---------- ##

hostname = box1042
uname -m = i686
uname -r = 3.13.0-83-generic
uname -s = Linux
uname -v = #127-Ubuntu SMP Fri Mar 11 00:25:37 UTC 2016

/usr/bin/uname -p = unknown
/bin/uname -X     = unknown

/bin/arch              = unknown
/usr/bin/arch -k       = unknown
/usr/convex/getsysinfo = unknown
hostinfo               = unknown
/bin/machine           = unknown
/usr/bin/oslevel       = unknown
/bin/universe          = unknown

PATH = /usr/local/sbin:/usr/local/bin:/usr/sbin:/usr/bin:/sbin:/bin

## ------------ ##
## Core tests.  ##
## ------------ ##

configure:957: PATH=".;."; conftest.sh
./configure: 958: ./configure: conftest.sh: not found
configure:960: $? = 127
configure:1007: checking for a BSD compatible install
configure:1056: result: /usr/bin/install -c
configure:1067: checking whether build environment is sane
configure:1110: result: yes
configure:1125: checking whether make sets ${MAKE}
configure:1145: result: yes
configure:1173: checking for working aclocal-1.4
configure:1184: result: missing
configure:1188: checking for working autoconf
configure:1195: result: found
configure:1203: checking for working automake-1.4
configure:1214: result: missing
configure:1218: checking for working autoheader
configure:1225: result: found
configure:1233: checking for working makeinfo
configure:1244: result: missing
configure:1252: checking for builtin ELF support
configure:1271: result: NO
configure:1276: checking for ELF core file support
configure:1295: result: yes
configure:1303: checking for file formats in man section 5
configure:1320: result: no
configure:1377: checking for gcc
configure:1392: found /usr/bin/gcc
configure:1400: result: gcc
configure:1628: checking for C compiler version
configure:1631: gcc --version </dev/null >&5
gcc (Ubuntu 4.8.4-2ubuntu1~14.04.1) 4.8.4
Copyright (C) 2013 Free Software Foundation, Inc.
This is free software; see the source for copying conditions.  There is NO
warranty; not even for MERCHANTABILITY or FITNESS FOR A PARTICULAR PURPOSE.

configure:1634: $? = 0
configure:1636: gcc -v </dev/null >&5
Using built-in specs.
COLLECT_GCC=gcc
COLLECT_LTO_WRAPPER=/usr/lib/gcc/x86_64-linux-gnu/4.8/lto-wrapper
Target: x86_64-linux-gnu
Configured with: ../src/configure -v --with-pkgversion='Ubuntu 4.8.4-2ubuntu1~14.04.1' --with-bugurl=file:///usr/share/doc/gcc-4.8/README.Bugs --enable-languages=c,c++,java,go,d,fortran,objc,obj-c++ --prefix=/usr --program-suffix=-4.8 --enable-shared --enable-linker-build-id --libexecdir=/usr/lib --without-included-gettext --enable-threads=posix --with-gxx-include-dir=/usr/include/c++/4.8 --libdir=/usr/lib --enable-nls --with-sysroot=/ --enable-clocale=gnu --enable-libstdcxx-debug --enable-libstdcxx-time=yes --enable-gnu-unique-object --disable-libmudflap --enable-plugin --with-system-zlib --disable-browser-plugin --enable-java-awt=gtk --enable-gtk-cairo --with-java-home=/usr/lib/jvm/java-1.5.0-gcj-4.8-amd64/jre --enable-java-home --with-jvm-root-dir=/usr/lib/jvm/java-1.5.0-gcj-4.8-amd64 --with-jvm-jar-dir=/usr/lib/jvm-exports/java-1.5.0-gcj-4.8-amd64 --with-arch-directory=amd64 --with-ecj-jar=/usr/share/java/eclipse-ecj.jar --enable-objc-gc --enable-multiarch --disable-werror --with-arch-32=i686 --with-abi=m64 --with-multilib-list=m32,m64,mx32 --with-tune=generic --enable-checking=release --build=x86_64-linux-gnu --host=x86_64-linux-gnu --target=x86_64-linux-gnu
Thread model: posix
gcc version 4.8.4 (Ubuntu 4.8.4-2ubuntu1~14.04.1) 
configure:1639: $? = 0
configure:1641: gcc -V </dev/null >&5
gcc: error: unrecognized command line option '-V'
gcc: fatal error: no input files
compilation terminated.
configure:1644: $? = 4
configure:1664: checking for C compiler default output
configure:1667: gcc    conftest.c  >&5
configure:1670: $? = 0
configure:1699: result: a.out
configure:1704: checking whether the C compiler works
configure:1710: ./a.out
configure:1713: $? = 0
configure:1728: result: yes
configure:1735: checking whether we are cross compiling
configure:1737: result: no
configure:1740: checking for executable suffix
configure:1742: gcc -o conftest    conftest.c  >&5
configure:1745: $? = 0
configure:1767: result: 
configure:1773: checking for object suffix
configure:1791: gcc -c   conftest.c >&5
configure:1794: $? = 0
configure:1813: result: o
configure:1817: checking whether we are using the GNU C compiler
configure:1838: gcc -c   conftest.c >&5
configure:1841: $? = 0
configure:1844: test -s conftest.o
configure:1847: $? = 0
configure:1859: result: yes
configure:1865: checking whether gcc accepts -g
configure:1883: gcc -c -g  conftest.c >&5
configure:1886: $? = 0
configure:1889: test -s conftest.o
configure:1892: $? = 0
configure:1902: result: yes
configure:1929: gcc -c -g -O2  conftest.c >&5
conftest.c:2:3: error: unknown type name 'choke'
   choke me
   ^
conftest.c:2:3: error: expected '=', ',', ';', 'asm' or '__attribute__' at end of input
configure:1932: $? = 1
configure: failed program was:
#ifndef __cplusplus
  choke me
#endif
configure:2042: checking for a BSD compatible install
configure:2091: result: /usr/bin/install -c
configure:2102: checking whether ln -s works
configure:2106: result: yes
configure:2151: checking for ranlib
configure:2166: found /usr/bin/ranlib
configure:2175: result: ranlib
configure:2192: checking how to run the C preprocessor
configure:2218: gcc -E  conftest.c
configure:2224: $? = 0
configure:2251: gcc -E  conftest.c
configure:2248:28: fatal error: ac_nonexistent.h: No such file or directory
 #include "confdefs.h"
                            ^
compilation terminated.
configure:2257: $? = 1
configure: failed program was:
#line 2247 "configure"
#include "confdefs.h"
#include <ac_nonexistent.h>
configure:2294: result: gcc -E
configure:2309: gcc -E  conftest.c
configure:2315: $? = 0
configure:2342: gcc -E  conftest.c
configure:2339:28: fatal error: ac_nonexistent.h: No such file or directory
 #include "confdefs.h"
                            ^
compilation terminated.
configure:2348: $? = 1
configure: failed program was:
#line 2338 "configure"
#include "confdefs.h"
#include <ac_nonexistent.h>
configure:2387: checking for ANSI C header files
configure:2401: gcc -E  conftest.c
configure:2407: $? = 0
configure:2494: gcc -o conftest -g -O2   conftest.c  >&5
configure: In function 'main':
configure:2486:7: warning: incompatible implicit declaration of built-in function 'exit' [enabled by default]
   for (i = 0; i < 256; i++)
       ^
configure:2497: $? = 0
configure:2499: ./conftest
configure:2502: $? = 0
configure:2515: result: yes
configure:2525: checking whether sys/types.h defines makedev
configure:2544: gcc -o conftest -g -O2   conftest.c  >&5
configure:2547: $? = 0
configure:2550: test -s conftest
configure:2553: $? = 0
configure:2564: result: yes
configure:2662: checking for sys/wait.h that is POSIX.1 compatible
configure:2690: gcc -c -g -O2  conftest.c >&5
configure:2693: $? = 0
configure:2696: test -s conftest.o
configure:2699: $? = 0
configure:2709: result: yes
configure:2722: checking for unistd.h
configure:2732: gcc -E  conftest.c
configure:2738: $? = 0
configure:2757: result: yes
configure:2770: checking for locale.h
configure:2780: gcc -E  conftest.c
configure:2786: $? = 0
configure:2805: result: yes
configure:2818: checking for sys/mman.h
configure:2828: gcc -E  conftest.c
configure:2834: $? = 0
configure:2853: result: yes
configure:2863: checking for gcc option to accept ANSI C
configure:2920: gcc  -c -g -O2  conftest.c >&5
configure:2923: $? = 0
configure:2926: test -s conftest.o
configure:2929: $? = 0
configure:2946: result: none needed
configure:2954: checking for an ANSI C-conforming const
configure:3018: gcc -c -g -O2  conftest.c >&5
configure:3021: $? = 0
configure:3024: test -s conftest.o
configure:3027: $? = 0
configure:3037: result: yes
configure:3053: checking for sys/types.h
configure:3065: gcc -c -g -O2  conftest.c >&5
configure:3068: $? = 0
configure:3071: test -s conftest.o
configure:3074: $? = 0
configure:3084: result: yes
configure:3053: checking for sys/stat.h
configure:3065: gcc -c -g -O2  conftest.c >&5
configure:3068: $? = 0
configure:3071: test -s conftest.o
configure:3074: $? = 0
configure:3084: result: yes
configure:3053: checking for stdlib.h
configure:3065: gcc -c -g -O2  conftest.c >&5
configure:3068: $? = 0
configure:3071: test -s conftest.o
configure:3074: $? = 0
configure:3084: result: yes
configure:3053: checking for string.h
configure:3065: gcc -c -g -O2  conftest.c >&5
configure:3068: $? = 0
configure:3071: test -s conftest.o
configure:3074: $? = 0
configure:3084: result: yes
configure:3053: checking for memory.h
configure:3065: gcc -c -g -O2  conftest.c >&5
configure:3068: $? = 0
configure:3071: test -s conftest.o
configure:3074: $? = 0
configure:3084: result: yes
configure:3053: checking for strings.h
configure:3065: gcc -c -g -O2  conftest.c >&5
configure:3068: $? = 0
configure:3071: test -s conftest.o
configure:3074: $? = 0
configure:3084: result: yes
configure:3053: checking for inttypes.h
configure:3065: gcc -c -g -O2  conftest.c >&5
configure:3068: $? = 0
configure:3071: test -s conftest.o
configure:3074: $? = 0
configure:3084: result: yes
configure:3053: checking for stdint.h
configure:3065: gcc -c -g -O2  conftest.c >&5
configure:3068: $? = 0
configure:3071: test -s conftest.o
configure:3074: $? = 0
configure:3084: result: yes
configure:3053: checking for unistd.h
configure:3084: result: yes
configure:3094: checking for off_t
configure:3115: gcc -c -g -O2  conftest.c >&5
configure:3118: $? = 0
configure:3121: test -s conftest.o
configure:3124: $? = 0
configure:3134: result: yes
configure:3146: checking for size_t
configure:3167: gcc -c -g -O2  conftest.c >&5
configure:3170: $? = 0
configure:3173: test -s conftest.o
configure:3176: $? = 0
configure:3186: result: yes
configure:3198: checking for struct stat.st_rdev
configure:3218: gcc -c -g -O2  conftest.c >&5
configure:3221: $? = 0
configure:3224: test -s conftest.o
configure:3227: $? = 0
configure:3237: result: yes
configure:3251: checking whether struct tm is in sys/time.h or time.h
configure:3271: gcc -c -g -O2  conftest.c >&5
configure:3274: $? = 0
configure:3277: test -s conftest.o
configure:3280: $? = 0
configure:3290: result: time.h
configure:3300: checking for tm_zone in struct tm
configure:3319: gcc -c -g -O2  conftest.c >&5
configure:3322: $? = 0
configure:3325: test -s conftest.o
configure:3328: $? = 0
configure:3338: result: yes
configure:3347: checking for tzname
configure:3368: gcc -o conftest -g -O2   conftest.c  >&5
configure:3371: $? = 0
configure:3374: test -s conftest
configure:3377: $? = 0
configure:3387: result: yes
configure:3397: checking for tm_isdst in struct tm
configure:3416: gcc -c -g -O2  conftest.c >&5
configure:3419: $? = 0
configure:3422: test -s conftest.o
configure:3425: $? = 0
configure:3435: result: yes
configure:3443: checking for daylight
configure:3464: gcc -o conftest -g -O2   conftest.c  >&5
configure:3467: $? = 0
configure:3470: test -s conftest
configure:3473: $? = 0
configure:3483: result: yes
configure:3492: checking for uint8_t
configure:3513: gcc -c -g -O2  conftest.c >&5
configure:3516: $? = 0
configure:3519: test -s conftest.o
configure:3522: $? = 0
configure:3532: result: yes
configure:3544: checking for uint16_t
configure:3565: gcc -c -g -O2  conftest.c >&5
configure:3568: $? = 0
configure:3571: test -s conftest.o
configure:3574: $? = 0
configure:3584: result: yes
configure:3596: checking for uint32_t
configure:3617: gcc -c -g -O2  conftest.c >&5
configure:3620: $? = 0
configure:3623: test -s conftest.o
configure:3626: $? = 0
configure:3636: result: yes
configure:3648: checking for long long
configure:3690: result: yes
configure:3704: checking for uint64_t
configure:3731: result: no
configure:3739: checking size of uint8_t
configure:3765: gcc -o conftest -g -O2   conftest.c  >&5
configure: In function 'main':
configure:3759:29: error: 'uint8_t' undeclared (first use in this function)
   if (!f) exit(1);
                             ^
configure:3759:29: note: each undeclared identifier is reported only once for each function it appears in
configure:3768: $? = 1
configure: program exited with status 1
configure: failed program was:
#line 3748 "configure"
#include "confdefs.h"
#include <sys/types.h>
#ifdef STDC_HEADERS
#include <stdlib.h>
#endif

#include <stdio.h>
main()
{
  FILE *f=fopen("conftestval", "w");
  if (!f) exit(1);
  fprintf(f, "%d\n", sizeof(uint8_t));
  exit(0);
}
configure:3785: result: 0
configure:3791: checking size of uint16_t
configure:3817: gcc -o conftest -g -O2   conftest.c  >&5
configure: In function 'main':
configure:3811:29: error: 'uint16_t' undeclared (first use in this function)
   if (!f) exit(1);
                             ^
configure:3811:29: note: each undeclared identifier is reported only once for each function it appears in
configure:3820: $? = 1
configure: program exited with status 1
configure: failed program was:
#line 3800 "configure"
#include "confdefs.h"
#include <sys/types.h>
#ifdef STDC_HEADERS
#include <stdlib.h>
#endif

#include <stdio.h>
main()
{
  FILE *f=fopen("conftestval", "w");
  if (!f) exit(1);
  fprintf(f, "%d\n", sizeof(uint16_t));
  exit(0);
}
configure:3837: result: 0
configure:3843: checking size of uint32_t
configure:3869: gcc -o conftest -g -O2   conftest.c  >&5
configure: In function 'main':
configure:3863:29: error: 'uint32_t' undeclared (first use in this function)
   if (!f) exit(1);
                             ^
configure:3863:29: note: each undeclared identifier is reported only once for each function it appears in
configure:3872: $? = 1
configure: program exited with status 1
configure: failed program was:
#line 3852 "configure"
#include "confdefs.h"
#include <sys/types.h>
#ifdef STDC_HEADERS
#include <stdlib.h>
#endif

#include <stdio.h>
main()
{
  FILE *f=fopen("conftestval", "w");
  if (!f) exit(1);
  fprintf(f, "%d\n", sizeof(uint32_t));
  exit(0);
}
configure:3889: result: 0
configure:3895: checking size of uint64_t
configure:3921: gcc -o conftest -g -O2   conftest.c  >&5
configure: In function 'main':
configure:3915:3: warning: format '%d' expects argument of type 'int', but argument 3 has type 'long unsigned int' [-Wformat=]
   if (!f) exit(1);
   ^
configure:3924: $? = 0
configure:3926: ./conftest
configure:3929: $? = 0
configure:3941: result: 8
configure:3950: checking for mmap
configure:3987: gcc -o conftest -g -O2   conftest.c  >&5
configure:3990: $? = 0
configure:3993: test -s conftest
configure:3996: $? = 0
configure:4006: result: yes
configure:3950: checking for strerror
configure:3987: gcc -o conftest -g -O2   conftest.c  >&5
configure:3990: $? = 0
configure:3993: test -s conftest
configure:3996: $? = 0
configure:4006: result: yes
configure:3950: checking for strtoul
configure:3987: gcc -o conftest -g -O2   conftest.c  >&5
configure:3990: $? = 0
configure:3993: test -s conftest
configure:3996: $? = 0
configure:4006: result: yes
configure:4096: creating ./config.status

## ----------------------- ##
## Running config.status.  ##
## ----------------------- ##

This file was extended by config.status 2.52, executed with
  CONFIG_FILES    = 
  CONFIG_HEADERS  = 
  CONFIG_LINKS    = 
  CONFIG_COMMANDS = 
  > ./config.status 
on box1042

config.status:4557: creating Makefile
config.status:4649: creating config.h

## ----------------- ##
## Cache variables.  ##
## ----------------- ##

ac_cv_c_compiler_gnu='yes'
ac_cv_c_const='yes'
ac_cv_c_long_long='yes'
ac_cv_env_CC_set=''
ac_cv_env_CC_value=''
ac_cv_env_CFLAGS_set=''
ac_cv_env_CFLAGS_value=''
ac_cv_env_CPPFLAGS_set=''
ac_cv_env_CPPFLAGS_value=''
ac_cv_env_CPP_set=''
ac_cv_env_CPP_value=''
ac_cv_env_LDFLAGS_set=''
ac_cv_env_LDFLAGS_value=''
ac_cv_env_build_alias_set=''
ac_cv_env_build_alias_value=''
ac_cv_env_host_alias_set=''
ac_cv_env_host_alias_value=''
ac_cv_env_target_alias_set=''
ac_cv_env_target_alias_value=''
ac_cv_func_mmap='yes'
ac_cv_func_strerror='yes'
ac_cv_func_strtoul='yes'
ac_cv_header_inttypes_h='yes'
ac_cv_header_locale_h='yes'
ac_cv_header_memory_h='yes'
ac_cv_header_stdc='yes'
ac_cv_header_stdint_h='yes'
ac_cv_header_stdlib_h='yes'
ac_cv_header_string_h='yes'
ac_cv_header_strings_h='yes'
ac_cv_header_sys_mman_h='yes'
ac_cv_header_sys_stat_h='yes'
ac_cv_header_sys_types_h='yes'
ac_cv_header_sys_types_h_makedev='yes'
ac_cv_header_sys_wait_h='yes'
ac_cv_header_unistd_h='yes'
ac_cv_member_struct_stat_st_rdev='yes'
ac_cv_objext='o'
ac_cv_path_install='/usr/bin/install -c'
ac_cv_prog_CPP='gcc -E'
ac_cv_prog_ac_ct_CC='gcc'
ac_cv_prog_ac_ct_RANLIB='ranlib'
ac_cv_prog_cc_g='yes'
ac_cv_prog_cc_stdc=''
ac_cv_prog_make_make_set='yes'
ac_cv_sizeof_uint16_t='0'
ac_cv_sizeof_uint32_t='0'
ac_cv_sizeof_uint64_t='8'
ac_cv_sizeof_uint8_t='0'
ac_cv_struct_tm='time.h'
ac_cv_struct_tm_isdst='yes'
ac_cv_struct_tm_zone='yes'
ac_cv_type_off_t='yes'
ac_cv_type_size_t='yes'
ac_cv_type_uint16_t='yes'
ac_cv_type_uint32_t='yes'
ac_cv_type_uint64_t='no'
ac_cv_type_uint8_t='yes'
ac_cv_var_daylight='yes'
ac_cv_var_tzname='yes'

## ------------ ##
## confdefs.h.  ##
## ------------ ##

#define PACKAGE "file"
#define VERSION "3.37"
#define ELFCORE 1
#define STDC_HEADERS 1
#define HAVE_SYS_WAIT_H 1
#define HAVE_UNISTD_H 1
#define HAVE_LOCALE_H 1
#define HAVE_SYS_MMAN_H 1
#define HAVE_SYS_TYPES_H 1
#define HAVE_SYS_STAT_H 1
#define HAVE_STDLIB_H 1
#define HAVE_STRING_H 1
#define HAVE_MEMORY_H 1
#define HAVE_STRINGS_H 1
#define HAVE_INTTYPES_H 1
#define HAVE_STDINT_H 1
#define HAVE_UNISTD_H 1
#define HAVE_STRUCT_STAT_ST_RDEV 1
#define HAVE_ST_RDEV 1
#define HAVE_TM_ZONE 1
#define HAVE_TZNAME 1
#define HAVE_TM_ISDST 1
#define HAVE_DAYLIGHT 1
#define HAVE_LONG_LONG 1
#define uint64_t unsigned long long
#define SIZEOF_UINT8_T 0
#define SIZEOF_UINT16_T 0
#define SIZEOF_UINT32_T 0
#define SIZEOF_UINT64_T 8
#define HAVE_MMAP 1
#define HAVE_STRERROR 1
#define HAVE_STRTOUL 1


configure: exit 0
