This file contains any messages produced by compilers while
running configure, to aid debugging if configure makes a mistake.

It was created by OpenREIL configure 0.1, which was
generated by GNU Autoconf 2.69.  Invocation command line was

  $ ./configure 

## --------- ##
## Platform. ##
## --------- ##

hostname = box356
uname -m = x86_64
uname -r = 3.13.0-83-generic
uname -s = Linux
uname -v = #127-Ubuntu SMP Fri Mar 11 00:25:37 UTC 2016

/usr/bin/uname -p = unknown
/bin/uname -X     = unknown

/bin/arch              = unknown
/usr/bin/arch -k       = unknown
/usr/convex/getsysinfo = unknown
/usr/bin/hostinfo      = unknown
/bin/machine           = unknown
/usr/bin/oslevel       = unknown
/bin/universe          = unknown

PATH: /usr/local/sbin
PATH: /usr/local/bin
PATH: /usr/sbin
PATH: /usr/bin
PATH: /sbin
PATH: /bin


## ----------- ##
## Core tests. ##
## ----------- ##

configure:2319: checking for a BSD-compatible install
configure:2387: result: /usr/bin/install -c
configure:2398: checking whether build environment is sane
configure:2453: result: yes
configure:2604: checking for a thread-safe mkdir -p
configure:2643: result: /bin/mkdir -p
configure:2650: checking for gawk
configure:2666: found /usr/bin/gawk
configure:2677: result: gawk
configure:2688: checking whether make sets $(MAKE)
configure:2710: result: yes
configure:2739: checking whether make supports nested variables
configure:2756: result: yes
configure:2941: checking for g++
configure:2957: found /usr/bin/g++
configure:2968: result: g++
configure:2995: checking for C++ compiler version
configure:3004: g++ --version >&5
g++ (Ubuntu 4.8.4-2ubuntu1~14.04.1) 4.8.4
Copyright (C) 2013 Free Software Foundation, Inc.
This is free software; see the source for copying conditions.  There is NO
warranty; not even for MERCHANTABILITY or FITNESS FOR A PARTICULAR PURPOSE.

configure:3015: $? = 0
configure:3004: g++ -v >&5
Using built-in specs.
COLLECT_GCC=g++
COLLECT_LTO_WRAPPER=/usr/lib/gcc/x86_64-linux-gnu/4.8/lto-wrapper
Target: x86_64-linux-gnu
Configured with: ../src/configure -v --with-pkgversion='Ubuntu 4.8.4-2ubuntu1~14.04.1' --with-bugurl=file:///usr/share/doc/gcc-4.8/README.Bugs --enable-languages=c,c++,java,go,d,fortran,objc,obj-c++ --prefix=/usr --program-suffix=-4.8 --enable-shared --enable-linker-build-id --libexecdir=/usr/lib --without-included-gettext --enable-threads=posix --with-gxx-include-dir=/usr/include/c++/4.8 --libdir=/usr/lib --enable-nls --with-sysroot=/ --enable-clocale=gnu --enable-libstdcxx-debug --enable-libstdcxx-time=yes --enable-gnu-unique-object --disable-libmudflap --enable-plugin --with-system-zlib --disable-browser-plugin --enable-java-awt=gtk --enable-gtk-cairo --with-java-home=/usr/lib/jvm/java-1.5.0-gcj-4.8-amd64/jre --enable-java-home --with-jvm-root-dir=/usr/lib/jvm/java-1.5.0-gcj-4.8-amd64 --with-jvm-jar-dir=/usr/lib/jvm-exports/java-1.5.0-gcj-4.8-amd64 --with-arch-directory=amd64 --with-ecj-jar=/usr/share/java/eclipse-ecj.jar --enable-objc-gc --enable-multiarch --disable-werror --with-arch-32=i686 --with-abi=m64 --with-multilib-list=m32,m64,mx32 --with-tune=generic --enable-checking=release --build=x86_64-linux-gnu --host=x86_64-linux-gnu --target=x86_64-linux-gnu
Thread model: posix
gcc version 4.8.4 (Ubuntu 4.8.4-2ubuntu1~14.04.1) 
configure:3015: $? = 0
configure:3004: g++ -V >&5
g++: error: unrecognized command line option '-V'
g++: fatal error: no input files
compilation terminated.
configure:3015: $? = 4
configure:3004: g++ -qversion >&5
g++: error: unrecognized command line option '-qversion'
g++: fatal error: no input files
compilation terminated.
configure:3015: $? = 4
configure:3035: checking whether the C++ compiler works
configure:3057: g++    conftest.cpp  >&5
configure:3061: $? = 0
configure:3109: result: yes
configure:3112: checking for C++ compiler default output file name
configure:3114: result: a.out
configure:3120: checking for suffix of executables
configure:3127: g++ -o conftest    conftest.cpp  >&5
configure:3131: $? = 0
configure:3153: result: 
configure:3175: checking whether we are cross compiling
configure:3183: g++ -o conftest    conftest.cpp  >&5
configure:3187: $? = 0
configure:3194: ./conftest
configure:3198: $? = 0
configure:3213: result: no
configure:3218: checking for suffix of object files
configure:3240: g++ -c   conftest.cpp >&5
configure:3244: $? = 0
configure:3265: result: o
configure:3269: checking whether we are using the GNU C++ compiler
configure:3288: g++ -c   conftest.cpp >&5
configure:3288: $? = 0
configure:3297: result: yes
configure:3306: checking whether g++ accepts -g
configure:3326: g++ -c -g  conftest.cpp >&5
configure:3326: $? = 0
configure:3367: result: yes
configure:3401: checking for style of include used by make
configure:3429: result: GNU
configure:3455: checking dependency style of g++
configure:3566: result: gcc3
configure:3629: checking for gcc
configure:3645: found /usr/bin/gcc
configure:3656: result: gcc
configure:3885: checking for C compiler version
configure:3894: gcc --version >&5
gcc (Ubuntu 4.8.4-2ubuntu1~14.04.1) 4.8.4
Copyright (C) 2013 Free Software Foundation, Inc.
This is free software; see the source for copying conditions.  There is NO
warranty; not even for MERCHANTABILITY or FITNESS FOR A PARTICULAR PURPOSE.

configure:3905: $? = 0
configure:3894: gcc -v >&5
Using built-in specs.
COLLECT_GCC=gcc
COLLECT_LTO_WRAPPER=/usr/lib/gcc/x86_64-linux-gnu/4.8/lto-wrapper
Target: x86_64-linux-gnu
Configured with: ../src/configure -v --with-pkgversion='Ubuntu 4.8.4-2ubuntu1~14.04.1' --with-bugurl=file:///usr/share/doc/gcc-4.8/README.Bugs --enable-languages=c,c++,java,go,d,fortran,objc,obj-c++ --prefix=/usr --program-suffix=-4.8 --enable-shared --enable-linker-build-id --libexecdir=/usr/lib --without-included-gettext --enable-threads=posix --with-gxx-include-dir=/usr/include/c++/4.8 --libdir=/usr/lib --enable-nls --with-sysroot=/ --enable-clocale=gnu --enable-libstdcxx-debug --enable-libstdcxx-time=yes --enable-gnu-unique-object --disable-libmudflap --enable-plugin --with-system-zlib --disable-browser-plugin --enable-java-awt=gtk --enable-gtk-cairo --with-java-home=/usr/lib/jvm/java-1.5.0-gcj-4.8-amd64/jre --enable-java-home --with-jvm-root-dir=/usr/lib/jvm/java-1.5.0-gcj-4.8-amd64 --with-jvm-jar-dir=/usr/lib/jvm-exports/java-1.5.0-gcj-4.8-amd64 --with-arch-directory=amd64 --with-ecj-jar=/usr/share/java/eclipse-ecj.jar --enable-objc-gc --enable-multiarch --disable-werror --with-arch-32=i686 --with-abi=m64 --with-multilib-list=m32,m64,mx32 --with-tune=generic --enable-checking=release --build=x86_64-linux-gnu --host=x86_64-linux-gnu --target=x86_64-linux-gnu
Thread model: posix
gcc version 4.8.4 (Ubuntu 4.8.4-2ubuntu1~14.04.1) 
configure:3905: $? = 0
configure:3894: gcc -V >&5
gcc: error: unrecognized command line option '-V'
gcc: fatal error: no input files
compilation terminated.
configure:3905: $? = 4
configure:3894: gcc -qversion >&5
gcc: error: unrecognized command line option '-qversion'
gcc: fatal error: no input files
compilation terminated.
configure:3905: $? = 4
configure:3909: checking whether we are using the GNU C compiler
configure:3928: gcc -c   conftest.c >&5
configure:3928: $? = 0
configure:3937: result: yes
configure:3946: checking whether gcc accepts -g
configure:3966: gcc -c -g  conftest.c >&5
configure:3966: $? = 0
configure:4007: result: yes
configure:4024: checking for gcc option to accept ISO C89
configure:4087: gcc  -c -g -O2  conftest.c >&5
configure:4087: $? = 0
configure:4100: result: none needed
configure:4125: checking whether gcc understands -c and -o together
configure:4147: gcc -c conftest.c -o conftest2.o
configure:4150: $? = 0
configure:4147: gcc -c conftest.c -o conftest2.o
configure:4150: $? = 0
configure:4162: result: yes
configure:4181: checking dependency style of gcc
configure:4292: result: gcc3
configure:4307: checking whether make sets $(MAKE)
configure:4329: result: yes
configure:4381: checking for ranlib
configure:4397: found /usr/bin/ranlib
configure:4408: result: ranlib
configure:4443: checking for python
configure:4461: found /usr/bin/python
configure:4473: result: /usr/bin/python
configure:4494: checking for python version
configure:4501: result: 2.7
configure:4513: checking for python platform
configure:4520: result: linux2
configure:4546: checking for python script directory
configure:4581: result: ${prefix}/lib/python2.7/dist-packages
configure:4590: checking for python extension module directory
configure:4625: result: ${exec_prefix}/lib/python2.7/dist-packages
configure:4641: checking for cython
configure:4657: found /usr/bin/cython
configure:4668: result: yes
configure:4683: checking for Py_Initialize in -lpython2.7
configure:4708: gcc -o conftest -g -O2   conftest.c -lpython2.7   >&5
configure:4708: $? = 0
configure:4718: result: yes
configure:4797: checking how to run the C preprocessor
configure:4828: gcc -E  conftest.c
configure:4828: $? = 0
configure:4842: gcc -E  conftest.c
conftest.c:12:28: fatal error: ac_nonexistent.h: No such file or directory
 #include <ac_nonexistent.h>
                            ^
compilation terminated.
configure:4842: $? = 1
configure: failed program was:
| /* confdefs.h */
| #define PACKAGE_NAME "OpenREIL"
| #define PACKAGE_TARNAME "openreil"
| #define PACKAGE_VERSION "0.1"
| #define PACKAGE_STRING "OpenREIL 0.1"
| #define PACKAGE_BUGREPORT "cr4sh0@gmail.com"
| #define PACKAGE_URL ""
| #define PACKAGE "openreil"
| #define VERSION "0.1"
| #define HAVE_LIBPYTHON2_7 1
| /* end confdefs.h.  */
| #include <ac_nonexistent.h>
configure:4867: result: gcc -E
configure:4887: gcc -E  conftest.c
configure:4887: $? = 0
configure:4901: gcc -E  conftest.c
conftest.c:12:28: fatal error: ac_nonexistent.h: No such file or directory
 #include <ac_nonexistent.h>
                            ^
compilation terminated.
configure:4901: $? = 1
configure: failed program was:
| /* confdefs.h */
| #define PACKAGE_NAME "OpenREIL"
| #define PACKAGE_TARNAME "openreil"
| #define PACKAGE_VERSION "0.1"
| #define PACKAGE_STRING "OpenREIL 0.1"
| #define PACKAGE_BUGREPORT "cr4sh0@gmail.com"
| #define PACKAGE_URL ""
| #define PACKAGE "openreil"
| #define VERSION "0.1"
| #define HAVE_LIBPYTHON2_7 1
| /* end confdefs.h.  */
| #include <ac_nonexistent.h>
configure:4930: checking for grep that handles long lines and -e
configure:4988: result: /bin/grep
configure:4993: checking for egrep
configure:5055: result: /bin/grep -E
configure:5060: checking for ANSI C header files
configure:5080: gcc -c -g -O2 -DAMD64  conftest.c >&5
configure:5080: $? = 0
configure:5153: gcc -o conftest -g -O2 -DAMD64   conftest.c -lpython2.7  >&5
configure:5153: $? = 0
configure:5153: ./conftest
configure:5153: $? = 0
configure:5164: result: yes
configure:5177: checking for sys/types.h
configure:5177: gcc -c -g -O2 -DAMD64  conftest.c >&5
configure:5177: $? = 0
configure:5177: result: yes
configure:5177: checking for sys/stat.h
configure:5177: gcc -c -g -O2 -DAMD64  conftest.c >&5
configure:5177: $? = 0
configure:5177: result: yes
configure:5177: checking for stdlib.h
configure:5177: gcc -c -g -O2 -DAMD64  conftest.c >&5
configure:5177: $? = 0
configure:5177: result: yes
configure:5177: checking for string.h
configure:5177: gcc -c -g -O2 -DAMD64  conftest.c >&5
configure:5177: $? = 0
configure:5177: result: yes
configure:5177: checking for memory.h
configure:5177: gcc -c -g -O2 -DAMD64  conftest.c >&5
configure:5177: $? = 0
configure:5177: result: yes
configure:5177: checking for strings.h
configure:5177: gcc -c -g -O2 -DAMD64  conftest.c >&5
configure:5177: $? = 0
configure:5177: result: yes
configure:5177: checking for inttypes.h
configure:5177: gcc -c -g -O2 -DAMD64  conftest.c >&5
configure:5177: $? = 0
configure:5177: result: yes
configure:5177: checking for stdint.h
configure:5177: gcc -c -g -O2 -DAMD64  conftest.c >&5
configure:5177: $? = 0
configure:5177: result: yes
configure:5177: checking for unistd.h
configure:5177: gcc -c -g -O2 -DAMD64  conftest.c >&5
configure:5177: $? = 0
configure:5177: result: yes
configure:5192: checking fcntl.h usability
configure:5192: gcc -c -g -O2 -DAMD64  conftest.c >&5
configure:5192: $? = 0
configure:5192: result: yes
configure:5192: checking fcntl.h presence
configure:5192: gcc -E  conftest.c
configure:5192: $? = 0
configure:5192: result: yes
configure:5192: checking for fcntl.h
configure:5192: result: yes
configure:5192: checking for stdint.h
configure:5192: result: yes
configure:5192: checking for stdlib.h
configure:5192: result: yes
configure:5192: checking stdio.h usability
configure:5192: gcc -c -g -O2 -DAMD64  conftest.c >&5
configure:5192: $? = 0
configure:5192: result: yes
configure:5192: checking stdio.h presence
configure:5192: gcc -E  conftest.c
configure:5192: $? = 0
configure:5192: result: yes
configure:5192: checking for stdio.h
configure:5192: result: yes
configure:5192: checking for string.h
configure:5192: result: yes
configure:5192: checking for unistd.h
configure:5192: result: yes
configure:5206: checking for stdbool.h that conforms to C99
configure:5273: gcc -c -g -O2 -DAMD64  conftest.c >&5
configure:5273: $? = 0
configure:5280: result: yes
configure:5282: checking for _Bool
configure:5282: gcc -c -g -O2 -DAMD64  conftest.c >&5
configure:5282: $? = 0
configure:5282: gcc -c -g -O2 -DAMD64  conftest.c >&5
conftest.c: In function 'main':
conftest.c:64:20: error: expected expression before ')' token
 if (sizeof ((_Bool)))
                    ^
configure:5282: $? = 1
configure: failed program was:
| /* confdefs.h */
| #define PACKAGE_NAME "OpenREIL"
| #define PACKAGE_TARNAME "openreil"
| #define PACKAGE_VERSION "0.1"
| #define PACKAGE_STRING "OpenREIL 0.1"
| #define PACKAGE_BUGREPORT "cr4sh0@gmail.com"
| #define PACKAGE_URL ""
| #define PACKAGE "openreil"
| #define VERSION "0.1"
| #define HAVE_LIBPYTHON2_7 1
| #define STDC_HEADERS 1
| #define HAVE_SYS_TYPES_H 1
| #define HAVE_SYS_STAT_H 1
| #define HAVE_STDLIB_H 1
| #define HAVE_STRING_H 1
| #define HAVE_MEMORY_H 1
| #define HAVE_STRINGS_H 1
| #define HAVE_INTTYPES_H 1
| #define HAVE_STDINT_H 1
| #define HAVE_UNISTD_H 1
| #define HAVE_FCNTL_H 1
| #define HAVE_STDINT_H 1
| #define HAVE_STDLIB_H 1
| #define HAVE_STDIO_H 1
| #define HAVE_STRING_H 1
| #define HAVE_UNISTD_H 1
| /* end confdefs.h.  */
| #include <stdio.h>
| #ifdef HAVE_SYS_TYPES_H
| # include <sys/types.h>
| #endif
| #ifdef HAVE_SYS_STAT_H
| # include <sys/stat.h>
| #endif
| #ifdef STDC_HEADERS
| # include <stdlib.h>
| # include <stddef.h>
| #else
| # ifdef HAVE_STDLIB_H
| #  include <stdlib.h>
| # endif
| #endif
| #ifdef HAVE_STRING_H
| # if !defined STDC_HEADERS && defined HAVE_MEMORY_H
| #  include <memory.h>
| # endif
| # include <string.h>
| #endif
| #ifdef HAVE_STRINGS_H
| # include <strings.h>
| #endif
| #ifdef HAVE_INTTYPES_H
| # include <inttypes.h>
| #endif
| #ifdef HAVE_STDINT_H
| # include <stdint.h>
| #endif
| #ifdef HAVE_UNISTD_H
| # include <unistd.h>
| #endif
| int
| main ()
| {
| if (sizeof ((_Bool)))
| 	    return 0;
|   ;
|   return 0;
| }
configure:5282: result: yes
configure:5299: checking for an ANSI C-conforming const
configure:5365: gcc -c -g -O2 -DAMD64  conftest.c >&5
configure:5365: $? = 0
configure:5372: result: yes
configure:5380: checking for size_t
configure:5380: gcc -c -g -O2 -DAMD64  conftest.c >&5
configure:5380: $? = 0
configure:5380: gcc -c -g -O2 -DAMD64  conftest.c >&5
conftest.c: In function 'main':
conftest.c:66:21: error: expected expression before ')' token
 if (sizeof ((size_t)))
                     ^
configure:5380: $? = 1
configure: failed program was:
| /* confdefs.h */
| #define PACKAGE_NAME "OpenREIL"
| #define PACKAGE_TARNAME "openreil"
| #define PACKAGE_VERSION "0.1"
| #define PACKAGE_STRING "OpenREIL 0.1"
| #define PACKAGE_BUGREPORT "cr4sh0@gmail.com"
| #define PACKAGE_URL ""
| #define PACKAGE "openreil"
| #define VERSION "0.1"
| #define HAVE_LIBPYTHON2_7 1
| #define STDC_HEADERS 1
| #define HAVE_SYS_TYPES_H 1
| #define HAVE_SYS_STAT_H 1
| #define HAVE_STDLIB_H 1
| #define HAVE_STRING_H 1
| #define HAVE_MEMORY_H 1
| #define HAVE_STRINGS_H 1
| #define HAVE_INTTYPES_H 1
| #define HAVE_STDINT_H 1
| #define HAVE_UNISTD_H 1
| #define HAVE_FCNTL_H 1
| #define HAVE_STDINT_H 1
| #define HAVE_STDLIB_H 1
| #define HAVE_STDIO_H 1
| #define HAVE_STRING_H 1
| #define HAVE_UNISTD_H 1
| #define HAVE__BOOL 1
| #define HAVE_STDBOOL_H 1
| /* end confdefs.h.  */
| #include <stdio.h>
| #ifdef HAVE_SYS_TYPES_H
| # include <sys/types.h>
| #endif
| #ifdef HAVE_SYS_STAT_H
| # include <sys/stat.h>
| #endif
| #ifdef STDC_HEADERS
| # include <stdlib.h>
| # include <stddef.h>
| #else
| # ifdef HAVE_STDLIB_H
| #  include <stdlib.h>
| # endif
| #endif
| #ifdef HAVE_STRING_H
| # if !defined STDC_HEADERS && defined HAVE_MEMORY_H
| #  include <memory.h>
| # endif
| # include <string.h>
| #endif
| #ifdef HAVE_STRINGS_H
| # include <strings.h>
| #endif
| #ifdef HAVE_INTTYPES_H
| # include <inttypes.h>
| #endif
| #ifdef HAVE_STDINT_H
| # include <stdint.h>
| #endif
| #ifdef HAVE_UNISTD_H
| # include <unistd.h>
| #endif
| int
| main ()
| {
| if (sizeof ((size_t)))
| 	    return 0;
|   ;
|   return 0;
| }
configure:5380: result: yes
configure:5400: checking for stdlib.h
configure:5400: result: yes
configure:5410: checking for GNU libc compatible malloc
configure:5434: gcc -o conftest -g -O2 -DAMD64   conftest.c -lpython2.7  >&5
configure:5434: $? = 0
configure:5434: ./conftest
configure:5434: $? = 0
configure:5444: result: yes
configure:5465: checking for working memcmp
configure:5508: gcc -o conftest -g -O2 -DAMD64   conftest.c -lpython2.7  >&5
configure:5508: $? = 0
configure:5508: ./conftest
configure:5508: $? = 0
configure:5518: result: yes
configure:5530: checking for bzero
configure:5530: gcc -o conftest -g -O2 -DAMD64   conftest.c -lpython2.7  >&5
conftest.c:56:6: warning: conflicting types for built-in function 'bzero' [enabled by default]
 char bzero ();
      ^
configure:5530: $? = 0
configure:5530: result: yes
configure:5530: checking for memset
configure:5530: gcc -o conftest -g -O2 -DAMD64   conftest.c -lpython2.7  >&5
conftest.c:57:6: warning: conflicting types for built-in function 'memset' [enabled by default]
 char memset ();
      ^
configure:5530: $? = 0
configure:5530: result: yes
configure:5530: checking for strstr
configure:5530: gcc -o conftest -g -O2 -DAMD64   conftest.c -lpython2.7  >&5
conftest.c:58:6: warning: conflicting types for built-in function 'strstr' [enabled by default]
 char strstr ();
      ^
configure:5530: $? = 0
configure:5530: result: yes
configure:5530: checking for strtoul
configure:5530: gcc -o conftest -g -O2 -DAMD64   conftest.c -lpython2.7  >&5
configure:5530: $? = 0
configure:5530: result: yes
configure:5652: checking that generated files are newer than configure
configure:5658: result: done
configure:5685: creating ./config.status

## ---------------------- ##
## Running config.status. ##
## ---------------------- ##

This file was extended by OpenREIL config.status 0.1, which was
generated by GNU Autoconf 2.69.  Invocation command line was

  CONFIG_FILES    = 
  CONFIG_HEADERS  = 
  CONFIG_LINKS    = 
  CONFIG_COMMANDS = 
  $ ./config.status 

on box356

config.status:902: creating Makefile
config.status:902: creating libasmir/Makefile
config.status:902: creating libasmir/src/Makefile
config.status:902: creating libopenreil/Makefile
config.status:902: creating libopenreil/src/Makefile
config.status:902: creating libopenreil/apps/Makefile
config.status:902: creating pyopenreil/Makefile
config.status:902: creating libasmir/config.h
config.status:1131: executing depfiles commands

## ---------------- ##
## Cache variables. ##
## ---------------- ##

ac_cv_c_compiler_gnu=yes
ac_cv_c_const=yes
ac_cv_cxx_compiler_gnu=yes
ac_cv_env_CCC_set=
ac_cv_env_CCC_value=
ac_cv_env_CC_set=
ac_cv_env_CC_value=
ac_cv_env_CFLAGS_set=
ac_cv_env_CFLAGS_value=
ac_cv_env_CPPFLAGS_set=
ac_cv_env_CPPFLAGS_value=
ac_cv_env_CPP_set=
ac_cv_env_CPP_value=
ac_cv_env_CXXFLAGS_set=
ac_cv_env_CXXFLAGS_value=
ac_cv_env_CXX_set=
ac_cv_env_CXX_value=
ac_cv_env_LDFLAGS_set=
ac_cv_env_LDFLAGS_value=
ac_cv_env_LIBS_set=
ac_cv_env_LIBS_value=
ac_cv_env_PYTHON_set=
ac_cv_env_PYTHON_value=
ac_cv_env_build_alias_set=
ac_cv_env_build_alias_value=
ac_cv_env_host_alias_set=
ac_cv_env_host_alias_value=
ac_cv_env_target_alias_set=
ac_cv_env_target_alias_value=
ac_cv_func_bzero=yes
ac_cv_func_malloc_0_nonnull=yes
ac_cv_func_memcmp_working=yes
ac_cv_func_memset=yes
ac_cv_func_strstr=yes
ac_cv_func_strtoul=yes
ac_cv_header_fcntl_h=yes
ac_cv_header_inttypes_h=yes
ac_cv_header_memory_h=yes
ac_cv_header_stdbool_h=yes
ac_cv_header_stdc=yes
ac_cv_header_stdint_h=yes
ac_cv_header_stdio_h=yes
ac_cv_header_stdlib_h=yes
ac_cv_header_string_h=yes
ac_cv_header_strings_h=yes
ac_cv_header_sys_stat_h=yes
ac_cv_header_sys_types_h=yes
ac_cv_header_unistd_h=yes
ac_cv_lib_python2_7___Py_Initialize=yes
ac_cv_objext=o
ac_cv_path_EGREP='/bin/grep -E'
ac_cv_path_GREP=/bin/grep
ac_cv_path_PYTHON=/usr/bin/python
ac_cv_path_install='/usr/bin/install -c'
ac_cv_path_mkdir=/bin/mkdir
ac_cv_prog_AWK=gawk
ac_cv_prog_CPP='gcc -E'
ac_cv_prog_CYTHON_FOUND=yes
ac_cv_prog_ac_ct_CC=gcc
ac_cv_prog_ac_ct_CXX=g++
ac_cv_prog_ac_ct_RANLIB=ranlib
ac_cv_prog_cc_c89=
ac_cv_prog_cc_g=yes
ac_cv_prog_cxx_g=yes
ac_cv_prog_make_make_set=yes
ac_cv_type__Bool=yes
ac_cv_type_size_t=yes
am_cv_CC_dependencies_compiler_type=gcc3
am_cv_CXX_dependencies_compiler_type=gcc3
am_cv_make_support_nested_variables=yes
am_cv_prog_cc_c_o=yes
am_cv_python_platform=linux2
am_cv_python_pyexecdir='${exec_prefix}/lib/python2.7/dist-packages'
am_cv_python_pythondir='${prefix}/lib/python2.7/dist-packages'
am_cv_python_version=2.7

## ----------------- ##
## Output variables. ##
## ----------------- ##

ACLOCAL='${SHELL} /tmp/openreil/missing aclocal-1.14'
AMDEPBACKSLASH='\'
AMDEP_FALSE='#'
AMDEP_TRUE=''
AMTAR='$${TAR-tar}'
AM_BACKSLASH='\'
AM_DEFAULT_V='$(AM_DEFAULT_VERBOSITY)'
AM_DEFAULT_VERBOSITY='1'
AM_V='$(V)'
ASMIR_DIR='/tmp/openreil/libasmir'
AUTOCONF='${SHELL} /tmp/openreil/missing autoconf'
AUTOHEADER='${SHELL} /tmp/openreil/missing autoheader'
AUTOMAKE='${SHELL} /tmp/openreil/missing automake-1.14'
AWK='gawk'
BAP_DIR='/tmp/openreil'
CAPSTONE_DIR='/tmp/openreil/capstone/capstone'
CC='gcc'
CCDEPMODE='depmode=gcc3'
CFLAGS='-g -O2 -DAMD64'
CPP='gcc -E'
CPPFLAGS=''
CXX='g++'
CXXDEPMODE='depmode=gcc3'
CXXFLAGS='-g -O2'
CYGPATH_W='echo'
CYTHON_FOUND='yes'
DEFS='-DHAVE_CONFIG_H'
DEPDIR='.deps'
DISASM_INC='${CAPSTONE_DIR}/include'
DISASM_NAME='capstone'
ECHO_C=''
ECHO_N='-n'
ECHO_T=''
EGREP='/bin/grep -E'
EXEEXT=''
GREP='/bin/grep'
INCDIRS=''
INSTALL_DATA='${INSTALL} -m 644'
INSTALL_PROGRAM='${INSTALL}'
INSTALL_SCRIPT='${INSTALL}'
INSTALL_STRIP_PROGRAM='$(install_sh) -c -s'
LDFLAGS=''
LIBOBJS=''
LIBS='-lpython2.7 '
LIB_EXT='a'
LTLIBOBJS=''
MAKEINFO='${SHELL} /tmp/openreil/missing makeinfo'
MKDIR_P='/bin/mkdir -p'
OBJEXT='o'
OPENREIL_DIR='/tmp/openreil/libopenreil'
PACKAGE='openreil'
PACKAGE_BUGREPORT='cr4sh0@gmail.com'
PACKAGE_NAME='OpenREIL'
PACKAGE_STRING='OpenREIL 0.1'
PACKAGE_TARNAME='openreil'
PACKAGE_URL=''
PACKAGE_VERSION='0.1'
PATH_SEPARATOR=':'
PYOPENREIL_DIR='/tmp/openreil/pyopenreil'
PYTHON='/usr/bin/python'
PYTHON_EXEC_PREFIX='${exec_prefix}'
PYTHON_PLATFORM='linux2'
PYTHON_PREFIX='${prefix}'
PYTHON_VERSION='2.7'
RANLIB='ranlib'
SET_MAKE=''
SHELL='/bin/bash'
STRIP=''
VERSION='0.1'
VEX_DIR='/tmp/openreil/VEX'
XED_DIR='/tmp/openreil/xed2-ia32'
ac_ct_CC='gcc'
ac_ct_CXX='g++'
am__EXEEXT_FALSE=''
am__EXEEXT_TRUE='#'
am__fastdepCC_FALSE='#'
am__fastdepCC_TRUE=''
am__fastdepCXX_FALSE='#'
am__fastdepCXX_TRUE=''
am__include='include'
am__isrc=''
am__leading_dot='.'
am__nodep='_no'
am__quote=''
am__tar='$${TAR-tar} chof - "$$tardir"'
am__untar='$${TAR-tar} xf -'
bindir='${exec_prefix}/bin'
build_alias=''
datadir='${datarootdir}'
datarootdir='${prefix}/share'
docdir='${datarootdir}/doc/${PACKAGE_TARNAME}'
dvidir='${docdir}'
exec_prefix='${prefix}'
host_alias=''
htmldir='${docdir}'
includedir='${prefix}/include'
infodir='${datarootdir}/info'
install_sh='${SHELL} /tmp/openreil/install-sh'
libdir='${exec_prefix}/lib'
libexecdir='${exec_prefix}/libexec'
localedir='${datarootdir}/locale'
localstatedir='${prefix}/var'
mandir='${datarootdir}/man'
mkdir_p='$(MKDIR_P)'
oldincludedir='/usr/include'
pdfdir='${docdir}'
pkgpyexecdir='${pyexecdir}/openreil'
pkgpythondir='${pythondir}/openreil'
prefix='/usr/local'
program_transform_name='s,x,x,'
psdir='${docdir}'
pyexecdir='${exec_prefix}/lib/python2.7/dist-packages'
pythondir='${prefix}/lib/python2.7/dist-packages'
sbindir='${exec_prefix}/sbin'
sharedstatedir='${prefix}/com'
sysconfdir='${prefix}/etc'
target_alias=''

## ----------- ##
## confdefs.h. ##
## ----------- ##

/* confdefs.h */
#define PACKAGE_NAME "OpenREIL"
#define PACKAGE_TARNAME "openreil"
#define PACKAGE_VERSION "0.1"
#define PACKAGE_STRING "OpenREIL 0.1"
#define PACKAGE_BUGREPORT "cr4sh0@gmail.com"
#define PACKAGE_URL ""
#define PACKAGE "openreil"
#define VERSION "0.1"
#define HAVE_LIBPYTHON2_7 1
#define STDC_HEADERS 1
#define HAVE_SYS_TYPES_H 1
#define HAVE_SYS_STAT_H 1
#define HAVE_STDLIB_H 1
#define HAVE_STRING_H 1
#define HAVE_MEMORY_H 1
#define HAVE_STRINGS_H 1
#define HAVE_INTTYPES_H 1
#define HAVE_STDINT_H 1
#define HAVE_UNISTD_H 1
#define HAVE_FCNTL_H 1
#define HAVE_STDINT_H 1
#define HAVE_STDLIB_H 1
#define HAVE_STDIO_H 1
#define HAVE_STRING_H 1
#define HAVE_UNISTD_H 1
#define HAVE__BOOL 1
#define HAVE_STDBOOL_H 1
#define VEX_VERSION 2201
#define HAVE_STDLIB_H 1
#define HAVE_MALLOC 1
#define HAVE_BZERO 1
#define HAVE_MEMSET 1
#define HAVE_STRSTR 1
#define HAVE_STRTOUL 1

configure: exit 0
