Determining if the pthread_create exist failed with the following output:
Change Dir: /tmp/codereason/libs/pe-parse/CMakeFiles/CMakeTmp

Run Build Command:/usr/bin/make "cmTryCompileExec2467816306/fast"
/usr/bin/make -f CMakeFiles/cmTryCompileExec2467816306.dir/build.make CMakeFiles/cmTryCompileExec2467816306.dir/build
make[1]: Entering directory `/tmp/codereason/libs/pe-parse/CMakeFiles/CMakeTmp'
/usr/bin/cmake -E cmake_progress_report /tmp/codereason/libs/pe-parse/CMakeFiles/CMakeTmp/CMakeFiles 1
Building C object CMakeFiles/cmTryCompileExec2467816306.dir/CheckSymbolExists.c.o
/usr/bin/gcc    -o CMakeFiles/cmTryCompileExec2467816306.dir/CheckSymbolExists.c.o   -c /tmp/codereason/libs/pe-parse/CMakeFiles/CMakeTmp/CheckSymbolExists.c
Linking C executable cmTryCompileExec2467816306
/usr/bin/cmake -E cmake_link_script CMakeFiles/cmTryCompileExec2467816306.dir/link.txt --verbose=1
/usr/bin/gcc       CMakeFiles/cmTryCompileExec2467816306.dir/CheckSymbolExists.c.o  -o cmTryCompileExec2467816306 -rdynamic 
CMakeFiles/cmTryCompileExec2467816306.dir/CheckSymbolExists.c.o: In function `main':
CheckSymbolExists.c:(.text+0x16): undefined reference to `pthread_create'
collect2: error: ld returned 1 exit status
make[1]: *** [cmTryCompileExec2467816306] Error 1
make[1]: Leaving directory `/tmp/codereason/libs/pe-parse/CMakeFiles/CMakeTmp'
make: *** [cmTryCompileExec2467816306/fast] Error 2

File /tmp/codereason/libs/pe-parse/CMakeFiles/CMakeTmp/CheckSymbolExists.c:
/* */
#include <pthread.h>

int main(int argc, char** argv)
{
  (void)argv;
#ifndef pthread_create
  return ((int*)(&pthread_create))[argc];
#else
  (void)argc;
  return 0;
#endif
}

Determining if the function pthread_create exists in the pthreads failed with the following output:
Change Dir: /tmp/codereason/libs/pe-parse/CMakeFiles/CMakeTmp

Run Build Command:/usr/bin/make "cmTryCompileExec575558659/fast"
/usr/bin/make -f CMakeFiles/cmTryCompileExec575558659.dir/build.make CMakeFiles/cmTryCompileExec575558659.dir/build
make[1]: Entering directory `/tmp/codereason/libs/pe-parse/CMakeFiles/CMakeTmp'
/usr/bin/cmake -E cmake_progress_report /tmp/codereason/libs/pe-parse/CMakeFiles/CMakeTmp/CMakeFiles 1
Building C object CMakeFiles/cmTryCompileExec575558659.dir/CheckFunctionExists.c.o
/usr/bin/gcc   -DCHECK_FUNCTION_EXISTS=pthread_create   -o CMakeFiles/cmTryCompileExec575558659.dir/CheckFunctionExists.c.o   -c /usr/share/cmake-2.8/Modules/CheckFunctionExists.c
Linking C executable cmTryCompileExec575558659
/usr/bin/cmake -E cmake_link_script CMakeFiles/cmTryCompileExec575558659.dir/link.txt --verbose=1
/usr/bin/gcc   -DCHECK_FUNCTION_EXISTS=pthread_create    CMakeFiles/cmTryCompileExec575558659.dir/CheckFunctionExists.c.o  -o cmTryCompileExec575558659 -rdynamic -lpthreads 
/usr/bin/ld: cannot find -lpthreads
collect2: error: ld returned 1 exit status
make[1]: *** [cmTryCompileExec575558659] Error 1
make[1]: Leaving directory `/tmp/codereason/libs/pe-parse/CMakeFiles/CMakeTmp'
make: *** [cmTryCompileExec575558659/fast] Error 2


